
Showing logs for build [32mentando-k8s-entando-k8s-app-con-llqq6-1[0m stage [32mfrom-build-pack[0m and container [32mstep-credential-initializer-rxnwq[0m
{"level":"warn","ts":1602778532.3617334,"logger":"fallback-logger","caller":"logging/config.go:69","msg":"Fetch GitHub commit ID from kodata failed: \"ref: refs/heads/0.8.0-**-support-backwards-incompats\" is not a valid GitHub commit ID"}
{"level":"info","ts":1602778532.3664775,"logger":"fallback-logger","caller":"creds-init/main.go:40","msg":"Credentials initialized."}

Showing logs for build [32mentando-k8s-entando-k8s-app-con-llqq6-1[0m stage [32mfrom-build-pack[0m and container [32mstep-working-dir-initializer-qzm9n[0m
{"level":"warn","ts":1602778534.206356,"logger":"fallback-logger","caller":"logging/config.go:69","msg":"Fetch GitHub commit ID from kodata failed: open /var/run/ko/HEAD: no such file or directory"}
{"level":"info","ts":1602778534.216256,"logger":"fallback-logger","caller":"bash/main.go:64","msg":"Successfully e**cuted command \"sh -c mkdir -p /workspace/source\"; output "}

Showing logs for build [32mentando-k8s-entando-k8s-app-con-llqq6-1[0m stage [32mfrom-build-pack[0m and container [32mstep-place-tools[0m

Showing logs for build [32mentando-k8s-entando-k8s-app-con-llqq6-1[0m stage [32mfrom-build-pack[0m and container [32mstep-git-source-entando-k8s-entando-k8s-app-con-tz2fb[0m
{"level":"warn","ts":1602778561.4748447,"logger":"fallback-logger","caller":"logging/config.go:69","msg":"Fetch GitHub commit ID from kodata failed: \"ref: refs/heads/0.8.0-**-support-backwards-incompats\" is not a valid GitHub commit ID"}
{"level":"info","ts":1602778563.2936022,"logger":"fallback-logger","caller":"git/git.go:103","msg":"Successfully cloned https://github.com/entando-k8s/entando-k8s-app-controller.git @ master in path /workspace/source"}

Showing logs for build [32mentando-k8s-entando-k8s-app-con-llqq6-1[0m stage [32mfrom-build-pack[0m and container [32mstep-git-merge[0m
Using SHAs from PULL_REFS=master:5426c5b8793e1b7630b431b37d9234019a7803f9,18:958cfcbff2105edfae82339408a04736fdb377b0
DEBUG: ran git fetch --unshallow origin 958cfcbff2105edfae82339408a04736fdb377b0: 5426c5b8793e1b7630b431b37d9234019a7803f9: in 
DEBUG: ran git checkout master in 
DEBUG: ran git reset --hard 5426c5b8793e1b7630b431b37d9234019a7803f9 in 
DEBUG: ran clean --force -d . in 
DEBUG: ran git merge 958cfcbff2105edfae82339408a04736fdb377b0 in 
Merged SHA 958cfcbff2105edfae82339408a04736fdb377b0 with commit message 'ENG-872 bumped to latest dependencies and adapted code' into base branch master
Merged SHA 86abc7419973d32ca301e28ab86b3fc44ac80ebf with commit message 'ENG-872 bumped to latest dependencies and adapted code' into base branch master
Merged SHA 22eff4f11953191aa234cc844b570c132b748007 with commit message 'ENG-872 bumped to latest dependencies and adapted code' into base branch master

Showing logs for build [32mentando-k8s-entando-k8s-app-con-llqq6-1[0m stage [32mfrom-build-pack[0m and container [32mstep-build-set-version[0m
Picked up _JAVA_OPTIONS: -XX:+UnlockExperimentalVMOptions -Dsun.zip.disableMemoryMapping=true -XX:+UseParallelGC -XX:MinHeapFreeRatio=5 -XX:MaxHeapFreeRatio=10 -XX:GCTimeRatio=4 -XX:AdaptiveSizePolicyWeight=90 -Xms1000m -Xmx12000m
[INFO] Scanning for projects...
[WARNING] 
[WARNING] Some problems were encountered while building the effective model for org.entando:entando-k8s-app-controller:jar:6.2.0-SNAPSHOT
[WARNING] 'dependencyManagement.dependencies.dependency.(groupId:artifactId:type:classifier)' must be unique: org.yaml:snakeyaml:jar -> version 1.27 vs ${snakeyaml.version} @ org.entando:entando-quarkus-parent:6.2.5, /home/jenkins/.mvnrepository/org/entando/entando-quarkus-parent/6.2.5/entando-quarkus-parent-6.2.5.pom, line 283, column 25
[WARNING] 
[WARNING] It is highly recommended to fix these problems because they threaten the stability of your build.
[WARNING] 
[WARNING] For this reason, future Maven versions might no longer support building such malformed projects.
[WARNING] 
[INFO] 
[INFO] ---------------< org.entando:entando-k8s-app-controller >---------------
[INFO] Building Entando K8S Controller for Entando App Deployments 6.2.0-SNAPSHOT
[INFO] --------------------------------[ jar ]---------------------------------
[INFO] 
[INFO] --- versions-maven-plugin:2.8.1:set (default-cli) @ entando-k8s-app-controller ---
[INFO] Local aggregation ****: /workspace/source
[INFO] Processing change of org.entando:entando-k8s-app-controller:6.2.0-SNAPSHOT -> 0.0.0-SNAPSHOT-PR-18-1
[INFO] Processing org.entando:entando-k8s-app-controller
[INFO]     Updating project org.entando:entando-k8s-app-controller
[INFO]         from version 6.2.0-SNAPSHOT to 0.0.0-SNAPSHOT-PR-18-1
[INFO] 
[INFO] ------------------------------------------------------------------------
[INFO] BUILD SUCCESS
[INFO] ------------------------------------------------------------------------
[INFO] Total time:  13.124 s
[INFO] Finished at: 2020-10-15T16:16:21Z
[INFO] ------------------------------------------------------------------------

Showing logs for build [32mentando-k8s-entando-k8s-app-con-llqq6-1[0m stage [32mfrom-build-pack[0m and container [32mstep-build-fix-git-for-sonar[0m
Switched to a new branch 'PR-18'
M	pom.xml
Deleted branch master (was 958cfcb).
From https://github.com/entando-k8s/entando-k8s-app-controller
 * [new branch]      master     -> master

Showing logs for build [32mentando-k8s-entando-k8s-app-con-llqq6-1[0m stage [32mfrom-build-pack[0m and container [32mstep-build-mvn-verify-pr[0m
  % Total    % Received % Xferd  Average Speed   Time    Time     Time  Current
                                 Dload  Upload   Total   Spent    Left  Speed
  0     0    0     0    0     0      0      0 --:--:-- --:--:-- --:--:--     0 11  1867    0     0  100   218      0    299 --:--:-- --:--:-- --:--:--   299100  1867  100  1649  100   218   2267    299 --:--:-- --:--:-- --:--:--  2268
{
  "url": "https://api.github.com/repos/entando-k8s/entando-k8s-app-controller/statuses/958cfcbff2105edfae82339408a04736fdb377b0",
  "avatar_url": "https://avatars2.githubusercontent.com/u/57885396?v=4",
  "id": 11063322444,
  "node_id": "MDEzOlN0YXR1c0NvbnRleHQxMTA2MzMyMjQ0NA==",
  "state": "pending",
  "description": "Pre-deployment tests pending!",
  "target_url": "https://entando-k8s.github.io/devops-results/entando-k8s-app-controller/PR-18/surefire-report.html",
  "context": "Pre-deployment tests",
  "created_at": "2020-10-15T16:16:24Z",
  "updated_at": "2020-10-15T16:16:24Z",
  "creator": {
    "login": "**********",
    "id": 57885396,
    "node_id": "MDQ6VXNlcjU3ODg1Mzk2",
    "avatar_url": "https://avatars2.githubusercontent.com/u/57885396?v=4",
    "gravatar_id": "",
    "url": "https://api.github.com/users/**********",
    "html_url": "https://github.com/**********",
    "followers_url": "https://api.github.com/users/**********/followers",
    "following_url": "https://api.github.com/users/entando-**/following{/other_user}",
    "gists_url": "https://api.github.com/users/entando-**/gists{/gist_id}",
    "starred_url": "https://api.github.com/users/**********/starred{/owner}{/repo}",
    "subscriptions_url": "https://api.github.com/users/entando-**/subscriptions",
    "organizations_url": "https://api.github.com/users/**********/orgs",
    "repos_url": "https://api.github.com/users/**********/repos",
    "events_url": "https://api.github.com/users/**********/events{/privacy}",
    "received_events_url": "https://api.github.com/users/**********/received_events",
    "type": "User",
    "site_*****": *****
  }
}
  % Total    % Received % Xferd  Average Speed   Time    Time     Time  Current
                                 Dload  Upload   Total   Spent    Left  Speed
{
  "url": "https://api.github.com/repos/entando-k8s/entando-k8s-app-controller/statuses/958cfcbff2105edfae82339408a04736fdb377b0",
  "avatar_url": "https://avatars2.githubusercontent.com/u/57885396?v=4",
  "id": 11063322583,
  "node_id": "MDEzOlN0YXR1c0NvbnRleHQxMTA2MzMyMjU4Mw==",
  "state": "pending",
  "description": "Post-deployment tests pending!",
  "target_url": "https://entando-k8s.github.io/devops-results/entando-k8s-app-controller/PR-18/failsafe-report.html",
  "context": "Post-deployment tests",
  "created_at": "2020-10-15T16:16:25Z",
  "updated_at": "2020-10-15T16:16:25Z",
  "creator": {
    "login": "**********",
    "id": 57885396,
    "node_id": "MDQ6VXNlcjU3ODg1Mzk2",
    "avatar_url": "https://avatars2.githubusercontent.com/u/57885396?v=4",
    "gravatar_id": "",
    "url": "https://api.github.com/users/entando-**",
    "html_url": "https://github.com/**********",
    "followers_url": "https://api.github.com/users/entando-**/followers",
    "following_url": "https://api.github.com/users/entando-**/following{/other_user}",
    "gists_url": "https://api.github.com/users/entando-**/gists{/gist_id}",
    "starred_url": "https://api.github.com/users/**********/starred{/owner}{/repo}",
    "subscriptions_url": "https://api.github.com/users/**********/subscriptions",
    "organizations_url": "https://api.github.com/users/**********/orgs",
    "repos_url": "https://api.github.com/users/**********/repos",
    "events_url": "https://api.github.com/users/**********/events{/privacy}",
    "received_events_url": "https://api.github.com/users/entando-**/received_events",
    "type": "User",
    "site_*****": *****
  }
}
  0     0    0     0    0     0      0      0 --:--:-- --:--:-- --:--:--     0100  1871  100  1651  100   220   2591    345 --:--:-- --:--:-- --:--:--  2595
  % Total    % Received % Xferd  Average Speed   Time    Time     Time  Current
                                 Dload  Upload   Total   Spent    Left  Speed
  0     0    0     0    0     0      0      0 --:--:-- --:--:-- --:--:--     0 10  1817    0     0  100   193      0    281 --:--:-- --:--:-- --:--:--   281100  1817  100  1624  100   193   2365    281 --:--:-- --:--:-- --:--:--  2363
{
  "url": "https://api.github.com/repos/entando-k8s/entando-k8s-app-controller/statuses/958cfcbff2105edfae82339408a04736fdb377b0",
  "avatar_url": "https://avatars2.githubusercontent.com/u/57885396?v=4",
  "id": 11063322705,
  "node_id": "MDEzOlN0YXR1c0NvbnRleHQxMTA2MzMyMjcwNQ==",
  "state": "pending",
  "description": "Checkstyle pending!",
  "target_url": "https://entando-k8s.github.io/devops-results/entando-k8s-app-controller/PR-18/checkstyle.html",
  "context": "Checkstyle",
  "created_at": "2020-10-15T16:16:25Z",
  "updated_at": "2020-10-15T16:16:25Z",
  "creator": {
    "login": "**********",
    "id": 57885396,
    "node_id": "MDQ6VXNlcjU3ODg1Mzk2",
    "avatar_url": "https://avatars2.githubusercontent.com/u/57885396?v=4",
    "gravatar_id": "",
    "url": "https://api.github.com/users/entando-**",
    "html_url": "https://github.com/entando-**",
    "followers_url": "https://api.github.com/users/**********/followers",
    "following_url": "https://api.github.com/users/**********/following{/other_user}",
    "gists_url": "https://api.github.com/users/**********/gists{/gist_id}",
    "starred_url": "https://api.github.com/users/entando-**/starred{/owner}{/repo}",
    "subscriptions_url": "https://api.github.com/users/**********/subscriptions",
    "organizations_url": "https://api.github.com/users/**********/orgs",
    "repos_url": "https://api.github.com/users/**********/repos",
    "events_url": "https://api.github.com/users/entando-**/events{/privacy}",
    "received_events_url": "https://api.github.com/users/entando-**/received_events",
    "type": "User",
    "site_*****": *****
  }
}
  % Total    % Received % Xferd  Average Speed   Time    Time     Time  Current
                                 Dload  Upload   Total   Spent    Left  Speed
{
  "url": "https://api.github.com/repos/entando-k8s/entando-k8s-app-controller/statuses/958cfcbff2105edfae82339408a04736fdb377b0",
  "avatar_url": "https://avatars2.githubusercontent.com/u/57885396?v=4",
  "id": 11063322841,
  "node_id": "MDEzOlN0YXR1c0NvbnRleHQxMTA2MzMyMjg0MQ==",
  "state": "pending",
  "description": "OWASP CVE pending!",
  "target_url": "https://entando-k8s.github.io/devops-results/entando-k8s-app-controller/PR-18/dependency-check-report.html",
  "context": "OWASP CVE",
  "created_at": "2020-10-15T16:16:26Z",
  "updated_at": "2020-10-15T16:16:26Z",
  "creator": {
    "login": "**********",
    "id": 57885396,
    "node_id": "MDQ6VXNlcjU3ODg1Mzk2",
    "avatar_url": "https://avatars2.githubusercontent.com/u/57885396?v=4",
    "gravatar_id": "",
    "url": "https://api.github.com/users/**********",
    "html_url": "https://github.com/**********",
    "followers_url": "https://api.github.com/users/**********/followers",
    "following_url": "https://api.github.com/users/entando-**/following{/other_user}",
    "gists_url": "https://api.github.com/users/**********/gists{/gist_id}",
    "starred_url": "https://api.github.com/users/**********/starred{/owner}{/repo}",
    "subscriptions_url": "https://api.github.com/users/entando-**/subscriptions",
    "organizations_url": "https://api.github.com/users/entando-**/orgs",
    "repos_url": "https://api.github.com/users/**********/repos",
    "events_url": "https://api.github.com/users/entando-**/events{/privacy}",
    "received_events_url": "https://api.github.com/users/entando-**/received_events",
    "type": "User",
    "site_*****": *****
  }
}
  0     0    0     0    0     0      0      0 --:--:-- --:--:-- --:--:--     0 11  1839    0     0  100   204      0    308 --:--:-- --:--:-- --:--:--   308100  1839  100  1635  100   204   2468    307 --:--:-- --:--:-- --:--:--  2466
Picked up _JAVA_OPTIONS: -XX:+UnlockExperimentalVMOptions -Dsun.zip.disableMemoryMapping=true -XX:+UseParallelGC -XX:MinHeapFreeRatio=5 -XX:MaxHeapFreeRatio=10 -XX:GCTimeRatio=4 -XX:AdaptiveSizePolicyWeight=90 -Xms1000m -Xmx12000m
[INFO] Scanning for projects...
[WARNING] 
[WARNING] Some problems were encountered while building the effective model for org.entando:entando-k8s-app-controller:jar:0.0.0-SNAPSHOT-PR-18-1
[WARNING] 'dependencyManagement.dependencies.dependency.(groupId:artifactId:type:classifier)' must be unique: org.yaml:snakeyaml:jar -> version 1.27 vs ${snakeyaml.version} @ org.entando:entando-quarkus-parent:6.2.5, /home/jenkins/.mvnrepository/org/entando/entando-quarkus-parent/6.2.5/entando-quarkus-parent-6.2.5.pom, line 283, column 25
[WARNING] 
[WARNING] It is highly recommended to fix these problems because they threaten the stability of your build.
[WARNING] 
[WARNING] For this reason, future Maven versions might no longer support building such malformed projects.
[WARNING] 
[INFO] 
[INFO] ---------------< org.entando:entando-k8s-app-controller >---------------
[INFO] Building Entando K8S Controller for Entando App Deployments 0.0.0-SNAPSHOT-PR-18-1
[INFO] --------------------------------[ jar ]---------------------------------
[INFO] 
[INFO] --- maven-checkstyle-plugin:3.1.1:check (validate) @ entando-k8s-app-controller ---
[INFO] Starting audit...
Audit done.
[INFO] You have 0 Checkstyle violations.
[INFO] 
[INFO] --- maven-checkstyle-plugin:3.1.1:checkstyle (validate) @ entando-k8s-app-controller ---
[INFO] Starting audit...
Audit done.
[INFO] 
[INFO] --- jacoco-maven-plugin:0.8.5:prepare-agent (prepare-agent) @ entando-k8s-app-controller ---
[INFO] argLine set to -javaagent:/home/jenkins/.mvnrepository/org/jacoco/org.jacoco.agent/0.8.5/org.jacoco.agent-0.8.5-runtime.jar=destfile=/workspace/source/target/jacoco.e**c
[INFO] 
[INFO] --- maven-resources-plugin:2.6:resources (default-resources) @ entando-k8s-app-controller ---
[INFO] Using 'UTF-8' encoding to copy filtered resources.
[INFO] Copying 3 resources
[INFO] 
[INFO] --- maven-compiler-plugin:3.8.1:compile (default-compile) @ entando-k8s-app-controller ---
[INFO] Changes detected - recompiling the module!
[INFO] Compiling 8 source files to /workspace/source/target/classes
[INFO] 
[INFO] --- maven-resources-plugin:2.6:testResources (default-testResources) @ entando-k8s-app-controller ---
[INFO] Using 'UTF-8' encoding to copy filtered resources.
[INFO] Copying 3 resources
[INFO] 
[INFO] --- maven-compiler-plugin:3.8.1:testCompile (default-testCompile) @ entando-k8s-app-controller ---
[INFO] Changes detected - recompiling the module!
[INFO] Compiling 12 source files to /workspace/source/target/test-classes
[WARNING] /workspace/source/src/test/java/org/entando/kubernetes/controller/app/inprocesstests/DeployEntandoDbConsumerTest.java:[66,17] unchecked call to DatabaseDeployable(org.entando.kubernetes.controller.database.DbmsDockerVendorStrategy,C,java.lang.String) as a member of the raw type org.entando.kubernetes.controller.database.DatabaseDeployable
[WARNING] /workspace/source/src/test/java/org/entando/kubernetes/controller/app/inprocesstests/DeployEntandoDbConsumerTest.java:[65,66] unchecked method invocation: constructor <init> in class org.entando.kubernetes.controller.DeployCommand is applied to given types
  required: org.entando.kubernetes.controller.spi.Deployable<T,C>
  found: org.entando.kubernetes.controller.database.DatabaseDeployable
[WARNING] /workspace/source/src/test/java/org/entando/kubernetes/controller/app/inprocesstests/DeployEntandoDbConsumerTest.java:[66,17] unchecked conversion
  required: org.entando.kubernetes.controller.spi.Deployable<T,C>
  found:    org.entando.kubernetes.controller.database.DatabaseDeployable
[WARNING] /workspace/source/src/test/java/org/entando/kubernetes/controller/app/inprocesstests/DeployEntandoDbConsumerTest.java:[65,66] unchecked conversion
  required: org.entando.kubernetes.controller.DeployCommand<org.entando.kubernetes.controller.database.DatabaseDeploymentResult,org.entando.kubernetes.model.app.EntandoApp>
  found:    org.entando.kubernetes.controller.DeployCommand
[INFO] 
[INFO] --- maven-surefire-plugin:3.0.0-M1:test (default-test) @ entando-k8s-app-controller ---
[INFO] 
[INFO] -------------------------------------------------------
[INFO]  T E S T S
[INFO] -------------------------------------------------------
[INFO] Running org.entando.kubernetes.controller.app.inprocesstests.DeployEntandoDbTest
[INFO] Tests run: 5, Failures: 0, Errors: 0, Skipped: 0, Time elapsed: 5.111 s - in org.entando.kubernetes.controller.app.inprocesstests.DeployEntandoDbTest
[INFO] Running org.entando.kubernetes.controller.app.inprocesstests.DeployEntandoServiceTest
[INFO] Tests run: 4, Failures: 0, Errors: 0, Skipped: 0, Time elapsed: 1.751 s - in org.entando.kubernetes.controller.app.inprocesstests.DeployEntandoServiceTest
[INFO] Running org.entando.kubernetes.controller.app.inprocesstests.DeployEntandoOnExternalDbTest
[INFO] Tests run: 2, Failures: 0, Errors: 0, Skipped: 0, Time elapsed: 0.78 s - in org.entando.kubernetes.controller.app.inprocesstests.DeployEntandoOnExternalDbTest
[INFO] Running org.entando.kubernetes.controller.app.inprocesstests.DeployEntandoDbConsumerTest
[INFO] Tests run: 1, Failures: 0, Errors: 0, Skipped: 0, Time elapsed: 0.052 s - in org.entando.kubernetes.controller.app.inprocesstests.DeployEntandoDbConsumerTest
[INFO] Running org.entando.kubernetes.controller.app.inprocesstests.DeployEntandoWithEmbeddedDbTest
[INFO] Tests run: 2, Failures: 0, Errors: 0, Skipped: 0, Time elapsed: 0.793 s - in org.entando.kubernetes.controller.app.inprocesstests.DeployEntandoWithEmbeddedDbTest
[INFO] 
[INFO] Results:
[INFO] 
[INFO] Tests run: 14, Failures: 0, Errors: 0, Skipped: 0
[INFO] 
[INFO] 
[INFO] --- maven-jar-plugin:3.2.0:jar (default-jar) @ entando-k8s-app-controller ---
[INFO] Building jar: /workspace/source/target/entando-k8s-app-controller-0.0.0-SNAPSHOT-PR-18-1.jar
[INFO] 
[INFO] --- maven-jar-plugin:3.2.0:test-jar (build-test-jar) @ entando-k8s-app-controller ---
[INFO] Building jar: /workspace/source/target/entando-k8s-app-controller-0.0.0-SNAPSHOT-PR-18-1-tests.jar
[INFO] 
[INFO] --- quarkus-maven-plugin:1.2.0.Final:build (default) @ entando-k8s-app-controller ---
[WARNING] [io.quarkus.creator.curator.Curator] These dependencies are not recommended:
	- jakarta.xml.bind:jakarta.xml.bind-api should be replaced by org.jboss.spec.javax.xml.bind:jboss-jaxb-api_2.3_spec
	- javax.activation:activation should be replaced by com.sun.activation:jakarta.activation
You might end up with two different versions of the same classes or with an artifact you shouldn't have in your classpath.
[INFO] [org.jboss.threads] JBoss Threads version 3.0.0.Final
[INFO] [io.quarkus.deployment.pkg.steps.JarResultBuildStep] Building thin jar: /workspace/source/target/entando-k8s-app-controller-0.0.0-SNAPSHOT-PR-18-1-runner.jar
[INFO] [io.quarkus.deployment.QuarkusAugmentor] Quarkus augmentation completed in 2053ms
[INFO] 
[INFO] --- maven-surefire-report-plugin:3.0.0-M4:failsafe-report-only (integration-tests) @ entando-k8s-app-controller ---
[INFO] 
[INFO] --- dependency-check-maven:5.3.2:aggregate (default) @ entando-k8s-app-controller ---
[INFO] 

Dependency-Check is an open source tool performing a best effort analysis of 3rd party dependencies; ***** positives and ***** negatives may exist in the analysis performed by the tool. Use of the tool and the reporting provided constitutes acceptance for use in an AS IS condition, and there are NO warranties, implied or otherwise, with regard to the analysis or its use. Any use of the tool and the reporting provided is at the userâ€™s risk. In no event shall the copyright holder or OWASP be held liable for any damages whatsoever arising out of or in connection with the use of this tool, the analysis performed, or the resulting report.


[INFO] Analysis Started
[INFO] Finished Archive Analyzer (0 seconds)
[INFO] Finished File Name Analyzer (0 seconds)
[INFO] Finished Jar Analyzer (0 seconds)
[INFO] Finished Dependency Merging Analyzer (0 seconds)
[INFO] Finished Version Filter Analyzer (0 seconds)
[INFO] Finished Hint Analyzer (0 seconds)
[INFO] Created CPE Index (2 seconds)
[INFO] Finished CPE Analyzer (4 seconds)
[INFO] Finished False Positive Analyzer (0 seconds)
[INFO] Finished NVD CVE Analyzer (0 seconds)
[INFO] Finished Sonatype OSS Index Analyzer (1 seconds)
[INFO] Finished Vulnerability Suppression Analyzer (0 seconds)
[INFO] Finished Dependency Bundling Analyzer (0 seconds)
[INFO] Analysis Complete (8 seconds)
[INFO] 
[INFO] --- jacoco-maven-plugin:0.8.5:report (report) @ entando-k8s-app-controller ---
[INFO] Loading e**cution data file /workspace/source/target/jacoco.e**c
[INFO] Analyzed bundle 'Entando K8S Controller for Entando App Deployments' with 9 classes
[INFO] 
[INFO] --- maven-surefire-report-plugin:3.0.0-M4:report-only (unit-tests) @ entando-k8s-app-controller ---
[WARNING] Unable to locate Test Source XRef to link to - DISABLED
[INFO] 
[INFO] --- maven-install-plugin:2.4:install (default-install) @ entando-k8s-app-controller ---
[INFO] Installing /workspace/source/target/entando-k8s-app-controller-0.0.0-SNAPSHOT-PR-18-1.jar to /home/jenkins/.mvnrepository/org/entando/entando-k8s-app-controller/0.0.0-SNAPSHOT-PR-18-1/entando-k8s-app-controller-0.0.0-SNAPSHOT-PR-18-1.jar
[INFO] Installing /workspace/source/pom.xml to /home/jenkins/.mvnrepository/org/entando/entando-k8s-app-controller/0.0.0-SNAPSHOT-PR-18-1/entando-k8s-app-controller-0.0.0-SNAPSHOT-PR-18-1.pom
[INFO] Installing /workspace/source/target/entando-k8s-app-controller-0.0.0-SNAPSHOT-PR-18-1-tests.jar to /home/jenkins/.mvnrepository/org/entando/entando-k8s-app-controller/0.0.0-SNAPSHOT-PR-18-1/entando-k8s-app-controller-0.0.0-SNAPSHOT-PR-18-1-tests.jar
[INFO] 
[INFO] --- maven-site-plugin:3.9.0:site (default-site) @ entando-k8s-app-controller ---
[INFO] configuring report plugin org.apache.maven.plugins:maven-project-info-reports-plugin:3.0.0
[INFO] 9 reports configured for maven-project-info-reports-plugin:3.0.0: dependency-info, distribution-management, index, ci-management, issue-management, licenses, plugins, scm, summary
[INFO] Rendering site with default locale English (en)
[WARNING] Unable to find a URL to the parent project. The parent menu will NOT be added.
[INFO] Relativizing decoration links with respect to localized project URL: https://central.entando.com
[INFO] Rendering content with org.apache.maven.skins:maven-default-skin:jar:1.3 skin.
[INFO] Generating "Dependency Information" report --- maven-project-info-reports-plugin:3.0.0:dependency-info
[INFO] Generating "About" report         --- maven-project-info-reports-plugin:3.0.0:index
[INFO] Generating "Issue Management" report --- maven-project-info-reports-plugin:3.0.0:issue-management
[INFO] Generating "Licenses" report      --- maven-project-info-reports-plugin:3.0.0:licenses
[INFO] Generating "Plugins" report       --- maven-project-info-reports-plugin:3.0.0:plugins
[INFO] Generating "Source Code Management" report --- maven-project-info-reports-plugin:3.0.0:scm
[INFO] Generating "Summary" report       --- maven-project-info-reports-plugin:3.0.0:summary
[INFO] 
[INFO] ---------------< org.entando:entando-k8s-app-controller >---------------
[INFO] Building Entando K8S Controller for Entando App Deployments 0.0.0-SNAPSHOT-PR-18-1
[INFO] --------------------------------[ jar ]---------------------------------
[INFO] 
[INFO] --- sonar-maven-plugin:3.7.0.1746:sonar (default-cli) @ entando-k8s-app-controller ---
[INFO] User cache: /****/.sonar/cache
[INFO] SonarQube version: 8.0.0
[INFO] Default locale: "en", source code encoding: "UTF-8"
[INFO] Load global settings
[INFO] Load global settings (done) | time=227ms
[INFO] Server id: 1BD809FA-AWHW8ct9-T_TB3XqouNu
[INFO] User cache: /****/.sonar/cache
[INFO] Load/download plugins
[INFO] Load plugins index
[INFO] Load plugins index (done) | time=80ms
[INFO] Load/download plugins (done) | time=21618ms
[INFO] Loaded core extensions: developer-scanner
[INFO] JavaScript/TypeScript frontend is enabled
[INFO] Process project properties
[INFO] E**cute project builders
[INFO] E**cute project builders (done) | time=2ms
[INFO] Project key: entando-k8s_entando-k8s-app-controller
[INFO] Base dir: /workspace/source
[INFO] Working dir: /workspace/source/target/sonar
[INFO] Load project settings for component key: 'entando-k8s_entando-k8s-app-controller'
[INFO] Load project settings for component key: 'entando-k8s_entando-k8s-app-controller' (done) | time=137ms
[INFO] Load project branches
[INFO] Load project branches (done) | time=44ms
[INFO] Check ALM binding of project 'entando-k8s_entando-k8s-app-controller'
[INFO] Detected project binding: BOUND
[INFO] Check ALM binding of project 'entando-k8s_entando-k8s-app-controller' (done) | time=27ms
[INFO] Load project pull requests
[INFO] Load project pull requests (done) | time=45ms
[INFO] Load branch configuration
[INFO] Load branch configuration (done) | time=602ms
[INFO] Load quality profiles
[INFO] Load quality profiles (done) | time=95ms
[INFO] Load active rules
[INFO] Load active rules (done) | time=1244ms
[INFO] Organization key: entando-k8s
[INFO] Pull request 18 for merge into master from ENG-872_bumped_to_latest
[INFO] SCM collecting changed files in the branch
[WARNING] Exception caught during e**cution of command '[git, config, --******, --edit]' in '/usr/local/git/bin', return code '128', error message 'fatal: Invalid path '/usr/local/git/etc': No such file or directory
'
[INFO] SCM collecting changed files in the branch (done) | time=306ms
[INFO] Indexing files...
[INFO] Project configuration:
[INFO] 21 files inde**d
[INFO] 0 files ignored because of scm ignore settings
[INFO] Quality profile for java: Sonar way
[INFO] Quality profile for xml: Sonar way
[INFO] ------------- Run sensors on module Entando K8S Controller for Entando App Deployments
[INFO] JavaScript/TypeScript frontend is enabled
[INFO] Load metrics repository
[INFO] Load metrics repository (done) | time=36ms
WARNING: An illegal reflective access operation has occurred
WARNING: Illegal reflective access by net.sf.cglib.core.ReflectUtils$1 (file:/****/.sonar/cache/a89f1943fc75b65becd9fb4ecab8d913/sonar-tsql-plugin.jar) to method java.lang.ClassLoader.defineClass(java.lang.String,byte[],int,int,java.security.ProtectionDomain)
WARNING: Please consider reporting this to the maintainers of net.sf.cglib.core.ReflectUtils$1
WARNING: Use --illegal-access=warn to enable warnings of further illegal reflective access operations
WARNING: All illegal access operations will be denied in a future release
[INFO] Sensor JavaSquidSensor [java]
[INFO] Configured Java source version (sonar.java.source): 8
[INFO] JavaClasspath initialization
[INFO] JavaClasspath initialization (done) | time=17ms
[INFO] JavaTestClasspath initialization
[INFO] JavaTestClasspath initialization (done) | time=3ms
[INFO] Java Main Files AST scan
[INFO] 8 source files to be analyzed
[INFO] Java Main Files AST scan (done) | time=5088ms
[INFO] Java Test Files AST scan
[INFO] 12 source files to be analyzed
[INFO] 8/8 source files have been analyzed
[INFO] 12/12 source files have been analyzed
[INFO] Java Test Files AST scan (done) | time=1583ms
[INFO] Java Generated Files AST scan
[INFO] 0 source files to be analyzed
[INFO] Java Generated Files AST scan (done) | time=1ms
[INFO] Sensor JavaSquidSensor [java] (done) | time=6906ms
[INFO] 0/0 source files have been analyzed
[INFO] Sensor CSS Rules [cssfamily]
[INFO] No CSS, PHP, HTML or VueJS files are found in the project. CSS analysis is skipped.
[INFO] Sensor CSS Rules [cssfamily] (done) | time=1ms
[INFO] Sensor C# Properties [csharp]
[INFO] Sensor C# Properties [csharp] (done) | time=1ms
[INFO] Sensor Import of Checkstyle issues [java]
[INFO] Importing /workspace/source/target/checkstyle-result.xml
[INFO] Sensor Import of Checkstyle issues [java] (done) | time=85ms
[INFO] Sensor SurefireSensor [java]
[INFO] parsing [/workspace/source/target/surefire-reports]
[INFO] Sensor SurefireSensor [java] (done) | time=60ms
[INFO] Sensor JavaXmlSensor [java]
[INFO] 1 source files to be analyzed
[INFO] Sensor JavaXmlSensor [java] (done) | time=257ms
[INFO] 1/1 source files have been analyzed
[INFO] Sensor HTML [web]
[INFO] Sensor HTML [web] (done) | time=6ms
[INFO] Sensor XML Sensor [xml]
[INFO] 1 source files to be analyzed
[INFO] Sensor XML Sensor [xml] (done) | time=184ms
[INFO] 1/1 source files have been analyzed
[INFO] Sensor VB.NET Properties [vbnet]
[INFO] Sensor VB.NET Properties [vbnet] (done) | time=2ms
[INFO] Sensor JaCoCo XML Report Importer [jacoco]
[INFO] Importing 1 report(s). Turn your logs in debug mode in order to see the exhaustive list.
[INFO] Sensor JaCoCo XML Report Importer [jacoco] (done) | time=37ms
[INFO] Sensor ThymeLeaf template sensor [securityjavafrontend]
[INFO] Sensor ThymeLeaf template sensor [securityjavafrontend] (done) | time=3ms
[INFO] Sensor JavaSecuritySensor [security]
[INFO] Reading type hierarchy from: /workspace/source/target/sonar/ucfg2/java
[INFO] Read 79 type definitions
[INFO] Reading UCFGs from: /workspace/source/target/sonar/ucfg2/java
[INFO] 16:18:04.735289 Building Type propagation graph
[INFO] 16:18:04.750857 Running Tarjan on 262 nodes
[INFO] 16:18:04.757714 Tarjan found 262 components
[INFO] 16:18:04.763444 Variable type analysis: done
[INFO] 16:18:04.771118 Building Type propagation graph
[INFO] 16:18:04.783459 Running Tarjan on 262 nodes
[INFO] 16:18:04.784989 Tarjan found 262 components
[INFO] 16:18:04.786541 Variable type analysis: done
[INFO] Analyzing 81 ucfgs to detect vulnerabilities.
[INFO] All rules entrypoints : 0 Retained UCFGs : 0
[INFO] rule: S5131, entrypoints: 0
[INFO] rule: S5131 done
[INFO] rule: S3649, entrypoints: 0
[INFO] rule: S3649 done
[INFO] rule: S2076, entrypoints: 0
[INFO] rule: S2076 done
[INFO] rule: S2091, entrypoints: 0
[INFO] rule: S2091 done
[INFO] rule: S2078, entrypoints: 0
[INFO] rule: S2078 done
[INFO] rule: S2631, entrypoints: 0
[INFO] rule: S2631 done
[INFO] rule: S5135, entrypoints: 0
[INFO] rule: S5135 done
[INFO] rule: S2083, entrypoints: 0
[INFO] rule: S2083 done
[INFO] rule: S5167, entrypoints: 0
[INFO] rule: S5167 done
[INFO] rule: S5144, entrypoints: 0
[INFO] rule: S5144 done
[INFO] rule: S5145, entrypoints: 0
[INFO] rule: S5145 done
[INFO] rule: S5146, entrypoints: 0
[INFO] rule: S5146 done
[INFO] rule: S5334, entrypoints: 0
[INFO] rule: S5334 done
[INFO] Sensor JavaSecuritySensor [security] (done) | time=617ms
[INFO] Sensor CSharpSecuritySensor [security]
[INFO] Reading type hierarchy from: /workspace/source/target/ucfg_cs2
[INFO] Read 0 type definitions
[INFO] Reading UCFGs from: /workspace/source/target/ucfg_cs2
[INFO] No UCFGs have been included for analysis.
[INFO] Sensor CSharpSecuritySensor [security] (done) | time=3ms
[INFO] Sensor PhpSecuritySensor [security]
[INFO] Reading type hierarchy from: /workspace/source/target/sonar/ucfg2/php
[INFO] Read 0 type definitions
[INFO] Reading UCFGs from: /workspace/source/target/sonar/ucfg2/php
[INFO] No UCFGs have been included for analysis.
[INFO] Sensor PhpSecuritySensor [security] (done) | time=2ms
[INFO] Sensor PythonSecuritySensor [security]
[INFO] Reading type hierarchy from: /workspace/source/target/sonar/ucfg2/python
[INFO] Read 0 type definitions
[INFO] Reading UCFGs from: /workspace/source/target/sonar/ucfg2/python
[INFO] No UCFGs have been included for analysis.
[INFO] Sensor PythonSecuritySensor [security] (done) | time=1ms
[INFO] Sensor JsSecuritySensor [security]
[INFO] Reading type hierarchy from: /workspace/source/target/sonar/ucfg2/js
[INFO] Read 0 type definitions
[INFO] Reading UCFGs from: /workspace/source/target/sonar/ucfg2/js
[INFO] No UCFGs have been included for analysis.
[INFO] Sensor JsSecuritySensor [security] (done) | time=2ms
[INFO] ------------- Run sensors on project
[INFO] Sensor Zero Coverage Sensor
[INFO] Sensor Zero Coverage Sensor (done) | time=0ms
[INFO] Sensor Java CPD Block Inde**r
[INFO] Sensor Java CPD Block Inde**r (done) | time=52ms
[INFO] SCM Publisher SCM provider for this project is: git
[INFO] SCM Publisher 16 source files to be analyzed
[INFO] SCM Publisher 15/16 source files have been analyzed (done) | time=261ms
[WARNING] Missing blame information for the following files:
[WARNING]   * pom.xml
[WARNING] This may lead to missing/broken features in SonarCloud
[INFO] CPD E**cutor 1 file had no CPD blocks
[INFO] CPD E**cutor Calculating CPD for 7 files
[INFO] CPD E**cutor CPD calculation finished (done) | time=20ms
[INFO] SCM writing changed lines
[INFO] SCM writing changed lines (done) | time=186ms
[INFO] Analysis report generated in 379ms, dir size=351 KB
[INFO] Analysis report compressed in 73ms, zip size=113 KB
[INFO] Analysis report uploaded in 242ms
[INFO] ANALYSIS SUCCESSFUL, you can find the results at: https://sonarcloud.io/dashboard?id=entando-k8s_entando-k8s-app-controller&pullRequest=18
[INFO] Note that you will be able to access the updated dashboard once the server has processed the submitted analysis report
[INFO] More about the report processing at https://sonarcloud.io/api/ce/task?id=AXUtDeKVkDS3ZKYJ69WQ
[INFO] Analysis total time: 16.589 s
[INFO] ------------------------------------------------------------------------
[INFO] BUILD SUCCESS
[INFO] ------------------------------------------------------------------------
[INFO] Total time:  01:37 min
[INFO] Finished at: 2020-10-15T16:18:06Z
[INFO] ------------------------------------------------------------------------
shallow cloning https://github.com/entando-k8s/devops-results.git branch gh-pages
ran git init in /tmp/jenkins-x-collect020499639
ran git add remote origin https://github.com/entando-k8s/devops-results.git in /tmp/jenkins-x-collect020499639
ran git fetch origin --depth=1 gh-pages in dir /tmp/jenkins-x-collect020499639
Publishing https://raw.githubusercontent.com/entando-k8s/devops-results/gh-pages/entando-k8s-app-controller/PR-18/checkstyle.html
Publishing https://raw.githubusercontent.com/entando-k8s/devops-results/gh-pages/entando-k8s-app-controller/PR-18/checkstyle.rss
Publishing https://raw.githubusercontent.com/entando-k8s/devops-results/gh-pages/entando-k8s-app-controller/PR-18/css/maven-base.css
Publishing https://raw.githubusercontent.com/entando-k8s/devops-results/gh-pages/entando-k8s-app-controller/PR-18/css/maven-theme.css
Publishing https://raw.githubusercontent.com/entando-k8s/devops-results/gh-pages/entando-k8s-app-controller/PR-18/css/print.css
Publishing https://raw.githubusercontent.com/entando-k8s/devops-results/gh-pages/entando-k8s-app-controller/PR-18/css/site.css
Publishing https://raw.githubusercontent.com/entando-k8s/devops-results/gh-pages/entando-k8s-app-controller/PR-18/dependency-check-junit.xml
Publishing https://raw.githubusercontent.com/entando-k8s/devops-results/gh-pages/entando-k8s-app-controller/PR-18/dependency-check-report.html
Publishing https://raw.githubusercontent.com/entando-k8s/devops-results/gh-pages/entando-k8s-app-controller/PR-18/dependency-check-report.xml
Publishing https://raw.githubusercontent.com/entando-k8s/devops-results/gh-pages/entando-k8s-app-controller/PR-18/dependency-info.html
Publishing https://raw.githubusercontent.com/entando-k8s/devops-results/gh-pages/entando-k8s-app-controller/PR-18/images/collapsed.gif
Publishing https://raw.githubusercontent.com/entando-k8s/devops-results/gh-pages/entando-k8s-app-controller/PR-18/images/expanded.gif
Publishing https://raw.githubusercontent.com/entando-k8s/devops-results/gh-pages/entando-k8s-app-controller/PR-18/images/external.png
Publishing https://raw.githubusercontent.com/entando-k8s/devops-results/gh-pages/entando-k8s-app-controller/PR-18/images/icon_error_sml.gif
Publishing https://raw.githubusercontent.com/entando-k8s/devops-results/gh-pages/entando-k8s-app-controller/PR-18/images/icon_info_sml.gif
Publishing https://raw.githubusercontent.com/entando-k8s/devops-results/gh-pages/entando-k8s-app-controller/PR-18/images/icon_success_sml.gif
Publishing https://raw.githubusercontent.com/entando-k8s/devops-results/gh-pages/entando-k8s-app-controller/PR-18/images/icon_warning_sml.gif
Publishing https://raw.githubusercontent.com/entando-k8s/devops-results/gh-pages/entando-k8s-app-controller/PR-18/images/logos/build-by-maven-black.png
Publishing https://raw.githubusercontent.com/entando-k8s/devops-results/gh-pages/entando-k8s-app-controller/PR-18/images/logos/build-by-maven-white.png
Publishing https://raw.githubusercontent.com/entando-k8s/devops-results/gh-pages/entando-k8s-app-controller/PR-18/images/logos/maven-feather.png
Publishing https://raw.githubusercontent.com/entando-k8s/devops-results/gh-pages/entando-k8s-app-controller/PR-18/images/newwindow.png
Publishing https://raw.githubusercontent.com/entando-k8s/devops-results/gh-pages/entando-k8s-app-controller/PR-18/images/rss.png
Publishing https://raw.githubusercontent.com/entando-k8s/devops-results/gh-pages/entando-k8s-app-controller/PR-18/index.html
Publishing https://raw.githubusercontent.com/entando-k8s/devops-results/gh-pages/entando-k8s-app-controller/PR-18/issue-management.html
Publishing https://raw.githubusercontent.com/entando-k8s/devops-results/gh-pages/entando-k8s-app-controller/PR-18/jacoco/index.html
Publishing https://raw.githubusercontent.com/entando-k8s/devops-results/gh-pages/entando-k8s-app-controller/PR-18/jacoco/jacoco-resources/branchfc.gif
Publishing https://raw.githubusercontent.com/entando-k8s/devops-results/gh-pages/entando-k8s-app-controller/PR-18/jacoco/jacoco-resources/branchnc.gif
Publishing https://raw.githubusercontent.com/entando-k8s/devops-results/gh-pages/entando-k8s-app-controller/PR-18/jacoco/jacoco-resources/branchpc.gif
Publishing https://raw.githubusercontent.com/entando-k8s/devops-results/gh-pages/entando-k8s-app-controller/PR-18/jacoco/jacoco-resources/bundle.gif
Publishing https://raw.githubusercontent.com/entando-k8s/devops-results/gh-pages/entando-k8s-app-controller/PR-18/jacoco/jacoco-resources/class.gif
Publishing https://raw.githubusercontent.com/entando-k8s/devops-results/gh-pages/entando-k8s-app-controller/PR-18/jacoco/jacoco-resources/down.gif
Publishing https://raw.githubusercontent.com/entando-k8s/devops-results/gh-pages/entando-k8s-app-controller/PR-18/jacoco/jacoco-resources/greenbar.gif
Publishing https://raw.githubusercontent.com/entando-k8s/devops-results/gh-pages/entando-k8s-app-controller/PR-18/jacoco/jacoco-resources/group.gif
Publishing https://raw.githubusercontent.com/entando-k8s/devops-results/gh-pages/entando-k8s-app-controller/PR-18/jacoco/jacoco-resources/method.gif
Publishing https://raw.githubusercontent.com/entando-k8s/devops-results/gh-pages/entando-k8s-app-controller/PR-18/jacoco/jacoco-resources/package.gif
Publishing https://raw.githubusercontent.com/entando-k8s/devops-results/gh-pages/entando-k8s-app-controller/PR-18/jacoco/jacoco-resources/prettify.css
Publishing https://raw.githubusercontent.com/entando-k8s/devops-results/gh-pages/entando-k8s-app-controller/PR-18/jacoco/jacoco-resources/prettify.js
Publishing https://raw.githubusercontent.com/entando-k8s/devops-results/gh-pages/entando-k8s-app-controller/PR-18/jacoco/jacoco-resources/redbar.gif
Publishing https://raw.githubusercontent.com/entando-k8s/devops-results/gh-pages/entando-k8s-app-controller/PR-18/jacoco/jacoco-resources/report.css
Publishing https://raw.githubusercontent.com/entando-k8s/devops-results/gh-pages/entando-k8s-app-controller/PR-18/jacoco/jacoco-resources/report.gif
Publishing https://raw.githubusercontent.com/entando-k8s/devops-results/gh-pages/entando-k8s-app-controller/PR-18/jacoco/jacoco-resources/session.gif
Publishing https://raw.githubusercontent.com/entando-k8s/devops-results/gh-pages/entando-k8s-app-controller/PR-18/jacoco/jacoco-resources/sort.gif
Publishing https://raw.githubusercontent.com/entando-k8s/devops-results/gh-pages/entando-k8s-app-controller/PR-18/jacoco/jacoco-resources/sort.js
Publishing https://raw.githubusercontent.com/entando-k8s/devops-results/gh-pages/entando-k8s-app-controller/PR-18/jacoco/jacoco-resources/source.gif
Publishing https://raw.githubusercontent.com/entando-k8s/devops-results/gh-pages/entando-k8s-app-controller/PR-18/jacoco/jacoco-resources/up.gif
Publishing https://raw.githubusercontent.com/entando-k8s/devops-results/gh-pages/entando-k8s-app-controller/PR-18/jacoco/jacoco-sessions.html
Publishing https://raw.githubusercontent.com/entando-k8s/devops-results/gh-pages/entando-k8s-app-controller/PR-18/jacoco/jacoco.csv
Publishing https://raw.githubusercontent.com/entando-k8s/devops-results/gh-pages/entando-k8s-app-controller/PR-18/jacoco/jacoco.xml
Publishing https://raw.githubusercontent.com/entando-k8s/devops-results/gh-pages/entando-k8s-app-controller/PR-18/jacoco/org.entando.kubernetes.controller.app/AppBuilderDeployableContainer.html
Publishing https://raw.githubusercontent.com/entando-k8s/devops-results/gh-pages/entando-k8s-app-controller/PR-18/jacoco/org.entando.kubernetes.controller.app/AppBuilderDeployableContainer.java.html
Publishing https://raw.githubusercontent.com/entando-k8s/devops-results/gh-pages/entando-k8s-app-controller/PR-18/jacoco/org.entando.kubernetes.controller.app/ComponentManagerDeployableContainer.html
Publishing https://raw.githubusercontent.com/entando-k8s/devops-results/gh-pages/entando-k8s-app-controller/PR-18/jacoco/org.entando.kubernetes.controller.app/ComponentManagerDeployableContainer.java.html
Publishing https://raw.githubusercontent.com/entando-k8s/devops-results/gh-pages/entando-k8s-app-controller/PR-18/jacoco/org.entando.kubernetes.controller.app/EntandoAppController.html
Publishing https://raw.githubusercontent.com/entando-k8s/devops-results/gh-pages/entando-k8s-app-controller/PR-18/jacoco/org.entando.kubernetes.controller.app/EntandoAppController.java.html
Publishing https://raw.githubusercontent.com/entando-k8s/devops-results/gh-pages/entando-k8s-app-controller/PR-18/jacoco/org.entando.kubernetes.controller.app/EntandoAppDeployableContainer.html
Publishing https://raw.githubusercontent.com/entando-k8s/devops-results/gh-pages/entando-k8s-app-controller/PR-18/jacoco/org.entando.kubernetes.controller.app/EntandoAppDeployableContainer.java.html
Publishing https://raw.githubusercontent.com/entando-k8s/devops-results/gh-pages/entando-k8s-app-controller/PR-18/jacoco/org.entando.kubernetes.controller.app/EntandoAppDeploymentResult.html
Publishing https://raw.githubusercontent.com/entando-k8s/devops-results/gh-pages/entando-k8s-app-controller/PR-18/jacoco/org.entando.kubernetes.controller.app/EntandoAppDeploymentResult.java.html
Publishing https://raw.githubusercontent.com/entando-k8s/devops-results/gh-pages/entando-k8s-app-controller/PR-18/jacoco/org.entando.kubernetes.controller.app/EntandoAppServerDeployable.html
Publishing https://raw.githubusercontent.com/entando-k8s/devops-results/gh-pages/entando-k8s-app-controller/PR-18/jacoco/org.entando.kubernetes.controller.app/EntandoAppServerDeployable.java.html
Publishing https://raw.githubusercontent.com/entando-k8s/devops-results/gh-pages/entando-k8s-app-controller/PR-18/jacoco/org.entando.kubernetes.controller.app/EntandoDatabaseConsumingContainer$EntandoAppDatabasePopulator.html
Publishing https://raw.githubusercontent.com/entando-k8s/devops-results/gh-pages/entando-k8s-app-controller/PR-18/jacoco/org.entando.kubernetes.controller.app/EntandoDatabaseConsumingContainer.html
Publishing https://raw.githubusercontent.com/entando-k8s/devops-results/gh-pages/entando-k8s-app-controller/PR-18/jacoco/org.entando.kubernetes.controller.app/EntandoDatabaseConsumingContainer.java.html
Publishing https://raw.githubusercontent.com/entando-k8s/devops-results/gh-pages/entando-k8s-app-controller/PR-18/jacoco/org.entando.kubernetes.controller.app/JbossDatasourceValidation.html
Publishing https://raw.githubusercontent.com/entando-k8s/devops-results/gh-pages/entando-k8s-app-controller/PR-18/jacoco/org.entando.kubernetes.controller.app/JbossDatasourceValidation.java.html
Publishing https://raw.githubusercontent.com/entando-k8s/devops-results/gh-pages/entando-k8s-app-controller/PR-18/jacoco/org.entando.kubernetes.controller.app/index.html
Publishing https://raw.githubusercontent.com/entando-k8s/devops-results/gh-pages/entando-k8s-app-controller/PR-18/jacoco/org.entando.kubernetes.controller.app/index.source.html
Publishing https://raw.githubusercontent.com/entando-k8s/devops-results/gh-pages/entando-k8s-app-controller/PR-18/licenses.html
Publishing https://raw.githubusercontent.com/entando-k8s/devops-results/gh-pages/entando-k8s-app-controller/PR-18/plugins.html
Publishing https://raw.githubusercontent.com/entando-k8s/devops-results/gh-pages/entando-k8s-app-controller/PR-18/project-info.html
Publishing https://raw.githubusercontent.com/entando-k8s/devops-results/gh-pages/entando-k8s-app-controller/PR-18/scm.html
Publishing https://raw.githubusercontent.com/entando-k8s/devops-results/gh-pages/entando-k8s-app-controller/PR-18/summary.html
Publishing https://raw.githubusercontent.com/entando-k8s/devops-results/gh-pages/entando-k8s-app-controller/PR-18/surefire-report.html
stashed: https://raw.githubusercontent.com/entando-k8s/devops-results/gh-pages/entando-k8s-app-controller/PR-18/checkstyle.html
stashed: https://raw.githubusercontent.com/entando-k8s/devops-results/gh-pages/entando-k8s-app-controller/PR-18/checkstyle.rss
stashed: https://raw.githubusercontent.com/entando-k8s/devops-results/gh-pages/entando-k8s-app-controller/PR-18/css/maven-base.css
stashed: https://raw.githubusercontent.com/entando-k8s/devops-results/gh-pages/entando-k8s-app-controller/PR-18/css/maven-theme.css
stashed: https://raw.githubusercontent.com/entando-k8s/devops-results/gh-pages/entando-k8s-app-controller/PR-18/css/print.css
stashed: https://raw.githubusercontent.com/entando-k8s/devops-results/gh-pages/entando-k8s-app-controller/PR-18/css/site.css
stashed: https://raw.githubusercontent.com/entando-k8s/devops-results/gh-pages/entando-k8s-app-controller/PR-18/dependency-check-junit.xml
stashed: https://raw.githubusercontent.com/entando-k8s/devops-results/gh-pages/entando-k8s-app-controller/PR-18/dependency-check-report.html
stashed: https://raw.githubusercontent.com/entando-k8s/devops-results/gh-pages/entando-k8s-app-controller/PR-18/dependency-check-report.xml
stashed: https://raw.githubusercontent.com/entando-k8s/devops-results/gh-pages/entando-k8s-app-controller/PR-18/dependency-info.html
stashed: https://raw.githubusercontent.com/entando-k8s/devops-results/gh-pages/entando-k8s-app-controller/PR-18/images/collapsed.gif
stashed: https://raw.githubusercontent.com/entando-k8s/devops-results/gh-pages/entando-k8s-app-controller/PR-18/images/expanded.gif
stashed: https://raw.githubusercontent.com/entando-k8s/devops-results/gh-pages/entando-k8s-app-controller/PR-18/images/external.png
stashed: https://raw.githubusercontent.com/entando-k8s/devops-results/gh-pages/entando-k8s-app-controller/PR-18/images/icon_error_sml.gif
stashed: https://raw.githubusercontent.com/entando-k8s/devops-results/gh-pages/entando-k8s-app-controller/PR-18/images/icon_info_sml.gif
stashed: https://raw.githubusercontent.com/entando-k8s/devops-results/gh-pages/entando-k8s-app-controller/PR-18/images/icon_success_sml.gif
stashed: https://raw.githubusercontent.com/entando-k8s/devops-results/gh-pages/entando-k8s-app-controller/PR-18/images/icon_warning_sml.gif
stashed: https://raw.githubusercontent.com/entando-k8s/devops-results/gh-pages/entando-k8s-app-controller/PR-18/images/logos/build-by-maven-black.png
stashed: https://raw.githubusercontent.com/entando-k8s/devops-results/gh-pages/entando-k8s-app-controller/PR-18/images/logos/build-by-maven-white.png
stashed: https://raw.githubusercontent.com/entando-k8s/devops-results/gh-pages/entando-k8s-app-controller/PR-18/images/logos/maven-feather.png
stashed: https://raw.githubusercontent.com/entando-k8s/devops-results/gh-pages/entando-k8s-app-controller/PR-18/images/newwindow.png
stashed: https://raw.githubusercontent.com/entando-k8s/devops-results/gh-pages/entando-k8s-app-controller/PR-18/images/rss.png
stashed: https://raw.githubusercontent.com/entando-k8s/devops-results/gh-pages/entando-k8s-app-controller/PR-18/index.html
stashed: https://raw.githubusercontent.com/entando-k8s/devops-results/gh-pages/entando-k8s-app-controller/PR-18/issue-management.html
stashed: https://raw.githubusercontent.com/entando-k8s/devops-results/gh-pages/entando-k8s-app-controller/PR-18/jacoco/index.html
stashed: https://raw.githubusercontent.com/entando-k8s/devops-results/gh-pages/entando-k8s-app-controller/PR-18/jacoco/jacoco-resources/branchfc.gif
stashed: https://raw.githubusercontent.com/entando-k8s/devops-results/gh-pages/entando-k8s-app-controller/PR-18/jacoco/jacoco-resources/branchnc.gif
stashed: https://raw.githubusercontent.com/entando-k8s/devops-results/gh-pages/entando-k8s-app-controller/PR-18/jacoco/jacoco-resources/branchpc.gif
stashed: https://raw.githubusercontent.com/entando-k8s/devops-results/gh-pages/entando-k8s-app-controller/PR-18/jacoco/jacoco-resources/bundle.gif
stashed: https://raw.githubusercontent.com/entando-k8s/devops-results/gh-pages/entando-k8s-app-controller/PR-18/jacoco/jacoco-resources/class.gif
stashed: https://raw.githubusercontent.com/entando-k8s/devops-results/gh-pages/entando-k8s-app-controller/PR-18/jacoco/jacoco-resources/down.gif
stashed: https://raw.githubusercontent.com/entando-k8s/devops-results/gh-pages/entando-k8s-app-controller/PR-18/jacoco/jacoco-resources/greenbar.gif
stashed: https://raw.githubusercontent.com/entando-k8s/devops-results/gh-pages/entando-k8s-app-controller/PR-18/jacoco/jacoco-resources/group.gif
stashed: https://raw.githubusercontent.com/entando-k8s/devops-results/gh-pages/entando-k8s-app-controller/PR-18/jacoco/jacoco-resources/method.gif
stashed: https://raw.githubusercontent.com/entando-k8s/devops-results/gh-pages/entando-k8s-app-controller/PR-18/jacoco/jacoco-resources/package.gif
stashed: https://raw.githubusercontent.com/entando-k8s/devops-results/gh-pages/entando-k8s-app-controller/PR-18/jacoco/jacoco-resources/prettify.css
stashed: https://raw.githubusercontent.com/entando-k8s/devops-results/gh-pages/entando-k8s-app-controller/PR-18/jacoco/jacoco-resources/prettify.js
stashed: https://raw.githubusercontent.com/entando-k8s/devops-results/gh-pages/entando-k8s-app-controller/PR-18/jacoco/jacoco-resources/redbar.gif
stashed: https://raw.githubusercontent.com/entando-k8s/devops-results/gh-pages/entando-k8s-app-controller/PR-18/jacoco/jacoco-resources/report.css
stashed: https://raw.githubusercontent.com/entando-k8s/devops-results/gh-pages/entando-k8s-app-controller/PR-18/jacoco/jacoco-resources/report.gif
stashed: https://raw.githubusercontent.com/entando-k8s/devops-results/gh-pages/entando-k8s-app-controller/PR-18/jacoco/jacoco-resources/session.gif
stashed: https://raw.githubusercontent.com/entando-k8s/devops-results/gh-pages/entando-k8s-app-controller/PR-18/jacoco/jacoco-resources/sort.gif
stashed: https://raw.githubusercontent.com/entando-k8s/devops-results/gh-pages/entando-k8s-app-controller/PR-18/jacoco/jacoco-resources/sort.js
stashed: https://raw.githubusercontent.com/entando-k8s/devops-results/gh-pages/entando-k8s-app-controller/PR-18/jacoco/jacoco-resources/source.gif
stashed: https://raw.githubusercontent.com/entando-k8s/devops-results/gh-pages/entando-k8s-app-controller/PR-18/jacoco/jacoco-resources/up.gif
stashed: https://raw.githubusercontent.com/entando-k8s/devops-results/gh-pages/entando-k8s-app-controller/PR-18/jacoco/jacoco-sessions.html
stashed: https://raw.githubusercontent.com/entando-k8s/devops-results/gh-pages/entando-k8s-app-controller/PR-18/jacoco/jacoco.csv
stashed: https://raw.githubusercontent.com/entando-k8s/devops-results/gh-pages/entando-k8s-app-controller/PR-18/jacoco/jacoco.xml
stashed: https://raw.githubusercontent.com/entando-k8s/devops-results/gh-pages/entando-k8s-app-controller/PR-18/jacoco/org.entando.kubernetes.controller.app/AppBuilderDeployableContainer.html
stashed: https://raw.githubusercontent.com/entando-k8s/devops-results/gh-pages/entando-k8s-app-controller/PR-18/jacoco/org.entando.kubernetes.controller.app/AppBuilderDeployableContainer.java.html
stashed: https://raw.githubusercontent.com/entando-k8s/devops-results/gh-pages/entando-k8s-app-controller/PR-18/jacoco/org.entando.kubernetes.controller.app/ComponentManagerDeployableContainer.html
stashed: https://raw.githubusercontent.com/entando-k8s/devops-results/gh-pages/entando-k8s-app-controller/PR-18/jacoco/org.entando.kubernetes.controller.app/ComponentManagerDeployableContainer.java.html
stashed: https://raw.githubusercontent.com/entando-k8s/devops-results/gh-pages/entando-k8s-app-controller/PR-18/jacoco/org.entando.kubernetes.controller.app/EntandoAppController.html
stashed: https://raw.githubusercontent.com/entando-k8s/devops-results/gh-pages/entando-k8s-app-controller/PR-18/jacoco/org.entando.kubernetes.controller.app/EntandoAppController.java.html
stashed: https://raw.githubusercontent.com/entando-k8s/devops-results/gh-pages/entando-k8s-app-controller/PR-18/jacoco/org.entando.kubernetes.controller.app/EntandoAppDeployableContainer.html
stashed: https://raw.githubusercontent.com/entando-k8s/devops-results/gh-pages/entando-k8s-app-controller/PR-18/jacoco/org.entando.kubernetes.controller.app/EntandoAppDeployableContainer.java.html
stashed: https://raw.githubusercontent.com/entando-k8s/devops-results/gh-pages/entando-k8s-app-controller/PR-18/jacoco/org.entando.kubernetes.controller.app/EntandoAppDeploymentResult.html
stashed: https://raw.githubusercontent.com/entando-k8s/devops-results/gh-pages/entando-k8s-app-controller/PR-18/jacoco/org.entando.kubernetes.controller.app/EntandoAppDeploymentResult.java.html
stashed: https://raw.githubusercontent.com/entando-k8s/devops-results/gh-pages/entando-k8s-app-controller/PR-18/jacoco/org.entando.kubernetes.controller.app/EntandoAppServerDeployable.html
stashed: https://raw.githubusercontent.com/entando-k8s/devops-results/gh-pages/entando-k8s-app-controller/PR-18/jacoco/org.entando.kubernetes.controller.app/EntandoAppServerDeployable.java.html
stashed: https://raw.githubusercontent.com/entando-k8s/devops-results/gh-pages/entando-k8s-app-controller/PR-18/jacoco/org.entando.kubernetes.controller.app/EntandoDatabaseConsumingContainer$EntandoAppDatabasePopulator.html
stashed: https://raw.githubusercontent.com/entando-k8s/devops-results/gh-pages/entando-k8s-app-controller/PR-18/jacoco/org.entando.kubernetes.controller.app/EntandoDatabaseConsumingContainer.html
stashed: https://raw.githubusercontent.com/entando-k8s/devops-results/gh-pages/entando-k8s-app-controller/PR-18/jacoco/org.entando.kubernetes.controller.app/EntandoDatabaseConsumingContainer.java.html
stashed: https://raw.githubusercontent.com/entando-k8s/devops-results/gh-pages/entando-k8s-app-controller/PR-18/jacoco/org.entando.kubernetes.controller.app/JbossDatasourceValidation.html
stashed: https://raw.githubusercontent.com/entando-k8s/devops-results/gh-pages/entando-k8s-app-controller/PR-18/jacoco/org.entando.kubernetes.controller.app/JbossDatasourceValidation.java.html
stashed: https://raw.githubusercontent.com/entando-k8s/devops-results/gh-pages/entando-k8s-app-controller/PR-18/jacoco/org.entando.kubernetes.controller.app/index.html
stashed: https://raw.githubusercontent.com/entando-k8s/devops-results/gh-pages/entando-k8s-app-controller/PR-18/jacoco/org.entando.kubernetes.controller.app/index.source.html
stashed: https://raw.githubusercontent.com/entando-k8s/devops-results/gh-pages/entando-k8s-app-controller/PR-18/licenses.html
stashed: https://raw.githubusercontent.com/entando-k8s/devops-results/gh-pages/entando-k8s-app-controller/PR-18/plugins.html
stashed: https://raw.githubusercontent.com/entando-k8s/devops-results/gh-pages/entando-k8s-app-controller/PR-18/project-info.html
stashed: https://raw.githubusercontent.com/entando-k8s/devops-results/gh-pages/entando-k8s-app-controller/PR-18/scm.html
stashed: https://raw.githubusercontent.com/entando-k8s/devops-results/gh-pages/entando-k8s-app-controller/PR-18/summary.html
stashed: https://raw.githubusercontent.com/entando-k8s/devops-results/gh-pages/entando-k8s-app-controller/PR-18/surefire-report.html
error: etcdserver: request is too large
  % Total    % Received % Xferd  Average Speed   Time    Time     Time  Current
                                 Dload  Upload   Total   Spent    Left  Speed
  0     0    0     0    0     0      0      0 --:--:-- --:--:-- --:--:--     0100  1867  100  1649  100   218   2430    321 --:--:-- --:--:-- --:--:--  2432
{
  "url": "https://api.github.com/repos/entando-k8s/entando-k8s-app-controller/statuses/958cfcbff2105edfae82339408a04736fdb377b0",
  "avatar_url": "https://avatars2.githubusercontent.com/u/57885396?v=4",
  "id": 11063345261,
  "node_id": "MDEzOlN0YXR1c0NvbnRleHQxMTA2MzM0NTI2MQ==",
  "state": "success",
  "description": "Pre-deployment tests success!",
  "target_url": "https://entando-k8s.github.io/devops-results/entando-k8s-app-controller/PR-18/surefire-report.html",
  "context": "Pre-deployment tests",
  "created_at": "2020-10-15T16:18:16Z",
  "updated_at": "2020-10-15T16:18:16Z",
  "creator": {
    "login": "entando-**",
    "id": 57885396,
    "node_id": "MDQ6VXNlcjU3ODg1Mzk2",
    "avatar_url": "https://avatars2.githubusercontent.com/u/57885396?v=4",
    "gravatar_id": "",
    "url": "https://api.github.com/users/**********",
    "html_url": "https://github.com/entando-**",
    "followers_url": "https://api.github.com/users/entando-**/followers",
    "following_url": "https://api.github.com/users/entando-**/following{/other_user}",
    "gists_url": "https://api.github.com/users/**********/gists{/gist_id}",
    "starred_url": "https://api.github.com/users/**********/starred{/owner}{/repo}",
    "subscriptions_url": "https://api.github.com/users/entando-**/subscriptions",
    "organizations_url": "https://api.github.com/users/**********/orgs",
    "repos_url": "https://api.github.com/users/**********/repos",
    "events_url": "https://api.github.com/users/**********/events{/privacy}",
    "received_events_url": "https://api.github.com/users/entando-**/received_events",
    "type": "User",
    "site_*****": *****
  }
}
  % Total    % Received % Xferd  Average Speed   Time    Time     Time  Current
                                 Dload  Upload   Total   Spent    Left  Speed
{
  "url": "https://api.github.com/repos/entando-k8s/entando-k8s-app-controller/statuses/958cfcbff2105edfae82339408a04736fdb377b0",
  "avatar_url": "https://avatars2.githubusercontent.com/u/57885396?v=4",
  "id": 11063345397,
  "node_id": "MDEzOlN0YXR1c0NvbnRleHQxMTA2MzM0NTM5Nw==",
  "state": "success",
  "description": "Checkstyle success!",
  "target_url": "https://entando-k8s.github.io/devops-results/entando-k8s-app-controller/PR-18/checkstyle.html",
  "context": "Checkstyle",
  "created_at": "2020-10-15T16:18:16Z",
  "updated_at": "2020-10-15T16:18:16Z",
  "creator": {
    "login": "entando-**",
    "id": 57885396,
    "node_id": "MDQ6VXNlcjU3ODg1Mzk2",
    "avatar_url": "https://avatars2.githubusercontent.com/u/57885396?v=4",
    "gravatar_id": "",
    "url": "https://api.github.com/users/entando-**",
    "html_url": "https://github.com/**********",
    "followers_url": "https://api.github.com/users/**********/followers",
    "following_url": "https://api.github.com/users/**********/following{/other_user}",
    "gists_url": "https://api.github.com/users/**********/gists{/gist_id}",
    "starred_url": "https://api.github.com/users/**********/starred{/owner}{/repo}",
    "subscriptions_url": "https://api.github.com/users/**********/subscriptions",
    "organizations_url": "https://api.github.com/users/**********/orgs",
    "repos_url": "https://api.github.com/users/**********/repos",
    "events_url": "https://api.github.com/users/**********/events{/privacy}",
    "received_events_url": "https://api.github.com/users/**********/received_events",
    "type": "User",
    "site_*****": *****
  }
}
  0     0    0     0    0     0      0      0 --:--:-- --:--:-- --:--:--     0  0     0    0     0    0     0      0      0 --:--:-- --:--:-- --:--:--     0100  1817  100  1624  100   193   2546    302 --:--:-- --:--:-- --:--:--  2545
  % Total    % Received % Xferd  Average Speed   Time    Time     Time  Current
                                 Dload  Upload   Total   Spent    Left  Speed
{
  0     0    0     0    0     0      0      0 --:--:-- --:--:-- --:--:--     0 11  1839    0     0  100   204      0    316 --:--:-- --:--:-- --:--:--   316100  1839  100  1635  100   204   2535    316 --:--:-- --:--:-- --:--:--  2534
  "url": "https://api.github.com/repos/entando-k8s/entando-k8s-app-controller/statuses/958cfcbff2105edfae82339408a04736fdb377b0",
  "avatar_url": "https://avatars2.githubusercontent.com/u/57885396?v=4",
  "id": 11063345528,
  "node_id": "MDEzOlN0YXR1c0NvbnRleHQxMTA2MzM0NTUyOA==",
  "state": "success",
  "description": "OWASP CVE success!",
  "target_url": "https://entando-k8s.github.io/devops-results/entando-k8s-app-controller/PR-18/dependency-check-report.html",
  "context": "OWASP CVE",
  "created_at": "2020-10-15T16:18:17Z",
  "updated_at": "2020-10-15T16:18:17Z",
  "creator": {
    "login": "entando-**",
    "id": 57885396,
    "node_id": "MDQ6VXNlcjU3ODg1Mzk2",
    "avatar_url": "https://avatars2.githubusercontent.com/u/57885396?v=4",
    "gravatar_id": "",
    "url": "https://api.github.com/users/entando-**",
    "html_url": "https://github.com/entando-**",
    "followers_url": "https://api.github.com/users/**********/followers",
    "following_url": "https://api.github.com/users/**********/following{/other_user}",
    "gists_url": "https://api.github.com/users/entando-**/gists{/gist_id}",
    "starred_url": "https://api.github.com/users/**********/starred{/owner}{/repo}",
    "subscriptions_url": "https://api.github.com/users/**********/subscriptions",
    "organizations_url": "https://api.github.com/users/**********/orgs",
    "repos_url": "https://api.github.com/users/**********/repos",
    "events_url": "https://api.github.com/users/**********/events{/privacy}",
    "received_events_url": "https://api.github.com/users/entando-**/received_events",
    "type": "User",
    "site_*****": *****
  }
}
Congratulations! No build failures found for entando-k8s-app-controller-PR-18.

Showing logs for build [32mentando-k8s-entando-k8s-app-con-llqq6-1[0m stage [32mfrom-build-pack[0m and container [32mstep-build-container-build[0m
Generating tags...
 - entando/entando-k8s-app-controller -> docker.io/entando/entando-k8s-app-controller:0.0.0-SNAPSHOT-PR-18-1
Checking cache...
 - entando/entando-k8s-app-controller: Not found. Building
Building [entando/entando-k8s-app-controller]...
Sending build context to Docker daemon  550.9kBSending build context to Docker daemon  12.09MBSending build context to Docker daemon  25.98MBSending build context to Docker daemon   31.5MBSending build context to Docker daemon     37MBSending build context to Docker daemon  40.02MB
Step 1/6 : FROM fabric8/java-alpine-openjdk8-jre
 ---> 6383f0513235
Step 2/6 : ENV JAVA_OPTIONS "-Dquarkus.http.host=0.0.0.0 -Djava.util.logging.manager=org.jboss.logmanager.LogManager"
 ---> Using cache
 ---> 781f0699f0f0
Step 3/6 : ENV AB_ENABLED jmx_exporter
 ---> Using cache
 ---> 3d03a75b86f8
Step 4/6 : COPY target/lib/* /deployments/lib/
 ---> Using cache
 ---> 1944aa7b577c
Step 5/6 : COPY target/*-runner.jar /deployments/app.jar
 ---> 976f864b2e98
Step 6/6 : ENTRYPOINT /deployments/run-java.sh
 ---> Running in fe00ee1b33ec
 ---> e2c9b8eea90c
Successfully built e2c9b8eea90c
The push refers to a repository [docker.io/entando/entando-k8s-app-controller]
3c91db574641: Preparing
7916f3998f7b: Preparing
a37d6baa8a5e: Preparing
4246c252be29: Preparing
bbc6d89e45a1: Preparing
6a8968c88953: Preparing
c11f0dd7f64f: Preparing
081a861c7ecd: Preparing
df5b415aa3df: Preparing
77cae8ab23bf: Preparing
c11f0dd7f64f: Waiting
081a861c7ecd: Waiting
df5b415aa3df: Waiting
77cae8ab23bf: Waiting
6a8968c88953: Waiting
a37d6baa8a5e: Layer already exists
bbc6d89e45a1: Layer already exists
4246c252be29: Layer already exists
081a861c7ecd: Layer already exists
c11f0dd7f64f: Layer already exists
6a8968c88953: Layer already exists
7916f3998f7b: Mounted from entando/entando-k8s-cluster-infrastructure-controller
df5b415aa3df: Layer already exists
77cae8ab23bf: Layer already exists
3c91db574641: Pushed
0.0.0-SNAPSHOT-PR-18-1: digest: sha256:5052b6c5d58a5c747414f2a52ff4d158cc548af1c4b7dbaee20746da0ac004a0 size: 2410
There is a new version (1.15.0) of Skaffold available. Download it at https://storage.googleapis.com/skaffold/releases/latest/skaffold-linux-amd64


Showing logs for build [32mentando-k8s-entando-k8s-app-con-llqq6-1[0m stage [32mfrom-build-pack[0m and container [32mstep-postbuild-post-build[0m
no CVE provider running in the current ** namespace so skip adding image to be analysed

Showing logs for build [32mentando-k8s-entando-k8s-app-con-llqq6-1[0m stage [32mfrom-build-pack[0m and container [32mstep-promote-make-preview[0m
sed -i -e "s/version:.*/version: 0.0.0-SNAPSHOT-PR-18-1/" Chart.yaml
sed -i -e "s/version:.*/version: 0.0.0-SNAPSHOT-PR-18-1/" ../*/Chart.yaml
sed -i -e "s|repository:.*|repository: docker.io\/entando\/entando-k8s-keycloak-controller|" values.yaml
sed -i -e "s/tag:.*/tag: 0.0.0-SNAPSHOT-PR-18-1/" values.yaml
echo "  version: 0.0.0-SNAPSHOT-PR-18-1" >> requirements.yaml
** step helm build
WARNING: No $CHART_REPOSITORY defined so using the default value of: http://jenkins-x-chartmuseum:8080
Adding missing Helm repo: storage.googleapis.com https://storage.googleapis.com/chartmuseum.jenkins-x.io
Successfully added Helm repository storage.googleapis.com.
Adding missing Helm repo: jenkins-x-chartmuseum http://jenkins-x-chartmuseum:8080
Successfully added Helm repository jenkins-x-chartmuseum.
WARNING: No $CHART_REPOSITORY defined so using the default value of: http://jenkins-x-chartmuseum:8080

Showing logs for build [32mentando-k8s-entando-k8s-app-con-llqq6-1[0m stage [32mfrom-build-pack[0m and container [32mstep-promote-jx-preview[0m
Creating a preview
Found commit author match for: ampie with email address: ampie.private@gmail.com
Created environment entando-k8s-app-controller-acpr18
Namespace entando-k8s-app-controller-acpr18 created 
expose:
  Annotations:
    helm.sh/hook: post-install,post-upgrade
    helm.sh/hook-delete-policy: hook-succeeded
  config:
    domain: *************
    exposer: Ingress
    http: "true"
preview:
  image:
    repository: docker.io/entando/entando-k8s-app-controller
    tag: 0.0.0-SNAPSHOT-PR-18-1

WARNING: Could not find the service URL in namespace entando-k8s-app-controller-acpr18 for names : Timed out after 1m0s, last error: %!s(<nil>)
Updating PipelineActivities entando-k8s-entando-k8s-app-controller-pr-18-1 which has status Running
WARNING: Failed to find the service entando-k8s-app-controller : failed to find service entando-k8s-app-controller in namespace entando-k8s-app-controller-acpr18: services "entando-k8s-app-controller" not found

Showing logs for build [32mentando-k8s-entando-k8s-app-con-llqq6-1[0m stage [32mfrom-build-pack[0m and container [32mstep-promote-run-post-deployment-tests[0m
Picked up _JAVA_OPTIONS: -XX:+UnlockExperimentalVMOptions -Dsun.zip.disableMemoryMapping=true -XX:+UseParallelGC -XX:MinHeapFreeRatio=5 -XX:MaxHeapFreeRatio=10 -XX:GCTimeRatio=4 -XX:AdaptiveSizePolicyWeight=90 -Xms1000m -Xmx12000m
[INFO] Scanning for projects...
[WARNING] 
[WARNING] Some problems were encountered while building the effective model for org.entando:entando-k8s-app-controller:jar:0.0.0-SNAPSHOT-PR-18-1
[WARNING] 'dependencyManagement.dependencies.dependency.(groupId:artifactId:type:classifier)' must be unique: org.yaml:snakeyaml:jar -> version 1.27 vs ${snakeyaml.version} @ org.entando:entando-quarkus-parent:6.2.5, /home/jenkins/.mvnrepository/org/entando/entando-quarkus-parent/6.2.5/entando-quarkus-parent-6.2.5.pom, line 283, column 25
[WARNING] 
[WARNING] It is highly recommended to fix these problems because they threaten the stability of your build.
[WARNING] 
[WARNING] For this reason, future Maven versions might no longer support building such malformed projects.
[WARNING] 
[INFO] 
[INFO] ---------------< org.entando:entando-k8s-app-controller >---------------
[INFO] Building Entando K8S Controller for Entando App Deployments 0.0.0-SNAPSHOT-PR-18-1
[INFO] --------------------------------[ jar ]---------------------------------
[INFO] 
[INFO] --- maven-resources-plugin:2.6:resources (default-resources) @ entando-k8s-app-controller ---
[INFO] Using 'UTF-8' encoding to copy filtered resources.
[INFO] Copying 3 resources
[INFO] 
[INFO] --- maven-compiler-plugin:3.8.1:compile (default-compile) @ entando-k8s-app-controller ---
[INFO] Nothing to compile - all classes are up to date
[INFO] 
[INFO] --- maven-resources-plugin:2.6:testResources (default-testResources) @ entando-k8s-app-controller ---
[INFO] Using 'UTF-8' encoding to copy filtered resources.
[INFO] Copying 3 resources
[INFO] 
[INFO] --- maven-compiler-plugin:3.8.1:testCompile (default-testCompile) @ entando-k8s-app-controller ---
[INFO] Nothing to compile - all classes are up to date
[INFO] 
[INFO] --- maven-surefire-plugin:3.0.0-M1:test (default-test) @ entando-k8s-app-controller ---
[INFO] Tests are skipped.
[INFO] 
[INFO] --- maven-jar-plugin:3.2.0:jar (default-jar) @ entando-k8s-app-controller ---
[INFO] 
[INFO] --- maven-jar-plugin:3.2.0:test-jar (build-test-jar) @ entando-k8s-app-controller ---
[INFO] 
[INFO] --- maven-failsafe-plugin:3.0.0-M4:integration-test (run-tests) @ entando-k8s-app-controller ---
[INFO] 
[INFO] -------------------------------------------------------
[INFO]  T E S T S
[INFO] -------------------------------------------------------
[INFO] Running org.entando.kubernetes.controller.app.interprocesstests.AddEntandoAppWithExternalPostgresqlDatabaseIT
Oct 15, 2020 4:20:33 PM org.entando.kubernetes.controller.integrationtest.support.DeletionWaiter lambda$deleteSingleItem$2
WARNING: Deleting pods  entando-k8s-app-controller-acpr18/pg-test
Oct 15, 2020 4:20:33 PM org.entando.kubernetes.controller.integrationtest.support.DeletionWaiter lambda$deleteSingleItem$2
WARNING: Deleting entandodatabaseservices  entando-k8s-app-controller-acpr18/my-external-db-acpr18
Oct 15, 2020 4:20:34 PM org.entando.kubernetes.controller.integrationtest.support.DeletionWaiter lambda$deleteSingleItem$2
WARNING: Deleting secrets  entando-k8s-app-controller-acpr18/test-secret
ADDED:PodStatus(conditions=[PodCondition(lastProbeTime=null, lastTransitionTime=2020-10-15T16:20:34Z, message=null, reason=null, status=True, type=PodScheduled, additionalProperties={})], containerStatuses=[], ephemeralContainerStatuses=[], hostIP=null, initContainerStatuses=[], message=null, nominatedNodeName=null, phase=Pending, podIP=null, podIPs=[], qosClass=BestEffort, reason=null, startTime=null, additionalProperties={})
MODIFIED:PodStatus(conditions=[PodCondition(lastProbeTime=null, lastTransitionTime=2020-10-15T16:20:34Z, message=null, reason=null, status=True, type=Initialized, additionalProperties={}), PodCondition(lastProbeTime=null, lastTransitionTime=2020-10-15T16:20:34Z, message=containers with unready status: [pg-container], reason=ContainersNotReady, status=False, type=Ready, additionalProperties={}), PodCondition(lastProbeTime=null, lastTransitionTime=null, message=containers with unready status: [pg-container], reason=ContainersNotReady, status=False, type=ContainersReady, additionalProperties={}), PodCondition(lastProbeTime=null, lastTransitionTime=2020-10-15T16:20:34Z, message=null, reason=null, status=True, type=PodScheduled, additionalProperties={})], containerStatuses=[ContainerStatus(containerID=null, image=centos/********ql-96-centos7:latest, imageID=, lastState=ContainerState(running=null, terminated=null, waiting=null, additionalProperties={}), name=pg-container, ready=*****, restartCount=0, started=null, state=ContainerState(running=null, terminated=null, waiting=ContainerStateWaiting(message=null, reason=ContainerCreating, additionalProperties={}), additionalProperties={}), additionalProperties={})], ephemeralContainerStatuses=[], hostIP=54.36.53.206, initContainerStatuses=[], message=null, nominatedNodeName=null, phase=Pending, podIP=null, podIPs=[], qosClass=BestEffort, reason=null, startTime=2020-10-15T16:20:34Z, additionalProperties={})
MODIFIED:PodStatus(conditions=[PodCondition(lastProbeTime=null, lastTransitionTime=2020-10-15T16:20:34Z, message=null, reason=null, status=True, type=Initialized, additionalProperties={}), PodCondition(lastProbeTime=null, lastTransitionTime=2020-10-15T16:20:34Z, message=containers with unready status: [pg-container], reason=ContainersNotReady, status=False, type=Ready, additionalProperties={}), PodCondition(lastProbeTime=null, lastTransitionTime=null, message=containers with unready status: [pg-container], reason=ContainersNotReady, status=False, type=ContainersReady, additionalProperties={}), PodCondition(lastProbeTime=null, lastTransitionTime=2020-10-15T16:20:34Z, message=null, reason=null, status=True, type=PodScheduled, additionalProperties={})], containerStatuses=[ContainerStatus(containerID=docker://fef0c75eed67540bec1466b38c048d11349413f379dd0a54cb16fd6153ca3273, image=docker.io/centos/********ql-96-centos7:latest, imageID=docker-pullable://docker.io/centos/********ql-96-centos7@sha256:b681d78125361519180a6ac05242c296f8906c11eab7e207b5ca9a89b6344392, lastState=ContainerState(running=null, terminated=null, waiting=null, additionalProperties={}), name=pg-container, ready=*****, restartCount=0, started=null, state=ContainerState(running=ContainerStateRunning(startedAt=2020-10-15T16:20:38Z, additionalProperties={}), terminated=null, waiting=null, additionalProperties={}), additionalProperties={})], ephemeralContainerStatuses=[], hostIP=54.36.53.206, initContainerStatuses=[], message=null, nominatedNodeName=null, phase=Running, podIP=10.128.0.253, podIPs=[], qosClass=BestEffort, reason=null, startTime=2020-10-15T16:20:34Z, additionalProperties={})
MODIFIED:PodStatus(conditions=[PodCondition(lastProbeTime=null, lastTransitionTime=2020-10-15T16:20:34Z, message=null, reason=null, status=True, type=Initialized, additionalProperties={}), PodCondition(lastProbeTime=null, lastTransitionTime=2020-10-15T16:20:49Z, message=null, reason=null, status=True, type=Ready, additionalProperties={}), PodCondition(lastProbeTime=null, lastTransitionTime=null, message=null, reason=null, status=True, type=ContainersReady, additionalProperties={}), PodCondition(lastProbeTime=null, lastTransitionTime=2020-10-15T16:20:34Z, message=null, reason=null, status=True, type=PodScheduled, additionalProperties={})], containerStatuses=[ContainerStatus(containerID=docker://fef0c75eed67540bec1466b38c048d11349413f379dd0a54cb16fd6153ca3273, image=docker.io/centos/********ql-96-centos7:latest, imageID=docker-pullable://docker.io/centos/********ql-96-centos7@sha256:b681d78125361519180a6ac05242c296f8906c11eab7e207b5ca9a89b6344392, lastState=ContainerState(running=null, terminated=null, waiting=null, additionalProperties={}), name=pg-container, ready=true, restartCount=0, started=null, state=ContainerState(running=ContainerStateRunning(startedAt=2020-10-15T16:20:38Z, additionalProperties={}), terminated=null, waiting=null, additionalProperties={}), additionalProperties={})], ephemeralContainerStatuses=[], hostIP=54.36.53.206, initContainerStatuses=[], message=null, nominatedNodeName=null, phase=Running, podIP=10.128.0.253, podIPs=[], qosClass=BestEffort, reason=null, startTime=2020-10-15T16:20:34Z, additionalProperties={})
Finished: pg-test
!!!!!!!On EntandoKeycloakServer add!!!!!!!!!
ADDED:PodStatus(conditions=[PodCondition(lastProbeTime=null, lastTransitionTime=2020-10-15T16:21:00Z, message=null, reason=null, status=True, type=PodScheduled, additionalProperties={})], containerStatuses=[], ephemeralContainerStatuses=[], hostIP=null, initContainerStatuses=[], message=null, nominatedNodeName=null, phase=Pending, podIP=null, podIPs=[], qosClass=Burstable, reason=null, startTime=null, additionalProperties={})
MODIFIED:PodStatus(conditions=[PodCondition(lastProbeTime=null, lastTransitionTime=2020-10-15T16:21:00Z, message=null, reason=null, status=True, type=Initialized, additionalProperties={}), PodCondition(lastProbeTime=null, lastTransitionTime=2020-10-15T16:21:00Z, message=containers with unready status: [server-container], reason=ContainersNotReady, status=False, type=Ready, additionalProperties={}), PodCondition(lastProbeTime=null, lastTransitionTime=null, message=containers with unready status: [server-container], reason=ContainersNotReady, status=False, type=ContainersReady, additionalProperties={}), PodCondition(lastProbeTime=null, lastTransitionTime=2020-10-15T16:21:00Z, message=null, reason=null, status=True, type=PodScheduled, additionalProperties={})], containerStatuses=[ContainerStatus(containerID=null, image=docker.io/entando/entando-keycloak:6.1.2, imageID=, lastState=ContainerState(running=null, terminated=null, waiting=null, additionalProperties={}), name=server-container, ready=*****, restartCount=0, started=null, state=ContainerState(running=null, terminated=null, waiting=ContainerStateWaiting(message=null, reason=ContainerCreating, additionalProperties={}), additionalProperties={}), additionalProperties={})], ephemeralContainerStatuses=[], hostIP=54.36.53.206, initContainerStatuses=[], message=null, nominatedNodeName=null, phase=Pending, podIP=null, podIPs=[], qosClass=Burstable, reason=null, startTime=2020-10-15T16:21:00Z, additionalProperties={})
MODIFIED:PodStatus(conditions=[PodCondition(lastProbeTime=null, lastTransitionTime=2020-10-15T16:21:00Z, message=null, reason=null, status=True, type=Initialized, additionalProperties={}), PodCondition(lastProbeTime=null, lastTransitionTime=2020-10-15T16:21:00Z, message=containers with unready status: [server-container], reason=ContainersNotReady, status=False, type=Ready, additionalProperties={}), PodCondition(lastProbeTime=null, lastTransitionTime=null, message=containers with unready status: [server-container], reason=ContainersNotReady, status=False, type=ContainersReady, additionalProperties={}), PodCondition(lastProbeTime=null, lastTransitionTime=2020-10-15T16:21:00Z, message=null, reason=null, status=True, type=PodScheduled, additionalProperties={})], containerStatuses=[ContainerStatus(containerID=docker://b9d878fa8adb0b669cd2b92242cd4b7e2de2ad92e0b13f6c998a649d9e3bdd77, image=docker.io/entando/entando-keycloak:6.1.2, imageID=docker-pullable://docker.io/entando/entando-keycloak@sha256:a21877431e78b5e0eae9b174d41b29c144e3e9151ee7efb357e032b36782b561, lastState=ContainerState(running=null, terminated=null, waiting=null, additionalProperties={}), name=server-container, ready=*****, restartCount=0, started=null, state=ContainerState(running=ContainerStateRunning(startedAt=2020-10-15T16:21:09Z, additionalProperties={}), terminated=null, waiting=null, additionalProperties={}), additionalProperties={})], ephemeralContainerStatuses=[], hostIP=54.36.53.206, initContainerStatuses=[], message=null, nominatedNodeName=null, phase=Running, podIP=10.128.1.1, podIPs=[], qosClass=Burstable, reason=null, startTime=2020-10-15T16:21:00Z, additionalProperties={})
MODIFIED:PodStatus(conditions=[PodCondition(lastProbeTime=null, lastTransitionTime=2020-10-15T16:21:00Z, message=null, reason=null, status=True, type=Initialized, additionalProperties={}), PodCondition(lastProbeTime=null, lastTransitionTime=2020-10-15T16:22:54Z, message=null, reason=null, status=True, type=Ready, additionalProperties={}), PodCondition(lastProbeTime=null, lastTransitionTime=null, message=null, reason=null, status=True, type=ContainersReady, additionalProperties={}), PodCondition(lastProbeTime=null, lastTransitionTime=2020-10-15T16:21:00Z, message=null, reason=null, status=True, type=PodScheduled, additionalProperties={})], containerStatuses=[ContainerStatus(containerID=docker://b9d878fa8adb0b669cd2b92242cd4b7e2de2ad92e0b13f6c998a649d9e3bdd77, image=docker.io/entando/entando-keycloak:6.1.2, imageID=docker-pullable://docker.io/entando/entando-keycloak@sha256:a21877431e78b5e0eae9b174d41b29c144e3e9151ee7efb357e032b36782b561, lastState=ContainerState(running=null, terminated=null, waiting=null, additionalProperties={}), name=server-container, ready=true, restartCount=0, started=null, state=ContainerState(running=ContainerStateRunning(startedAt=2020-10-15T16:21:09Z, additionalProperties={}), terminated=null, waiting=null, additionalProperties={}), additionalProperties={})], ephemeralContainerStatuses=[], hostIP=54.36.53.206, initContainerStatuses=[], message=null, nominatedNodeName=null, phase=Running, podIP=10.128.1.1, podIPs=[], qosClass=Burstable, reason=null, startTime=2020-10-15T16:21:00Z, additionalProperties={})
Finished: test-keycloak-acpr18-server-deployment-6d475975cf-hqv64
Oct 15, 2020 4:23:09 PM org.entando.kubernetes.controller.integrationtest.support.DeletionWaiter lambda$deleteSingleItem$2
WARNING: Deleting secrets  entando-k8s-app-controller-acpr18/entando-cluster-infrastructure-secret
!!!!!!!On EntandoApp add!!!!!!!!!
ADDED:PodStatus(conditions=[PodCondition(lastProbeTime=null, lastTransitionTime=2020-10-15T16:23:20Z, message=null, reason=null, status=True, type=PodScheduled, additionalProperties={})], containerStatuses=[], ephemeralContainerStatuses=[], hostIP=null, initContainerStatuses=[], message=null, nominatedNodeName=null, phase=Pending, podIP=null, podIPs=[], qosClass=BestEffort, reason=null, startTime=null, additionalProperties={})
MODIFIED:PodStatus(conditions=[PodCondition(lastProbeTime=null, lastTransitionTime=2020-10-15T16:23:20Z, message=containers with incomplete status: [test-entando-acpr18-portdb-schema-creation-job test-entando-acpr18-servdb-schema-creation-job test-entando-acpr18-server-db-population-job test-entando-acpr18-dedb-schema-creation-job], reason=ContainersNotInitialized, status=False, type=Initialized, additionalProperties={}), PodCondition(lastProbeTime=null, lastTransitionTime=2020-10-15T16:23:20Z, message=containers with unready status: [dummy], reason=ContainersNotReady, status=False, type=Ready, additionalProperties={}), PodCondition(lastProbeTime=null, lastTransitionTime=null, message=containers with unready status: [dummy], reason=ContainersNotReady, status=False, type=ContainersReady, additionalProperties={}), PodCondition(lastProbeTime=null, lastTransitionTime=2020-10-15T16:23:20Z, message=null, reason=null, status=True, type=PodScheduled, additionalProperties={})], containerStatuses=[ContainerStatus(containerID=null, image=docker.io/entando/busybox:latest, imageID=, lastState=ContainerState(running=null, terminated=null, waiting=null, additionalProperties={}), name=dummy, ready=*****, restartCount=0, started=null, state=ContainerState(running=null, terminated=null, waiting=ContainerStateWaiting(message=null, reason=PodInitializing, additionalProperties={}), additionalProperties={}), additionalProperties={})], ephemeralContainerStatuses=[], hostIP=54.36.53.206, initContainerStatuses=[ContainerStatus(containerID=null, image=docker.io/entando/entando-k8s-dbjob:6.1.4, imageID=, lastState=ContainerState(running=null, terminated=null, waiting=null, additionalProperties={}), name=test-entando-acpr18-portdb-schema-creation-job, ready=*****, restartCount=0, started=null, state=ContainerState(running=null, terminated=null, waiting=ContainerStateWaiting(message=null, reason=PodInitializing, additionalProperties={}), additionalProperties={}), additionalProperties={}), ContainerStatus(containerID=null, image=docker.io/entando/entando-k8s-dbjob:6.1.4, imageID=, lastState=ContainerState(running=null, terminated=null, waiting=null, additionalProperties={}), name=test-entando-acpr18-servdb-schema-creation-job, ready=*****, restartCount=0, started=null, state=ContainerState(running=null, terminated=null, waiting=ContainerStateWaiting(message=null, reason=PodInitializing, additionalProperties={}), additionalProperties={}), additionalProperties={}), ContainerStatus(containerID=null, image=docker.io/entando/entando-de-app-wildfly:6.2.2, imageID=, lastState=ContainerState(running=null, terminated=null, waiting=null, additionalProperties={}), name=test-entando-acpr18-server-db-population-job, ready=*****, restartCount=0, started=null, state=ContainerState(running=null, terminated=null, waiting=ContainerStateWaiting(message=null, reason=PodInitializing, additionalProperties={}), additionalProperties={}), additionalProperties={}), ContainerStatus(containerID=null, image=docker.io/entando/entando-k8s-dbjob:6.1.4, imageID=, lastState=ContainerState(running=null, terminated=null, waiting=null, additionalProperties={}), name=test-entando-acpr18-dedb-schema-creation-job, ready=*****, restartCount=0, started=null, state=ContainerState(running=null, terminated=null, waiting=ContainerStateWaiting(message=null, reason=PodInitializing, additionalProperties={}), additionalProperties={}), additionalProperties={})], message=null, nominatedNodeName=null, phase=Pending, podIP=null, podIPs=[], qosClass=BestEffort, reason=null, startTime=2020-10-15T16:23:20Z, additionalProperties={})
MODIFIED:PodStatus(conditions=[PodCondition(lastProbeTime=null, lastTransitionTime=2020-10-15T16:23:20Z, message=containers with incomplete status: [test-entando-acpr18-portdb-schema-creation-job test-entando-acpr18-servdb-schema-creation-job test-entando-acpr18-server-db-population-job test-entando-acpr18-dedb-schema-creation-job], reason=ContainersNotInitialized, status=False, type=Initialized, additionalProperties={}), PodCondition(lastProbeTime=null, lastTransitionTime=2020-10-15T16:23:20Z, message=containers with unready status: [dummy], reason=ContainersNotReady, status=False, type=Ready, additionalProperties={}), PodCondition(lastProbeTime=null, lastTransitionTime=null, message=containers with unready status: [dummy], reason=ContainersNotReady, status=False, type=ContainersReady, additionalProperties={}), PodCondition(lastProbeTime=null, lastTransitionTime=2020-10-15T16:23:20Z, message=null, reason=null, status=True, type=PodScheduled, additionalProperties={})], containerStatuses=[ContainerStatus(containerID=null, image=docker.io/entando/busybox:latest, imageID=, lastState=ContainerState(running=null, terminated=null, waiting=null, additionalProperties={}), name=dummy, ready=*****, restartCount=0, started=null, state=ContainerState(running=null, terminated=null, waiting=ContainerStateWaiting(message=null, reason=PodInitializing, additionalProperties={}), additionalProperties={}), additionalProperties={})], ephemeralContainerStatuses=[], hostIP=54.36.53.206, initContainerStatuses=[ContainerStatus(containerID=docker://08298a49376c5b060aac835f9bee68324d8f86827bab6d28fe5ae3533fee0e7a, image=docker.io/entando/entando-k8s-dbjob:6.1.4, imageID=docker-pullable://docker.io/entando/entando-k8s-dbjob@sha256:a571dc5f4f72668359ed7de82b06347ef103e91ac3fc9e381259fdfff417506a, lastState=ContainerState(running=null, terminated=null, waiting=null, additionalProperties={}), name=test-entando-acpr18-portdb-schema-creation-job, ready=*****, restartCount=0, started=null, state=ContainerState(running=ContainerStateRunning(startedAt=2020-10-15T16:23:34Z, additionalProperties={}), terminated=null, waiting=null, additionalProperties={}), additionalProperties={}), ContainerStatus(containerID=null, image=docker.io/entando/entando-k8s-dbjob:6.1.4, imageID=, lastState=ContainerState(running=null, terminated=null, waiting=null, additionalProperties={}), name=test-entando-acpr18-servdb-schema-creation-job, ready=*****, restartCount=0, started=null, state=ContainerState(running=null, terminated=null, waiting=ContainerStateWaiting(message=null, reason=PodInitializing, additionalProperties={}), additionalProperties={}), additionalProperties={}), ContainerStatus(containerID=null, image=docker.io/entando/entando-de-app-wildfly:6.2.2, imageID=, lastState=ContainerState(running=null, terminated=null, waiting=null, additionalProperties={}), name=test-entando-acpr18-server-db-population-job, ready=*****, restartCount=0, started=null, state=ContainerState(running=null, terminated=null, waiting=ContainerStateWaiting(message=null, reason=PodInitializing, additionalProperties={}), additionalProperties={}), additionalProperties={}), ContainerStatus(containerID=null, image=docker.io/entando/entando-k8s-dbjob:6.1.4, imageID=, lastState=ContainerState(running=null, terminated=null, waiting=null, additionalProperties={}), name=test-entando-acpr18-dedb-schema-creation-job, ready=*****, restartCount=0, started=null, state=ContainerState(running=null, terminated=null, waiting=ContainerStateWaiting(message=null, reason=PodInitializing, additionalProperties={}), additionalProperties={}), additionalProperties={})], message=null, nominatedNodeName=null, phase=Pending, podIP=10.128.1.4, podIPs=[], qosClass=BestEffort, reason=null, startTime=2020-10-15T16:23:20Z, additionalProperties={})
MODIFIED:PodStatus(conditions=[PodCondition(lastProbeTime=null, lastTransitionTime=2020-10-15T16:23:20Z, message=containers with incomplete status: [test-entando-acpr18-servdb-schema-creation-job test-entando-acpr18-server-db-population-job test-entando-acpr18-dedb-schema-creation-job], reason=ContainersNotInitialized, status=False, type=Initialized, additionalProperties={}), PodCondition(lastProbeTime=null, lastTransitionTime=2020-10-15T16:23:20Z, message=containers with unready status: [dummy], reason=ContainersNotReady, status=False, type=Ready, additionalProperties={}), PodCondition(lastProbeTime=null, lastTransitionTime=null, message=containers with unready status: [dummy], reason=ContainersNotReady, status=False, type=ContainersReady, additionalProperties={}), PodCondition(lastProbeTime=null, lastTransitionTime=2020-10-15T16:23:20Z, message=null, reason=null, status=True, type=PodScheduled, additionalProperties={})], containerStatuses=[ContainerStatus(containerID=null, image=docker.io/entando/busybox:latest, imageID=, lastState=ContainerState(running=null, terminated=null, waiting=null, additionalProperties={}), name=dummy, ready=*****, restartCount=0, started=null, state=ContainerState(running=null, terminated=null, waiting=ContainerStateWaiting(message=null, reason=PodInitializing, additionalProperties={}), additionalProperties={}), additionalProperties={})], ephemeralContainerStatuses=[], hostIP=54.36.53.206, initContainerStatuses=[ContainerStatus(containerID=docker://08298a49376c5b060aac835f9bee68324d8f86827bab6d28fe5ae3533fee0e7a, image=docker.io/entando/entando-k8s-dbjob:6.1.4, imageID=docker-pullable://docker.io/entando/entando-k8s-dbjob@sha256:a571dc5f4f72668359ed7de82b06347ef103e91ac3fc9e381259fdfff417506a, lastState=ContainerState(running=null, terminated=null, waiting=null, additionalProperties={}), name=test-entando-acpr18-portdb-schema-creation-job, ready=true, restartCount=0, started=null, state=ContainerState(running=null, terminated=ContainerStateTerminated(containerID=docker://08298a49376c5b060aac835f9bee68324d8f86827bab6d28fe5ae3533fee0e7a, exitCode=0, finishedAt=2020-10-15T16:23:36Z, message=null, reason=Completed, signal=null, startedAt=2020-10-15T16:23:34Z, additionalProperties={}), waiting=null, additionalProperties={}), additionalProperties={}), ContainerStatus(containerID=null, image=docker.io/entando/entando-k8s-dbjob:6.1.4, imageID=, lastState=ContainerState(running=null, terminated=null, waiting=null, additionalProperties={}), name=test-entando-acpr18-servdb-schema-creation-job, ready=*****, restartCount=0, started=null, state=ContainerState(running=null, terminated=null, waiting=ContainerStateWaiting(message=null, reason=PodInitializing, additionalProperties={}), additionalProperties={}), additionalProperties={}), ContainerStatus(containerID=null, image=docker.io/entando/entando-de-app-wildfly:6.2.2, imageID=, lastState=ContainerState(running=null, terminated=null, waiting=null, additionalProperties={}), name=test-entando-acpr18-server-db-population-job, ready=*****, restartCount=0, started=null, state=ContainerState(running=null, terminated=null, waiting=ContainerStateWaiting(message=null, reason=PodInitializing, additionalProperties={}), additionalProperties={}), additionalProperties={}), ContainerStatus(containerID=null, image=docker.io/entando/entando-k8s-dbjob:6.1.4, imageID=, lastState=ContainerState(running=null, terminated=null, waiting=null, additionalProperties={}), name=test-entando-acpr18-dedb-schema-creation-job, ready=*****, restartCount=0, started=null, state=ContainerState(running=null, terminated=null, waiting=ContainerStateWaiting(message=null, reason=PodInitializing, additionalProperties={}), additionalProperties={}), additionalProperties={})], message=null, nominatedNodeName=null, phase=Pending, podIP=10.128.1.4, podIPs=[], qosClass=BestEffort, reason=null, startTime=2020-10-15T16:23:20Z, additionalProperties={})
MODIFIED:PodStatus(conditions=[PodCondition(lastProbeTime=null, lastTransitionTime=2020-10-15T16:23:20Z, message=containers with incomplete status: [test-entando-acpr18-servdb-schema-creation-job test-entando-acpr18-server-db-population-job test-entando-acpr18-dedb-schema-creation-job], reason=ContainersNotInitialized, status=False, type=Initialized, additionalProperties={}), PodCondition(lastProbeTime=null, lastTransitionTime=2020-10-15T16:23:20Z, message=containers with unready status: [dummy], reason=ContainersNotReady, status=False, type=Ready, additionalProperties={}), PodCondition(lastProbeTime=null, lastTransitionTime=null, message=containers with unready status: [dummy], reason=ContainersNotReady, status=False, type=ContainersReady, additionalProperties={}), PodCondition(lastProbeTime=null, lastTransitionTime=2020-10-15T16:23:20Z, message=null, reason=null, status=True, type=PodScheduled, additionalProperties={})], containerStatuses=[ContainerStatus(containerID=null, image=docker.io/entando/busybox:latest, imageID=, lastState=ContainerState(running=null, terminated=null, waiting=null, additionalProperties={}), name=dummy, ready=*****, restartCount=0, started=null, state=ContainerState(running=null, terminated=null, waiting=ContainerStateWaiting(message=null, reason=PodInitializing, additionalProperties={}), additionalProperties={}), additionalProperties={})], ephemeralContainerStatuses=[], hostIP=54.36.53.206, initContainerStatuses=[ContainerStatus(containerID=docker://08298a49376c5b060aac835f9bee68324d8f86827bab6d28fe5ae3533fee0e7a, image=docker.io/entando/entando-k8s-dbjob:6.1.4, imageID=docker-pullable://docker.io/entando/entando-k8s-dbjob@sha256:a571dc5f4f72668359ed7de82b06347ef103e91ac3fc9e381259fdfff417506a, lastState=ContainerState(running=null, terminated=null, waiting=null, additionalProperties={}), name=test-entando-acpr18-portdb-schema-creation-job, ready=true, restartCount=0, started=null, state=ContainerState(running=null, terminated=ContainerStateTerminated(containerID=docker://08298a49376c5b060aac835f9bee68324d8f86827bab6d28fe5ae3533fee0e7a, exitCode=0, finishedAt=2020-10-15T16:23:36Z, message=null, reason=Completed, signal=null, startedAt=2020-10-15T16:23:34Z, additionalProperties={}), waiting=null, additionalProperties={}), additionalProperties={}), ContainerStatus(containerID=docker://3111929d4fc2372e4c9d736f1f256d60cfb2a66c26fa4e08733af35938de9936, image=docker.io/entando/entando-k8s-dbjob:6.1.4, imageID=docker-pullable://docker.io/entando/entando-k8s-dbjob@sha256:a571dc5f4f72668359ed7de82b06347ef103e91ac3fc9e381259fdfff417506a, lastState=ContainerState(running=null, terminated=null, waiting=null, additionalProperties={}), name=test-entando-acpr18-servdb-schema-creation-job, ready=*****, restartCount=0, started=null, state=ContainerState(running=ContainerStateRunning(startedAt=2020-10-15T16:23:42Z, additionalProperties={}), terminated=null, waiting=null, additionalProperties={}), additionalProperties={}), ContainerStatus(containerID=null, image=docker.io/entando/entando-de-app-wildfly:6.2.2, imageID=, lastState=ContainerState(running=null, terminated=null, waiting=null, additionalProperties={}), name=test-entando-acpr18-server-db-population-job, ready=*****, restartCount=0, started=null, state=ContainerState(running=null, terminated=null, waiting=ContainerStateWaiting(message=null, reason=PodInitializing, additionalProperties={}), additionalProperties={}), additionalProperties={}), ContainerStatus(containerID=null, image=docker.io/entando/entando-k8s-dbjob:6.1.4, imageID=, lastState=ContainerState(running=null, terminated=null, waiting=null, additionalProperties={}), name=test-entando-acpr18-dedb-schema-creation-job, ready=*****, restartCount=0, started=null, state=ContainerState(running=null, terminated=null, waiting=ContainerStateWaiting(message=null, reason=PodInitializing, additionalProperties={}), additionalProperties={}), additionalProperties={})], message=null, nominatedNodeName=null, phase=Pending, podIP=10.128.1.4, podIPs=[], qosClass=BestEffort, reason=null, startTime=2020-10-15T16:23
:20Z, additionalProperties={})
MODIFIED:PodStatus(conditions=[PodCondition(lastProbeTime=null, lastTransitionTime=2020-10-15T16:23:20Z, message=containers with incomplete status: [test-entando-acpr18-server-db-population-job test-entando-acpr18-dedb-schema-creation-job], reason=ContainersNotInitialized, status=False, type=Initialized, additionalProperties={}), PodCondition(lastProbeTime=null, lastTransitionTime=2020-10-15T16:23:20Z, message=containers with unready status: [dummy], reason=ContainersNotReady, status=False, type=Ready, additionalProperties={}), PodCondition(lastProbeTime=null, lastTransitionTime=null, message=containers with unready status: [dummy], reason=ContainersNotReady, status=False, type=ContainersReady, additionalProperties={}), PodCondition(lastProbeTime=null, lastTransitionTime=2020-10-15T16:23:20Z, message=null, reason=null, status=True, type=PodScheduled, additionalProperties={})], containerStatuses=[ContainerStatus(containerID=null, image=docker.io/entando/busybox:latest, imageID=, lastState=ContainerState(running=null, terminated=null, waiting=null, additionalProperties={}), name=dummy, ready=*****, restartCount=0, started=null, state=ContainerState(running=null, terminated=null, waiting=ContainerStateWaiting(message=null, reason=PodInitializing, additionalProperties={}), additionalProperties={}), additionalProperties={})], ephemeralContainerStatuses=[], hostIP=54.36.53.206, initContainerStatuses=[ContainerStatus(containerID=docker://08298a49376c5b060aac835f9bee68324d8f86827bab6d28fe5ae3533fee0e7a, image=docker.io/entando/entando-k8s-dbjob:6.1.4, imageID=docker-pullable://docker.io/entando/entando-k8s-dbjob@sha256:a571dc5f4f72668359ed7de82b06347ef103e91ac3fc9e381259fdfff417506a, lastState=ContainerState(running=null, terminated=null, waiting=null, additionalProperties={}), name=test-entando-acpr18-portdb-schema-creation-job, ready=true, restartCount=0, started=null, state=ContainerState(running=null, terminated=ContainerStateTerminated(containerID=docker://08298a49376c5b060aac835f9bee68324d8f86827bab6d28fe5ae3533fee0e7a, exitCode=0, finishedAt=2020-10-15T16:23:36Z, message=null, reason=Completed, signal=null, startedAt=2020-10-15T16:23:34Z, additionalProperties={}), waiting=null, additionalProperties={}), additionalProperties={}), ContainerStatus(containerID=docker://3111929d4fc2372e4c9d736f1f256d60cfb2a66c26fa4e08733af35938de9936, image=docker.io/entando/entando-k8s-dbjob:6.1.4, imageID=docker-pullable://docker.io/entando/entando-k8s-dbjob@sha256:a571dc5f4f72668359ed7de82b06347ef103e91ac3fc9e381259fdfff417506a, lastState=ContainerState(running=null, terminated=null, waiting=null, additionalProperties={}), name=test-entando-acpr18-servdb-schema-creation-job, ready=true, restartCount=0, started=null, state=ContainerState(running=null, terminated=ContainerStateTerminated(containerID=docker://3111929d4fc2372e4c9d736f1f256d60cfb2a66c26fa4e08733af35938de9936, exitCode=0, finishedAt=2020-10-15T16:23:44Z, message=null, reason=Completed, signal=null, startedAt=2020-10-15T16:23:42Z, additionalProperties={}), waiting=null, additionalProperties={}), additionalProperties={}), ContainerStatus(containerID=docker://20d32e19877bec32ddaebb24b0b1990dc67d0a529b71e627b0fa751718511e5e, image=docker.io/entando/entando-de-app-wildfly:6.2.2, imageID=docker-pullable://docker.io/entando/entando-de-app-wildfly@sha256:50b2f50ef5288155bef80787ce33d81ebfbe55ed6b157986ee3c6446664060f3, lastState=ContainerState(running=null, terminated=null, waiting=null, additionalProperties={}), name=test-entando-acpr18-server-db-population-job, ready=*****, restartCount=0, started=null, state=ContainerState(running=ContainerStateRunning(startedAt=2020-10-15T16:23:48Z, additionalProperties={}), terminated=null, waiting=null, additionalProperties={}), additionalProperties={}), ContainerStatus(containerID=null, image=docker.io/entando/entando-k8s-dbjob:6.1.4, imageID=, lastState=ContainerState(running=null, terminated=null, waiting=null, additionalProperties={}), name=test-entando-acpr18-dedb-schema-creation-job, ready=*****, restartCount=0, started=null, state=ContainerS
tate(running=null, terminated=null, waiting=ContainerStateWaiting(message=null, reason=PodInitializing, additionalProperties={}), additionalProperties={}), additionalProperties={})], message=null, nominatedNodeName=null, phase=Pending, podIP=10.128.1.4, podIPs=[], qosClass=BestEffort, reason=null, startTime=2020-10-15T16:23:20Z, additionalProperties={})
MODIFIED:PodStatus(conditions=[PodCondition(lastProbeTime=null, lastTransitionTime=2020-10-15T16:23:20Z, message=containers with incomplete status: [test-entando-acpr18-dedb-schema-creation-job], reason=ContainersNotInitialized, status=False, type=Initialized, additionalProperties={}), PodCondition(lastProbeTime=null, lastTransitionTime=2020-10-15T16:23:20Z, message=containers with unready status: [dummy], reason=ContainersNotReady, status=False, type=Ready, additionalProperties={}), PodCondition(lastProbeTime=null, lastTransitionTime=null, message=containers with unready status: [dummy], reason=ContainersNotReady, status=False, type=ContainersReady, additionalProperties={}), PodCondition(lastProbeTime=null, lastTransitionTime=2020-10-15T16:23:20Z, message=null, reason=null, status=True, type=PodScheduled, additionalProperties={})], containerStatuses=[ContainerStatus(containerID=null, image=docker.io/entando/busybox:latest, imageID=, lastState=ContainerState(running=null, terminated=null, waiting=null, additionalProperties={}), name=dummy, ready=*****, restartCount=0, started=null, state=ContainerState(running=null, terminated=null, waiting=ContainerStateWaiting(message=null, reason=PodInitializing, additionalProperties={}), additionalProperties={}), additionalProperties={})], ephemeralContainerStatuses=[], hostIP=54.36.53.206, initContainerStatuses=[ContainerStatus(containerID=docker://08298a49376c5b060aac835f9bee68324d8f86827bab6d28fe5ae3533fee0e7a, image=docker.io/entando/entando-k8s-dbjob:6.1.4, imageID=docker-pullable://docker.io/entando/entando-k8s-dbjob@sha256:a571dc5f4f72668359ed7de82b06347ef103e91ac3fc9e381259fdfff417506a, lastState=ContainerState(running=null, terminated=null, waiting=null, additionalProperties={}), name=test-entando-acpr18-portdb-schema-creation-job, ready=true, restartCount=0, started=null, state=ContainerState(running=null, terminated=ContainerStateTerminated(containerID=docker://08298a49376c5b060aac835f9bee68324d8f86827bab6d28fe5ae3533fee0e7a, exitCode=0, finishedAt=2020-10-15T16:23:36Z, message=null, reason=Completed, signal=null, startedAt=2020-10-15T16:23:34Z, additionalProperties={}), waiting=null, additionalProperties={}), additionalProperties={}), ContainerStatus(containerID=docker://3111929d4fc2372e4c9d736f1f256d60cfb2a66c26fa4e08733af35938de9936, image=docker.io/entando/entando-k8s-dbjob:6.1.4, imageID=docker-pullable://docker.io/entando/entando-k8s-dbjob@sha256:a571dc5f4f72668359ed7de82b06347ef103e91ac3fc9e381259fdfff417506a, lastState=ContainerState(running=null, terminated=null, waiting=null, additionalProperties={}), name=test-entando-acpr18-servdb-schema-creation-job, ready=true, restartCount=0, started=null, state=ContainerState(running=null, terminated=ContainerStateTerminated(containerID=docker://3111929d4fc2372e4c9d736f1f256d60cfb2a66c26fa4e08733af35938de9936, exitCode=0, finishedAt=2020-10-15T16:23:44Z, message=null, reason=Completed, signal=null, startedAt=2020-10-15T16:23:42Z, additionalProperties={}), waiting=null, additionalProperties={}), additionalProperties={}), ContainerStatus(containerID=docker://20d32e19877bec32ddaebb24b0b1990dc67d0a529b71e627b0fa751718511e5e, image=docker.io/entando/entando-de-app-wildfly:6.2.2, imageID=docker-pullable://docker.io/entando/entando-de-app-wildfly@sha256:50b2f50ef5288155bef80787ce33d81ebfbe55ed6b157986ee3c6446664060f3, lastState=ContainerState(running=null, terminated=null, waiting=null, additionalProperties={}), name=test-entando-acpr18-server-db-population-job, ready=true, restartCount=0, started=null, state=ContainerState(running=null, terminated=ContainerStateTerminated(containerID=docker://20d32e19877bec32ddaebb24b0b1990dc67d0a529b71e627b0fa751718511e5e, exitCode=0, finishedAt=2020-10-15T16:24:40Z, message=null, reason=Completed, signal=null, startedAt=2020-10-15T16:23:48Z, additionalProperties={}), waiting=null, additionalProperties={}), additionalProperties={}), ContainerStatus(containerID=null, image=docker.io/entando/entando-k8s-dbjob:6.1.4, imageID=, lastState=ContainerState(running=null, terminated=null, waiting=null, ad
ditionalProperties={}), name=test-entando-acpr18-dedb-schema-creation-job, ready=*****, restartCount=0, started=null, state=ContainerState(running=null, terminated=null, waiting=ContainerStateWaiting(message=null, reason=PodInitializing, additionalProperties={}), additionalProperties={}), additionalProperties={})], message=null, nominatedNodeName=null, phase=Pending, podIP=10.128.1.4, podIPs=[], qosClass=BestEffort, reason=null, startTime=2020-10-15T16:23:20Z, additionalProperties={})
MODIFIED:PodStatus(conditions=[PodCondition(lastProbeTime=null, lastTransitionTime=2020-10-15T16:23:20Z, message=containers with incomplete status: [test-entando-acpr18-dedb-schema-creation-job], reason=ContainersNotInitialized, status=False, type=Initialized, additionalProperties={}), PodCondition(lastProbeTime=null, lastTransitionTime=2020-10-15T16:23:20Z, message=containers with unready status: [dummy], reason=ContainersNotReady, status=False, type=Ready, additionalProperties={}), PodCondition(lastProbeTime=null, lastTransitionTime=null, message=containers with unready status: [dummy], reason=ContainersNotReady, status=False, type=ContainersReady, additionalProperties={}), PodCondition(lastProbeTime=null, lastTransitionTime=2020-10-15T16:23:20Z, message=null, reason=null, status=True, type=PodScheduled, additionalProperties={})], containerStatuses=[ContainerStatus(containerID=null, image=docker.io/entando/busybox:latest, imageID=, lastState=ContainerState(running=null, terminated=null, waiting=null, additionalProperties={}), name=dummy, ready=*****, restartCount=0, started=null, state=ContainerState(running=null, terminated=null, waiting=ContainerStateWaiting(message=null, reason=PodInitializing, additionalProperties={}), additionalProperties={}), additionalProperties={})], ephemeralContainerStatuses=[], hostIP=54.36.53.206, initContainerStatuses=[ContainerStatus(containerID=docker://08298a49376c5b060aac835f9bee68324d8f86827bab6d28fe5ae3533fee0e7a, image=docker.io/entando/entando-k8s-dbjob:6.1.4, imageID=docker-pullable://docker.io/entando/entando-k8s-dbjob@sha256:a571dc5f4f72668359ed7de82b06347ef103e91ac3fc9e381259fdfff417506a, lastState=ContainerState(running=null, terminated=null, waiting=null, additionalProperties={}), name=test-entando-acpr18-portdb-schema-creation-job, ready=true, restartCount=0, started=null, state=ContainerState(running=null, terminated=ContainerStateTerminated(containerID=docker://08298a49376c5b060aac835f9bee68324d8f86827bab6d28fe5ae3533fee0e7a, exitCode=0, finishedAt=2020-10-15T16:23:36Z, message=null, reason=Completed, signal=null, startedAt=2020-10-15T16:23:34Z, additionalProperties={}), waiting=null, additionalProperties={}), additionalProperties={}), ContainerStatus(containerID=docker://3111929d4fc2372e4c9d736f1f256d60cfb2a66c26fa4e08733af35938de9936, image=docker.io/entando/entando-k8s-dbjob:6.1.4, imageID=docker-pullable://docker.io/entando/entando-k8s-dbjob@sha256:a571dc5f4f72668359ed7de82b06347ef103e91ac3fc9e381259fdfff417506a, lastState=ContainerState(running=null, terminated=null, waiting=null, additionalProperties={}), name=test-entando-acpr18-servdb-schema-creation-job, ready=true, restartCount=0, started=null, state=ContainerState(running=null, terminated=ContainerStateTerminated(containerID=docker://3111929d4fc2372e4c9d736f1f256d60cfb2a66c26fa4e08733af35938de9936, exitCode=0, finishedAt=2020-10-15T16:23:44Z, message=null, reason=Completed, signal=null, startedAt=2020-10-15T16:23:42Z, additionalProperties={}), waiting=null, additionalProperties={}), additionalProperties={}), ContainerStatus(containerID=docker://20d32e19877bec32ddaebb24b0b1990dc67d0a529b71e627b0fa751718511e5e, image=docker.io/entando/entando-de-app-wildfly:6.2.2, imageID=docker-pullable://docker.io/entando/entando-de-app-wildfly@sha256:50b2f50ef5288155bef80787ce33d81ebfbe55ed6b157986ee3c6446664060f3, lastState=ContainerState(running=null, terminated=null, waiting=null, additionalProperties={}), name=test-entando-acpr18-server-db-population-job, ready=true, restartCount=0, started=null, state=ContainerState(running=null, terminated=ContainerStateTerminated(containerID=docker://20d32e19877bec32ddaebb24b0b1990dc67d0a529b71e627b0fa751718511e5e, exitCode=0, finishedAt=2020-10-15T16:24:40Z, message=null, reason=Completed, signal=null, startedAt=2020-10-15T16:23:48Z, additionalProperties={}), waiting=null, additionalProperties={}), additionalProperties={}), ContainerStatus(containerID=docker://f93a30e536682d183626235518815b684226c97b855b732dbfccc544fa706a6e, image=docker.io/entando/entando-k8s-dbjob:6.1.4, imageID=docke
r-pullable://docker.io/entando/entando-k8s-dbjob@sha256:a571dc5f4f72668359ed7de82b06347ef103e91ac3fc9e381259fdfff417506a, lastState=ContainerState(running=null, terminated=null, waiting=null, additionalProperties={}), name=test-entando-acpr18-dedb-schema-creation-job, ready=*****, restartCount=0, started=null, state=ContainerState(running=ContainerStateRunning(startedAt=2020-10-15T16:24:43Z, additionalProperties={}), terminated=null, waiting=null, additionalProperties={}), additionalProperties={})], message=null, nominatedNodeName=null, phase=Pending, podIP=10.128.1.4, podIPs=[], qosClass=BestEffort, reason=null, startTime=2020-10-15T16:23:20Z, additionalProperties={})
MODIFIED:PodStatus(conditions=[PodCondition(lastProbeTime=null, lastTransitionTime=2020-10-15T16:24:46Z, message=null, reason=null, status=True, type=Initialized, additionalProperties={}), PodCondition(lastProbeTime=null, lastTransitionTime=2020-10-15T16:23:20Z, message=containers with unready status: [dummy], reason=ContainersNotReady, status=False, type=Ready, additionalProperties={}), PodCondition(lastProbeTime=null, lastTransitionTime=null, message=containers with unready status: [dummy], reason=ContainersNotReady, status=False, type=ContainersReady, additionalProperties={}), PodCondition(lastProbeTime=null, lastTransitionTime=2020-10-15T16:23:20Z, message=null, reason=null, status=True, type=PodScheduled, additionalProperties={})], containerStatuses=[ContainerStatus(containerID=null, image=docker.io/entando/busybox:latest, imageID=, lastState=ContainerState(running=null, terminated=null, waiting=null, additionalProperties={}), name=dummy, ready=*****, restartCount=0, started=null, state=ContainerState(running=null, terminated=null, waiting=ContainerStateWaiting(message=null, reason=PodInitializing, additionalProperties={}), additionalProperties={}), additionalProperties={})], ephemeralContainerStatuses=[], hostIP=54.36.53.206, initContainerStatuses=[ContainerStatus(containerID=docker://08298a49376c5b060aac835f9bee68324d8f86827bab6d28fe5ae3533fee0e7a, image=docker.io/entando/entando-k8s-dbjob:6.1.4, imageID=docker-pullable://docker.io/entando/entando-k8s-dbjob@sha256:a571dc5f4f72668359ed7de82b06347ef103e91ac3fc9e381259fdfff417506a, lastState=ContainerState(running=null, terminated=null, waiting=null, additionalProperties={}), name=test-entando-acpr18-portdb-schema-creation-job, ready=true, restartCount=0, started=null, state=ContainerState(running=null, terminated=ContainerStateTerminated(containerID=docker://08298a49376c5b060aac835f9bee68324d8f86827bab6d28fe5ae3533fee0e7a, exitCode=0, finishedAt=2020-10-15T16:23:36Z, message=null, reason=Completed, signal=null, startedAt=2020-10-15T16:23:34Z, additionalProperties={}), waiting=null, additionalProperties={}), additionalProperties={}), ContainerStatus(containerID=docker://3111929d4fc2372e4c9d736f1f256d60cfb2a66c26fa4e08733af35938de9936, image=docker.io/entando/entando-k8s-dbjob:6.1.4, imageID=docker-pullable://docker.io/entando/entando-k8s-dbjob@sha256:a571dc5f4f72668359ed7de82b06347ef103e91ac3fc9e381259fdfff417506a, lastState=ContainerState(running=null, terminated=null, waiting=null, additionalProperties={}), name=test-entando-acpr18-servdb-schema-creation-job, ready=true, restartCount=0, started=null, state=ContainerState(running=null, terminated=ContainerStateTerminated(containerID=docker://3111929d4fc2372e4c9d736f1f256d60cfb2a66c26fa4e08733af35938de9936, exitCode=0, finishedAt=2020-10-15T16:23:44Z, message=null, reason=Completed, signal=null, startedAt=2020-10-15T16:23:42Z, additionalProperties={}), waiting=null, additionalProperties={}), additionalProperties={}), ContainerStatus(containerID=docker://20d32e19877bec32ddaebb24b0b1990dc67d0a529b71e627b0fa751718511e5e, image=docker.io/entando/entando-de-app-wildfly:6.2.2, imageID=docker-pullable://docker.io/entando/entando-de-app-wildfly@sha256:50b2f50ef5288155bef80787ce33d81ebfbe55ed6b157986ee3c6446664060f3, lastState=ContainerState(running=null, terminated=null, waiting=null, additionalProperties={}), name=test-entando-acpr18-server-db-population-job, ready=true, restartCount=0, started=null, state=ContainerState(running=null, terminated=ContainerStateTerminated(containerID=docker://20d32e19877bec32ddaebb24b0b1990dc67d0a529b71e627b0fa751718511e5e, exitCode=0, finishedAt=2020-10-15T16:24:40Z, message=null, reason=Completed, signal=null, startedAt=2020-10-15T16:23:48Z, additionalProperties={}), waiting=null, additionalProperties={}), additionalProperties={}), ContainerStatus(containerID=docker://f93a30e536682d183626235518815b684226c97b855b732dbfccc544fa706a6e, image=docker.io/entando/entando-k8s-dbjob:6.1.4, imageID=docker-pullable://docker.io/entando/entando-k8s-dbjob@sha256:a571dc5f4f72668359ed7de82b06347ef103e91ac3
fc9e381259fdfff417506a, lastState=ContainerState(running=null, terminated=null, waiting=null, additionalProperties={}), name=test-entando-acpr18-dedb-schema-creation-job, ready=true, restartCount=0, started=null, state=ContainerState(running=null, terminated=ContainerStateTerminated(containerID=docker://f93a30e536682d183626235518815b684226c97b855b732dbfccc544fa706a6e, exitCode=0, finishedAt=2020-10-15T16:24:45Z, message=null, reason=Completed, signal=null, startedAt=2020-10-15T16:24:43Z, additionalProperties={}), waiting=null, additionalProperties={}), additionalProperties={})], message=null, nominatedNodeName=null, phase=Pending, podIP=10.128.1.4, podIPs=[], qosClass=BestEffort, reason=null, startTime=2020-10-15T16:23:20Z, additionalProperties={})
MODIFIED:PodStatus(conditions=[PodCondition(lastProbeTime=null, lastTransitionTime=2020-10-15T16:24:46Z, message=null, reason=PodCompleted, status=True, type=Initialized, additionalProperties={}), PodCondition(lastProbeTime=null, lastTransitionTime=2020-10-15T16:23:20Z, message=null, reason=PodCompleted, status=False, type=Ready, additionalProperties={}), PodCondition(lastProbeTime=null, lastTransitionTime=null, message=null, reason=PodCompleted, status=False, type=ContainersReady, additionalProperties={}), PodCondition(lastProbeTime=null, lastTransitionTime=2020-10-15T16:23:20Z, message=null, reason=null, status=True, type=PodScheduled, additionalProperties={})], containerStatuses=[ContainerStatus(containerID=docker://85c1043cf5a57466ba9c736b33b751132d3f40352d41e97959a86a1efefab876, image=docker.io/entando/busybox:latest, imageID=docker-pullable://docker.io/entando/busybox@sha256:400ee2ed939df769d4681023810d2e4fb9479b8401d97003c710d0e20f7c49c6, lastState=ContainerState(running=null, terminated=null, waiting=null, additionalProperties={}), name=dummy, ready=*****, restartCount=0, started=null, state=ContainerState(running=null, terminated=ContainerStateTerminated(containerID=docker://85c1043cf5a57466ba9c736b33b751132d3f40352d41e97959a86a1efefab876, exitCode=0, finishedAt=2020-10-15T16:24:48Z, message=null, reason=Completed, signal=null, startedAt=2020-10-15T16:24:48Z, additionalProperties={}), waiting=null, additionalProperties={}), additionalProperties={})], ephemeralContainerStatuses=[], hostIP=54.36.53.206, initContainerStatuses=[ContainerStatus(containerID=docker://08298a49376c5b060aac835f9bee68324d8f86827bab6d28fe5ae3533fee0e7a, image=docker.io/entando/entando-k8s-dbjob:6.1.4, imageID=docker-pullable://docker.io/entando/entando-k8s-dbjob@sha256:a571dc5f4f72668359ed7de82b06347ef103e91ac3fc9e381259fdfff417506a, lastState=ContainerState(running=null, terminated=null, waiting=null, additionalProperties={}), name=test-entando-acpr18-portdb-schema-creation-job, ready=true, restartCount=0, started=null, state=ContainerState(running=null, terminated=ContainerStateTerminated(containerID=docker://08298a49376c5b060aac835f9bee68324d8f86827bab6d28fe5ae3533fee0e7a, exitCode=0, finishedAt=2020-10-15T16:23:36Z, message=null, reason=Completed, signal=null, startedAt=2020-10-15T16:23:34Z, additionalProperties={}), waiting=null, additionalProperties={}), additionalProperties={}), ContainerStatus(containerID=docker://3111929d4fc2372e4c9d736f1f256d60cfb2a66c26fa4e08733af35938de9936, image=docker.io/entando/entando-k8s-dbjob:6.1.4, imageID=docker-pullable://docker.io/entando/entando-k8s-dbjob@sha256:a571dc5f4f72668359ed7de82b06347ef103e91ac3fc9e381259fdfff417506a, lastState=ContainerState(running=null, terminated=null, waiting=null, additionalProperties={}), name=test-entando-acpr18-servdb-schema-creation-job, ready=true, restartCount=0, started=null, state=ContainerState(running=null, terminated=ContainerStateTerminated(containerID=docker://3111929d4fc2372e4c9d736f1f256d60cfb2a66c26fa4e08733af35938de9936, exitCode=0, finishedAt=2020-10-15T16:23:44Z, message=null, reason=Completed, signal=null, startedAt=2020-10-15T16:23:42Z, additionalProperties={}), waiting=null, additionalProperties={}), additionalProperties={}), ContainerStatus(containerID=docker://20d32e19877bec32ddaebb24b0b1990dc67d0a529b71e627b0fa751718511e5e, image=docker.io/entando/entando-de-app-wildfly:6.2.2, imageID=docker-pullable://docker.io/entando/entando-de-app-wildfly@sha256:50b2f50ef5288155bef80787ce33d81ebfbe55ed6b157986ee3c6446664060f3, lastState=ContainerState(running=null, terminated=null, waiting=null, additionalProperties={}), name=test-entando-acpr18-server-db-population-job, ready=true, restartCount=0, started=null, state=ContainerState(running=null, terminated=ContainerStateTerminated(containerID=docker://20d32e19877bec32ddaebb24b0b1990dc67d0a529b71e627b0fa751718511e5e, exitCode=0, finishedAt=2020-10-15T16:24:40Z, message=null, reason=Completed, signal=null, startedAt=2020-10-15T16:23:48Z, additionalProperties={}), waiting=null, additionalProperties={}), addit
ionalProperties={}), ContainerStatus(containerID=docker://f93a30e536682d183626235518815b684226c97b855b732dbfccc544fa706a6e, image=docker.io/entando/entando-k8s-dbjob:6.1.4, imageID=docker-pullable://docker.io/entando/entando-k8s-dbjob@sha256:a571dc5f4f72668359ed7de82b06347ef103e91ac3fc9e381259fdfff417506a, lastState=ContainerState(running=null, terminated=null, waiting=null, additionalProperties={}), name=test-entando-acpr18-dedb-schema-creation-job, ready=true, restartCount=0, started=null, state=ContainerState(running=null, terminated=ContainerStateTerminated(containerID=docker://f93a30e536682d183626235518815b684226c97b855b732dbfccc544fa706a6e, exitCode=0, finishedAt=2020-10-15T16:24:45Z, message=null, reason=Completed, signal=null, startedAt=2020-10-15T16:24:43Z, additionalProperties={}), waiting=null, additionalProperties={}), additionalProperties={})], message=null, nominatedNodeName=null, phase=Succeeded, podIP=10.128.1.4, podIPs=[], qosClass=BestEffort, reason=null, startTime=2020-10-15T16:23:20Z, additionalProperties={})
Finished: test-entando-acpr18-db-preparation-job-6197207c-0
ADDED:PodStatus(conditions=[PodCondition(lastProbeTime=null, lastTransitionTime=2020-10-15T16:24:53Z, message=null, reason=null, status=True, type=PodScheduled, additionalProperties={})], containerStatuses=[], ephemeralContainerStatuses=[], hostIP=null, initContainerStatuses=[], message=null, nominatedNodeName=null, phase=Pending, podIP=null, podIPs=[], qosClass=Burstable, reason=null, startTime=null, additionalProperties={})
MODIFIED:PodStatus(conditions=[PodCondition(lastProbeTime=null, lastTransitionTime=2020-10-15T16:24:53Z, message=null, reason=null, status=True, type=Initialized, additionalProperties={}), PodCondition(lastProbeTime=null, lastTransitionTime=2020-10-15T16:24:53Z, message=containers with unready status: [server-container de-container appbuilder-container], reason=ContainersNotReady, status=False, type=Ready, additionalProperties={}), PodCondition(lastProbeTime=null, lastTransitionTime=null, message=containers with unready status: [server-container de-container appbuilder-container], reason=ContainersNotReady, status=False, type=ContainersReady, additionalProperties={}), PodCondition(lastProbeTime=null, lastTransitionTime=2020-10-15T16:24:53Z, message=null, reason=null, status=True, type=PodScheduled, additionalProperties={})], containerStatuses=[ContainerStatus(containerID=null, image=docker.io/entando/app-builder:6.1.174, imageID=, lastState=ContainerState(running=null, terminated=null, waiting=null, additionalProperties={}), name=appbuilder-container, ready=*****, restartCount=0, started=null, state=ContainerState(running=null, terminated=null, waiting=ContainerStateWaiting(message=null, reason=ContainerCreating, additionalProperties={}), additionalProperties={}), additionalProperties={}), ContainerStatus(containerID=null, image=docker.io/entando/entando-component-manager:6.2.13, imageID=, lastState=ContainerState(running=null, terminated=null, waiting=null, additionalProperties={}), name=de-container, ready=*****, restartCount=0, started=null, state=ContainerState(running=null, terminated=null, waiting=ContainerStateWaiting(message=null, reason=ContainerCreating, additionalProperties={}), additionalProperties={}), additionalProperties={}), ContainerStatus(containerID=null, image=docker.io/entando/entando-de-app-wildfly:6.2.2, imageID=, lastState=ContainerState(running=null, terminated=null, waiting=null, additionalProperties={}), name=server-container, ready=*****, restartCount=0, started=null, state=ContainerState(running=null, terminated=null, waiting=ContainerStateWaiting(message=null, reason=ContainerCreating, additionalProperties={}), additionalProperties={}), additionalProperties={})], ephemeralContainerStatuses=[], hostIP=54.36.53.206, initContainerStatuses=[], message=null, nominatedNodeName=null, phase=Pending, podIP=null, podIPs=[], qosClass=Burstable, reason=null, startTime=2020-10-15T16:24:53Z, additionalProperties={})
MODIFIED:PodStatus(conditions=[PodCondition(lastProbeTime=null, lastTransitionTime=2020-10-15T16:24:53Z, message=null, reason=null, status=True, type=Initialized, additionalProperties={}), PodCondition(lastProbeTime=null, lastTransitionTime=2020-10-15T16:24:53Z, message=containers with unready status: [server-container de-container appbuilder-container], reason=ContainersNotReady, status=False, type=Ready, additionalProperties={}), PodCondition(lastProbeTime=null, lastTransitionTime=null, message=containers with unready status: [server-container de-container appbuilder-container], reason=ContainersNotReady, status=False, type=ContainersReady, additionalProperties={}), PodCondition(lastProbeTime=null, lastTransitionTime=2020-10-15T16:24:53Z, message=null, reason=null, status=True, type=PodScheduled, additionalProperties={})], containerStatuses=[ContainerStatus(containerID=docker://dc4fb24bcbccb742dcf4d8bdbbf43f619168ae84af52db4acc9f847030bc753e, image=docker.io/entando/app-builder:6.1.174, imageID=docker-pullable://docker.io/entando/app-builder@sha256:a938a89f84e9d717a808bc160da87eedc19c4a6d21da492d41254759bd5a7d3f, lastState=ContainerState(running=null, terminated=null, waiting=null, additionalProperties={}), name=appbuilder-container, ready=*****, restartCount=0, started=null, state=ContainerState(running=ContainerStateRunning(startedAt=2020-10-15T16:25:30Z, additionalProperties={}), terminated=null, waiting=null, additionalProperties={}), additionalProperties={}), ContainerStatus(containerID=docker://7b1977b52995d628d21ba070487dd16f0801148ea72589637592cf8cc291fc38, image=docker.io/entando/entando-component-manager:6.2.13, imageID=docker-pullable://docker.io/entando/entando-component-manager@sha256:822e437a159070aebcdd76e60a8ca441b35e8bc809cc852df9736bc533286708, lastState=ContainerState(running=null, terminated=null, waiting=null, additionalProperties={}), name=de-container, ready=*****, restartCount=0, started=null, state=ContainerState(running=ContainerStateRunning(startedAt=2020-10-15T16:25:13Z, additionalProperties={}), terminated=null, waiting=null, additionalProperties={}), additionalProperties={}), ContainerStatus(containerID=docker://364cba57d8404f7fac102a44116e845d9b303d264f246f76139ac15d04439c61, image=docker.io/entando/entando-de-app-wildfly:6.2.2, imageID=docker-pullable://docker.io/entando/entando-de-app-wildfly@sha256:50b2f50ef5288155bef80787ce33d81ebfbe55ed6b157986ee3c6446664060f3, lastState=ContainerState(running=null, terminated=null, waiting=null, additionalProperties={}), name=server-container, ready=*****, restartCount=0, started=null, state=ContainerState(running=ContainerStateRunning(startedAt=2020-10-15T16:25:10Z, additionalProperties={}), terminated=null, waiting=null, additionalProperties={}), additionalProperties={})], ephemeralContainerStatuses=[], hostIP=54.36.53.206, initContainerStatuses=[], message=null, nominatedNodeName=null, phase=Running, podIP=10.128.1.15, podIPs=[], qosClass=Burstable, reason=null, startTime=2020-10-15T16:24:53Z, additionalProperties={})
MODIFIED:PodStatus(conditions=[PodCondition(lastProbeTime=null, lastTransitionTime=2020-10-15T16:24:53Z, message=null, reason=null, status=True, type=Initialized, additionalProperties={}), PodCondition(lastProbeTime=null, lastTransitionTime=2020-10-15T16:24:53Z, message=containers with unready status: [server-container de-container], reason=ContainersNotReady, status=False, type=Ready, additionalProperties={}), PodCondition(lastProbeTime=null, lastTransitionTime=null, message=containers with unready status: [server-container de-container], reason=ContainersNotReady, status=False, type=ContainersReady, additionalProperties={}), PodCondition(lastProbeTime=null, lastTransitionTime=2020-10-15T16:24:53Z, message=null, reason=null, status=True, type=PodScheduled, additionalProperties={})], containerStatuses=[ContainerStatus(containerID=docker://dc4fb24bcbccb742dcf4d8bdbbf43f619168ae84af52db4acc9f847030bc753e, image=docker.io/entando/app-builder:6.1.174, imageID=docker-pullable://docker.io/entando/app-builder@sha256:a938a89f84e9d717a808bc160da87eedc19c4a6d21da492d41254759bd5a7d3f, lastState=ContainerState(running=null, terminated=null, waiting=null, additionalProperties={}), name=appbuilder-container, ready=true, restartCount=0, started=null, state=ContainerState(running=ContainerStateRunning(startedAt=2020-10-15T16:25:30Z, additionalProperties={}), terminated=null, waiting=null, additionalProperties={}), additionalProperties={}), ContainerStatus(containerID=docker://7b1977b52995d628d21ba070487dd16f0801148ea72589637592cf8cc291fc38, image=docker.io/entando/entando-component-manager:6.2.13, imageID=docker-pullable://docker.io/entando/entando-component-manager@sha256:822e437a159070aebcdd76e60a8ca441b35e8bc809cc852df9736bc533286708, lastState=ContainerState(running=null, terminated=null, waiting=null, additionalProperties={}), name=de-container, ready=*****, restartCount=0, started=null, state=ContainerState(running=ContainerStateRunning(startedAt=2020-10-15T16:25:13Z, additionalProperties={}), terminated=null, waiting=null, additionalProperties={}), additionalProperties={}), ContainerStatus(containerID=docker://364cba57d8404f7fac102a44116e845d9b303d264f246f76139ac15d04439c61, image=docker.io/entando/entando-de-app-wildfly:6.2.2, imageID=docker-pullable://docker.io/entando/entando-de-app-wildfly@sha256:50b2f50ef5288155bef80787ce33d81ebfbe55ed6b157986ee3c6446664060f3, lastState=ContainerState(running=null, terminated=null, waiting=null, additionalProperties={}), name=server-container, ready=*****, restartCount=0, started=null, state=ContainerState(running=ContainerStateRunning(startedAt=2020-10-15T16:25:10Z, additionalProperties={}), terminated=null, waiting=null, additionalProperties={}), additionalProperties={})], ephemeralContainerStatuses=[], hostIP=54.36.53.206, initContainerStatuses=[], message=null, nominatedNodeName=null, phase=Running, podIP=10.128.1.15, podIPs=[], qosClass=Burstable, reason=null, startTime=2020-10-15T16:24:53Z, additionalProperties={})
MODIFIED:PodStatus(conditions=[PodCondition(lastProbeTime=null, lastTransitionTime=2020-10-15T16:24:53Z, message=null, reason=null, status=True, type=Initialized, additionalProperties={}), PodCondition(lastProbeTime=null, lastTransitionTime=2020-10-15T16:24:53Z, message=containers with unready status: [server-container], reason=ContainersNotReady, status=False, type=Ready, additionalProperties={}), PodCondition(lastProbeTime=null, lastTransitionTime=null, message=containers with unready status: [server-container], reason=ContainersNotReady, status=False, type=ContainersReady, additionalProperties={}), PodCondition(lastProbeTime=null, lastTransitionTime=2020-10-15T16:24:53Z, message=null, reason=null, status=True, type=PodScheduled, additionalProperties={})], containerStatuses=[ContainerStatus(containerID=docker://dc4fb24bcbccb742dcf4d8bdbbf43f619168ae84af52db4acc9f847030bc753e, image=docker.io/entando/app-builder:6.1.174, imageID=docker-pullable://docker.io/entando/app-builder@sha256:a938a89f84e9d717a808bc160da87eedc19c4a6d21da492d41254759bd5a7d3f, lastState=ContainerState(running=null, terminated=null, waiting=null, additionalProperties={}), name=appbuilder-container, ready=true, restartCount=0, started=null, state=ContainerState(running=ContainerStateRunning(startedAt=2020-10-15T16:25:30Z, additionalProperties={}), terminated=null, waiting=null, additionalProperties={}), additionalProperties={}), ContainerStatus(containerID=docker://7b1977b52995d628d21ba070487dd16f0801148ea72589637592cf8cc291fc38, image=docker.io/entando/entando-component-manager:6.2.13, imageID=docker-pullable://docker.io/entando/entando-component-manager@sha256:822e437a159070aebcdd76e60a8ca441b35e8bc809cc852df9736bc533286708, lastState=ContainerState(running=null, terminated=null, waiting=null, additionalProperties={}), name=de-container, ready=true, restartCount=0, started=null, state=ContainerState(running=ContainerStateRunning(startedAt=2020-10-15T16:25:13Z, additionalProperties={}), terminated=null, waiting=null, additionalProperties={}), additionalProperties={}), ContainerStatus(containerID=docker://364cba57d8404f7fac102a44116e845d9b303d264f246f76139ac15d04439c61, image=docker.io/entando/entando-de-app-wildfly:6.2.2, imageID=docker-pullable://docker.io/entando/entando-de-app-wildfly@sha256:50b2f50ef5288155bef80787ce33d81ebfbe55ed6b157986ee3c6446664060f3, lastState=ContainerState(running=null, terminated=null, waiting=null, additionalProperties={}), name=server-container, ready=*****, restartCount=0, started=null, state=ContainerState(running=ContainerStateRunning(startedAt=2020-10-15T16:25:10Z, additionalProperties={}), terminated=null, waiting=null, additionalProperties={}), additionalProperties={})], ephemeralContainerStatuses=[], hostIP=54.36.53.206, initContainerStatuses=[], message=null, nominatedNodeName=null, phase=Running, podIP=10.128.1.15, podIPs=[], qosClass=Burstable, reason=null, startTime=2020-10-15T16:24:53Z, additionalProperties={})
MODIFIED:PodStatus(conditions=[PodCondition(lastProbeTime=null, lastTransitionTime=2020-10-15T16:24:53Z, message=null, reason=null, status=True, type=Initialized, additionalProperties={}), PodCondition(lastProbeTime=null, lastTransitionTime=2020-10-15T16:26:33Z, message=null, reason=null, status=True, type=Ready, additionalProperties={}), PodCondition(lastProbeTime=null, lastTransitionTime=null, message=null, reason=null, status=True, type=ContainersReady, additionalProperties={}), PodCondition(lastProbeTime=null, lastTransitionTime=2020-10-15T16:24:53Z, message=null, reason=null, status=True, type=PodScheduled, additionalProperties={})], containerStatuses=[ContainerStatus(containerID=docker://dc4fb24bcbccb742dcf4d8bdbbf43f619168ae84af52db4acc9f847030bc753e, image=docker.io/entando/app-builder:6.1.174, imageID=docker-pullable://docker.io/entando/app-builder@sha256:a938a89f84e9d717a808bc160da87eedc19c4a6d21da492d41254759bd5a7d3f, lastState=ContainerState(running=null, terminated=null, waiting=null, additionalProperties={}), name=appbuilder-container, ready=true, restartCount=0, started=null, state=ContainerState(running=ContainerStateRunning(startedAt=2020-10-15T16:25:30Z, additionalProperties={}), terminated=null, waiting=null, additionalProperties={}), additionalProperties={}), ContainerStatus(containerID=docker://7b1977b52995d628d21ba070487dd16f0801148ea72589637592cf8cc291fc38, image=docker.io/entando/entando-component-manager:6.2.13, imageID=docker-pullable://docker.io/entando/entando-component-manager@sha256:822e437a159070aebcdd76e60a8ca441b35e8bc809cc852df9736bc533286708, lastState=ContainerState(running=null, terminated=null, waiting=null, additionalProperties={}), name=de-container, ready=true, restartCount=0, started=null, state=ContainerState(running=ContainerStateRunning(startedAt=2020-10-15T16:25:13Z, additionalProperties={}), terminated=null, waiting=null, additionalProperties={}), additionalProperties={}), ContainerStatus(containerID=docker://364cba57d8404f7fac102a44116e845d9b303d264f246f76139ac15d04439c61, image=docker.io/entando/entando-de-app-wildfly:6.2.2, imageID=docker-pullable://docker.io/entando/entando-de-app-wildfly@sha256:50b2f50ef5288155bef80787ce33d81ebfbe55ed6b157986ee3c6446664060f3, lastState=ContainerState(running=null, terminated=null, waiting=null, additionalProperties={}), name=server-container, ready=true, restartCount=0, started=null, state=ContainerState(running=ContainerStateRunning(startedAt=2020-10-15T16:25:10Z, additionalProperties={}), terminated=null, waiting=null, additionalProperties={}), additionalProperties={})], ephemeralContainerStatuses=[], hostIP=54.36.53.206, initContainerStatuses=[], message=null, nominatedNodeName=null, phase=Running, podIP=10.128.1.15, podIPs=[], qosClass=Burstable, reason=null, startTime=2020-10-15T16:24:53Z, additionalProperties={})
Finished: test-entando-acpr18-server-deployment-5848674fbc-lpnp7
200:null
Oct 15, 2020 4:26:40 PM org.entando.kubernetes.controller.integrationtest.support.DeletionWaiter lambda$deleteSingleItem$2
WARNING: Deleting deployments  entando-k8s-app-controller-acpr18/test-entando-acpr18-server-deployment to zero
Oct 15, 2020 4:26:40 PM org.entando.kubernetes.controller.integrationtest.support.DeletionWaiter lambda$deleteSingleItem$2
WARNING: Deleting deployments  entando-k8s-app-controller-acpr18/test-entando-acpr18-server-deployment
Oct 15, 2020 4:26:40 PM org.entando.kubernetes.controller.integrationtest.support.DeletionWaiter lambda$deleteSingleItem$2
WARNING: Deleting pods  entando-k8s-app-controller-acpr18/test-entando-acpr18-db-preparation-job-6197207c-0
Oct 15, 2020 4:26:40 PM org.entando.kubernetes.controller.integrationtest.support.DeletionWaiter lambda$deleteSingleItem$2
WARNING: Deleting pods  entando-k8s-app-controller-acpr18/test-entando-acpr18-deployer-ywbyrysbyl
Oct 15, 2020 4:26:41 PM org.entando.kubernetes.controller.integrationtest.support.DeletionWaiter lambda$deleteSingleItem$2
WARNING: Deleting pods  entando-k8s-app-controller-acpr18/test-entando-acpr18-server-deployment-5848674fbc-lpnp7
Oct 15, 2020 4:26:41 PM org.entando.kubernetes.controller.integrationtest.support.DeletionWaiter lambda$deleteSingleItem$2
WARNING: Deleting persistentvolumeclaims  entando-k8s-app-controller-acpr18/test-entando-acpr18-de-pvc
Oct 15, 2020 4:26:41 PM org.entando.kubernetes.controller.integrationtest.support.DeletionWaiter lambda$deleteSingleItem$2
WARNING: Deleting persistentvolumeclaims  entando-k8s-app-controller-acpr18/test-entando-acpr18-de-pvc
Oct 15, 2020 4:26:41 PM org.entando.kubernetes.controller.integrationtest.support.DeletionWaiter lambda$deleteSingleItem$2
WARNING: Deleting persistentvolumeclaims  entando-k8s-app-controller-acpr18/test-entando-acpr18-server-pvc
Oct 15, 2020 4:26:41 PM org.entando.kubernetes.controller.integrationtest.support.DeletionWaiter lambda$deleteSingleItem$2
WARNING: Deleting persistentvolumeclaims  entando-k8s-app-controller-acpr18/test-entando-acpr18-server-pvc
Oct 15, 2020 4:26:41 PM org.entando.kubernetes.controller.integrationtest.support.DeletionWaiter lambda$deleteSingleItem$2
WARNING: Deleting secrets  entando-k8s-app-controller-acpr18/entando-cluster-infrastructure-secret
Deleting KeycloakClient entando-web
Deleting KeycloakClient test-entando-acpr18-de
Deleting KeycloakClient test-entando-acpr18-server
!!!!!!!On EntandoApp add!!!!!!!!!
ADDED:PodStatus(conditions=[PodCondition(lastProbeTime=null, lastTransitionTime=2020-10-15T16:27:07Z, message=null, reason=null, status=True, type=PodScheduled, additionalProperties={})], containerStatuses=[], ephemeralContainerStatuses=[], hostIP=null, initContainerStatuses=[], message=null, nominatedNodeName=null, phase=Pending, podIP=null, podIPs=[], qosClass=BestEffort, reason=null, startTime=null, additionalProperties={})
MODIFIED:PodStatus(conditions=[PodCondition(lastProbeTime=null, lastTransitionTime=2020-10-15T16:27:07Z, message=containers with incomplete status: [test-entando-acpr18-portdb-schema-creation-job test-entando-acpr18-servdb-schema-creation-job test-entando-acpr18-server-db-population-job test-entando-acpr18-dedb-schema-creation-job], reason=ContainersNotInitialized, status=False, type=Initialized, additionalProperties={}), PodCondition(lastProbeTime=null, lastTransitionTime=2020-10-15T16:27:07Z, message=containers with unready status: [dummy], reason=ContainersNotReady, status=False, type=Ready, additionalProperties={}), PodCondition(lastProbeTime=null, lastTransitionTime=null, message=containers with unready status: [dummy], reason=ContainersNotReady, status=False, type=ContainersReady, additionalProperties={}), PodCondition(lastProbeTime=null, lastTransitionTime=2020-10-15T16:27:07Z, message=null, reason=null, status=True, type=PodScheduled, additionalProperties={})], containerStatuses=[ContainerStatus(containerID=null, image=docker.io/entando/busybox:latest, imageID=, lastState=ContainerState(running=null, terminated=null, waiting=null, additionalProperties={}), name=dummy, ready=*****, restartCount=0, started=null, state=ContainerState(running=null, terminated=null, waiting=ContainerStateWaiting(message=null, reason=PodInitializing, additionalProperties={}), additionalProperties={}), additionalProperties={})], ephemeralContainerStatuses=[], hostIP=54.36.53.206, initContainerStatuses=[ContainerStatus(containerID=null, image=docker.io/entando/entando-k8s-dbjob:6.1.4, imageID=, lastState=ContainerState(running=null, terminated=null, waiting=null, additionalProperties={}), name=test-entando-acpr18-portdb-schema-creation-job, ready=*****, restartCount=0, started=null, state=ContainerState(running=null, terminated=null, waiting=ContainerStateWaiting(message=null, reason=PodInitializing, additionalProperties={}), additionalProperties={}), additionalProperties={}), ContainerStatus(containerID=null, image=docker.io/entando/entando-k8s-dbjob:6.1.4, imageID=, lastState=ContainerState(running=null, terminated=null, waiting=null, additionalProperties={}), name=test-entando-acpr18-servdb-schema-creation-job, ready=*****, restartCount=0, started=null, state=ContainerState(running=null, terminated=null, waiting=ContainerStateWaiting(message=null, reason=PodInitializing, additionalProperties={}), additionalProperties={}), additionalProperties={}), ContainerStatus(containerID=null, image=docker.io/entando/entando-de-app-wildfly:6.2.2, imageID=, lastState=ContainerState(running=null, terminated=null, waiting=null, additionalProperties={}), name=test-entando-acpr18-server-db-population-job, ready=*****, restartCount=0, started=null, state=ContainerState(running=null, terminated=null, waiting=ContainerStateWaiting(message=null, reason=PodInitializing, additionalProperties={}), additionalProperties={}), additionalProperties={}), ContainerStatus(containerID=null, image=docker.io/entando/entando-k8s-dbjob:6.1.4, imageID=, lastState=ContainerState(running=null, terminated=null, waiting=null, additionalProperties={}), name=test-entando-acpr18-dedb-schema-creation-job, ready=*****, restartCount=0, started=null, state=ContainerState(running=null, terminated=null, waiting=ContainerStateWaiting(message=null, reason=PodInitializing, additionalProperties={}), additionalProperties={}), additionalProperties={})], message=null, nominatedNodeName=null, phase=Pending, podIP=null, podIPs=[], qosClass=BestEffort, reason=null, startTime=2020-10-15T16:27:07Z, additionalProperties={})
MODIFIED:PodStatus(conditions=[PodCondition(lastProbeTime=null, lastTransitionTime=2020-10-15T16:27:07Z, message=containers with incomplete status: [test-entando-acpr18-servdb-schema-creation-job test-entando-acpr18-server-db-population-job test-entando-acpr18-dedb-schema-creation-job], reason=ContainersNotInitialized, status=False, type=Initialized, additionalProperties={}), PodCondition(lastProbeTime=null, lastTransitionTime=2020-10-15T16:27:07Z, message=containers with unready status: [dummy], reason=ContainersNotReady, status=False, type=Ready, additionalProperties={}), PodCondition(lastProbeTime=null, lastTransitionTime=null, message=containers with unready status: [dummy], reason=ContainersNotReady, status=False, type=ContainersReady, additionalProperties={}), PodCondition(lastProbeTime=null, lastTransitionTime=2020-10-15T16:27:07Z, message=null, reason=null, status=True, type=PodScheduled, additionalProperties={})], containerStatuses=[ContainerStatus(containerID=null, image=docker.io/entando/busybox:latest, imageID=, lastState=ContainerState(running=null, terminated=null, waiting=null, additionalProperties={}), name=dummy, ready=*****, restartCount=0, started=null, state=ContainerState(running=null, terminated=null, waiting=ContainerStateWaiting(message=null, reason=PodInitializing, additionalProperties={}), additionalProperties={}), additionalProperties={})], ephemeralContainerStatuses=[], hostIP=54.36.53.206, initContainerStatuses=[ContainerStatus(containerID=docker://2c44b27e39bd3965caa767f6db09854e8621b2327558041b653648f658e0470e, image=docker.io/entando/entando-k8s-dbjob:6.1.4, imageID=docker-pullable://docker.io/entando/entando-k8s-dbjob@sha256:a571dc5f4f72668359ed7de82b06347ef103e91ac3fc9e381259fdfff417506a, lastState=ContainerState(running=null, terminated=null, waiting=null, additionalProperties={}), name=test-entando-acpr18-portdb-schema-creation-job, ready=true, restartCount=0, started=null, state=ContainerState(running=null, terminated=ContainerStateTerminated(containerID=docker://2c44b27e39bd3965caa767f6db09854e8621b2327558041b653648f658e0470e, exitCode=0, finishedAt=2020-10-15T16:27:25Z, message=null, reason=Completed, signal=null, startedAt=2020-10-15T16:27:24Z, additionalProperties={}), waiting=null, additionalProperties={}), additionalProperties={}), ContainerStatus(containerID=docker://c22e972aba0f00403db125ef5550c05203dfeb2ffbb04557bba2a451419cc028, image=docker.io/entando/entando-k8s-dbjob:6.1.4, imageID=docker-pullable://docker.io/entando/entando-k8s-dbjob@sha256:a571dc5f4f72668359ed7de82b06347ef103e91ac3fc9e381259fdfff417506a, lastState=ContainerState(running=null, terminated=null, waiting=null, additionalProperties={}), name=test-entando-acpr18-servdb-schema-creation-job, ready=*****, restartCount=0, started=null, state=ContainerState(running=ContainerStateRunning(startedAt=2020-10-15T16:27:30Z, additionalProperties={}), terminated=null, waiting=null, additionalProperties={}), additionalProperties={}), ContainerStatus(containerID=null, image=docker.io/entando/entando-de-app-wildfly:6.2.2, imageID=, lastState=ContainerState(running=null, terminated=null, waiting=null, additionalProperties={}), name=test-entando-acpr18-server-db-population-job, ready=*****, restartCount=0, started=null, state=ContainerState(running=null, terminated=null, waiting=ContainerStateWaiting(message=null, reason=PodInitializing, additionalProperties={}), additionalProperties={}), additionalProperties={}), ContainerStatus(containerID=null, image=docker.io/entando/entando-k8s-dbjob:6.1.4, imageID=, lastState=ContainerState(running=null, terminated=null, waiting=null, additionalProperties={}), name=test-entando-acpr18-dedb-schema-creation-job, ready=*****, restartCount=0, started=null, state=ContainerState(running=null, terminated=null, waiting=ContainerStateWaiting(message=null, reason=PodInitializing, additionalProperties={}), additionalProperties={}), additionalProperties={})], message=null, nominatedNodeName=null, phase=Pending, podIP=10.128.1.27, podIPs=[], qosClass=BestEffort, reason=null, startTime=2020-10-15T16:2
7:07Z, additionalProperties={})
MODIFIED:PodStatus(conditions=[PodCondition(lastProbeTime=null, lastTransitionTime=2020-10-15T16:27:07Z, message=containers with incomplete status: [test-entando-acpr18-server-db-population-job test-entando-acpr18-dedb-schema-creation-job], reason=ContainersNotInitialized, status=False, type=Initialized, additionalProperties={}), PodCondition(lastProbeTime=null, lastTransitionTime=2020-10-15T16:27:07Z, message=containers with unready status: [dummy], reason=ContainersNotReady, status=False, type=Ready, additionalProperties={}), PodCondition(lastProbeTime=null, lastTransitionTime=null, message=containers with unready status: [dummy], reason=ContainersNotReady, status=False, type=ContainersReady, additionalProperties={}), PodCondition(lastProbeTime=null, lastTransitionTime=2020-10-15T16:27:07Z, message=null, reason=null, status=True, type=PodScheduled, additionalProperties={})], containerStatuses=[ContainerStatus(containerID=null, image=docker.io/entando/busybox:latest, imageID=, lastState=ContainerState(running=null, terminated=null, waiting=null, additionalProperties={}), name=dummy, ready=*****, restartCount=0, started=null, state=ContainerState(running=null, terminated=null, waiting=ContainerStateWaiting(message=null, reason=PodInitializing, additionalProperties={}), additionalProperties={}), additionalProperties={})], ephemeralContainerStatuses=[], hostIP=54.36.53.206, initContainerStatuses=[ContainerStatus(containerID=docker://2c44b27e39bd3965caa767f6db09854e8621b2327558041b653648f658e0470e, image=docker.io/entando/entando-k8s-dbjob:6.1.4, imageID=docker-pullable://docker.io/entando/entando-k8s-dbjob@sha256:a571dc5f4f72668359ed7de82b06347ef103e91ac3fc9e381259fdfff417506a, lastState=ContainerState(running=null, terminated=null, waiting=null, additionalProperties={}), name=test-entando-acpr18-portdb-schema-creation-job, ready=true, restartCount=0, started=null, state=ContainerState(running=null, terminated=ContainerStateTerminated(containerID=docker://2c44b27e39bd3965caa767f6db09854e8621b2327558041b653648f658e0470e, exitCode=0, finishedAt=2020-10-15T16:27:25Z, message=null, reason=Completed, signal=null, startedAt=2020-10-15T16:27:24Z, additionalProperties={}), waiting=null, additionalProperties={}), additionalProperties={}), ContainerStatus(containerID=docker://c22e972aba0f00403db125ef5550c05203dfeb2ffbb04557bba2a451419cc028, image=docker.io/entando/entando-k8s-dbjob:6.1.4, imageID=docker-pullable://docker.io/entando/entando-k8s-dbjob@sha256:a571dc5f4f72668359ed7de82b06347ef103e91ac3fc9e381259fdfff417506a, lastState=ContainerState(running=null, terminated=null, waiting=null, additionalProperties={}), name=test-entando-acpr18-servdb-schema-creation-job, ready=true, restartCount=0, started=null, state=ContainerState(running=null, terminated=ContainerStateTerminated(containerID=docker://c22e972aba0f00403db125ef5550c05203dfeb2ffbb04557bba2a451419cc028, exitCode=0, finishedAt=2020-10-15T16:27:32Z, message=null, reason=Completed, signal=null, startedAt=2020-10-15T16:27:30Z, additionalProperties={}), waiting=null, additionalProperties={}), additionalProperties={}), ContainerStatus(containerID=null, image=docker.io/entando/entando-de-app-wildfly:6.2.2, imageID=, lastState=ContainerState(running=null, terminated=null, waiting=null, additionalProperties={}), name=test-entando-acpr18-server-db-population-job, ready=*****, restartCount=0, started=null, state=ContainerState(running=null, terminated=null, waiting=ContainerStateWaiting(message=null, reason=PodInitializing, additionalProperties={}), additionalProperties={}), additionalProperties={}), ContainerStatus(containerID=null, image=docker.io/entando/entando-k8s-dbjob:6.1.4, imageID=, lastState=ContainerState(running=null, terminated=null, waiting=null, additionalProperties={}), name=test-entando-acpr18-dedb-schema-creation-job, ready=*****, restartCount=0, started=null, state=ContainerState(running=null, terminated=null, waiting=ContainerStateWaiting(message=null, reason=PodInitializing, additionalProperties={}), additionalProperties={}), additionalProperties={})], message=nu
ll, nominatedNodeName=null, phase=Pending, podIP=10.128.1.27, podIPs=[], qosClass=BestEffort, reason=null, startTime=2020-10-15T16:27:07Z, additionalProperties={})
MODIFIED:PodStatus(conditions=[PodCondition(lastProbeTime=null, lastTransitionTime=2020-10-15T16:27:07Z, message=containers with incomplete status: [test-entando-acpr18-server-db-population-job test-entando-acpr18-dedb-schema-creation-job], reason=ContainersNotInitialized, status=False, type=Initialized, additionalProperties={}), PodCondition(lastProbeTime=null, lastTransitionTime=2020-10-15T16:27:07Z, message=containers with unready status: [dummy], reason=ContainersNotReady, status=False, type=Ready, additionalProperties={}), PodCondition(lastProbeTime=null, lastTransitionTime=null, message=containers with unready status: [dummy], reason=ContainersNotReady, status=False, type=ContainersReady, additionalProperties={}), PodCondition(lastProbeTime=null, lastTransitionTime=2020-10-15T16:27:07Z, message=null, reason=null, status=True, type=PodScheduled, additionalProperties={})], containerStatuses=[ContainerStatus(containerID=null, image=docker.io/entando/busybox:latest, imageID=, lastState=ContainerState(running=null, terminated=null, waiting=null, additionalProperties={}), name=dummy, ready=*****, restartCount=0, started=null, state=ContainerState(running=null, terminated=null, waiting=ContainerStateWaiting(message=null, reason=PodInitializing, additionalProperties={}), additionalProperties={}), additionalProperties={})], ephemeralContainerStatuses=[], hostIP=54.36.53.206, initContainerStatuses=[ContainerStatus(containerID=docker://2c44b27e39bd3965caa767f6db09854e8621b2327558041b653648f658e0470e, image=docker.io/entando/entando-k8s-dbjob:6.1.4, imageID=docker-pullable://docker.io/entando/entando-k8s-dbjob@sha256:a571dc5f4f72668359ed7de82b06347ef103e91ac3fc9e381259fdfff417506a, lastState=ContainerState(running=null, terminated=null, waiting=null, additionalProperties={}), name=test-entando-acpr18-portdb-schema-creation-job, ready=true, restartCount=0, started=null, state=ContainerState(running=null, terminated=ContainerStateTerminated(containerID=docker://2c44b27e39bd3965caa767f6db09854e8621b2327558041b653648f658e0470e, exitCode=0, finishedAt=2020-10-15T16:27:25Z, message=null, reason=Completed, signal=null, startedAt=2020-10-15T16:27:24Z, additionalProperties={}), waiting=null, additionalProperties={}), additionalProperties={}), ContainerStatus(containerID=docker://c22e972aba0f00403db125ef5550c05203dfeb2ffbb04557bba2a451419cc028, image=docker.io/entando/entando-k8s-dbjob:6.1.4, imageID=docker-pullable://docker.io/entando/entando-k8s-dbjob@sha256:a571dc5f4f72668359ed7de82b06347ef103e91ac3fc9e381259fdfff417506a, lastState=ContainerState(running=null, terminated=null, waiting=null, additionalProperties={}), name=test-entando-acpr18-servdb-schema-creation-job, ready=true, restartCount=0, started=null, state=ContainerState(running=null, terminated=ContainerStateTerminated(containerID=docker://c22e972aba0f00403db125ef5550c05203dfeb2ffbb04557bba2a451419cc028, exitCode=0, finishedAt=2020-10-15T16:27:32Z, message=null, reason=Completed, signal=null, startedAt=2020-10-15T16:27:30Z, additionalProperties={}), waiting=null, additionalProperties={}), additionalProperties={}), ContainerStatus(containerID=docker://6d69c12a70578567b7c5e690ded2a72438257fa044501842fbdc2c64495c3a0d, image=docker.io/entando/entando-de-app-wildfly:6.2.2, imageID=docker-pullable://docker.io/entando/entando-de-app-wildfly@sha256:50b2f50ef5288155bef80787ce33d81ebfbe55ed6b157986ee3c6446664060f3, lastState=ContainerState(running=null, terminated=null, waiting=null, additionalProperties={}), name=test-entando-acpr18-server-db-population-job, ready=*****, restartCount=0, started=null, state=ContainerState(running=ContainerStateRunning(startedAt=2020-10-15T16:27:34Z, additionalProperties={}), terminated=null, waiting=null, additionalProperties={}), additionalProperties={}), ContainerStatus(containerID=null, image=docker.io/entando/entando-k8s-dbjob:6.1.4, imageID=, lastState=ContainerState(running=null, terminated=null, waiting=null, additionalProperties={}), name=test-entando-acpr18-dedb-schema-creation-job, ready=*****, restartCount=0, started=null, state=ContainerS
tate(running=null, terminated=null, waiting=ContainerStateWaiting(message=null, reason=PodInitializing, additionalProperties={}), additionalProperties={}), additionalProperties={})], message=null, nominatedNodeName=null, phase=Pending, podIP=10.128.1.27, podIPs=[], qosClass=BestEffort, reason=null, startTime=2020-10-15T16:27:07Z, additionalProperties={})
MODIFIED:PodStatus(conditions=[PodCondition(lastProbeTime=null, lastTransitionTime=2020-10-15T16:27:07Z, message=containers with incomplete status: [test-entando-acpr18-dedb-schema-creation-job], reason=ContainersNotInitialized, status=False, type=Initialized, additionalProperties={}), PodCondition(lastProbeTime=null, lastTransitionTime=2020-10-15T16:27:07Z, message=containers with unready status: [dummy], reason=ContainersNotReady, status=False, type=Ready, additionalProperties={}), PodCondition(lastProbeTime=null, lastTransitionTime=null, message=containers with unready status: [dummy], reason=ContainersNotReady, status=False, type=ContainersReady, additionalProperties={}), PodCondition(lastProbeTime=null, lastTransitionTime=2020-10-15T16:27:07Z, message=null, reason=null, status=True, type=PodScheduled, additionalProperties={})], containerStatuses=[ContainerStatus(containerID=null, image=docker.io/entando/busybox:latest, imageID=, lastState=ContainerState(running=null, terminated=null, waiting=null, additionalProperties={}), name=dummy, ready=*****, restartCount=0, started=null, state=ContainerState(running=null, terminated=null, waiting=ContainerStateWaiting(message=null, reason=PodInitializing, additionalProperties={}), additionalProperties={}), additionalProperties={})], ephemeralContainerStatuses=[], hostIP=54.36.53.206, initContainerStatuses=[ContainerStatus(containerID=docker://2c44b27e39bd3965caa767f6db09854e8621b2327558041b653648f658e0470e, image=docker.io/entando/entando-k8s-dbjob:6.1.4, imageID=docker-pullable://docker.io/entando/entando-k8s-dbjob@sha256:a571dc5f4f72668359ed7de82b06347ef103e91ac3fc9e381259fdfff417506a, lastState=ContainerState(running=null, terminated=null, waiting=null, additionalProperties={}), name=test-entando-acpr18-portdb-schema-creation-job, ready=true, restartCount=0, started=null, state=ContainerState(running=null, terminated=ContainerStateTerminated(containerID=docker://2c44b27e39bd3965caa767f6db09854e8621b2327558041b653648f658e0470e, exitCode=0, finishedAt=2020-10-15T16:27:25Z, message=null, reason=Completed, signal=null, startedAt=2020-10-15T16:27:24Z, additionalProperties={}), waiting=null, additionalProperties={}), additionalProperties={}), ContainerStatus(containerID=docker://c22e972aba0f00403db125ef5550c05203dfeb2ffbb04557bba2a451419cc028, image=docker.io/entando/entando-k8s-dbjob:6.1.4, imageID=docker-pullable://docker.io/entando/entando-k8s-dbjob@sha256:a571dc5f4f72668359ed7de82b06347ef103e91ac3fc9e381259fdfff417506a, lastState=ContainerState(running=null, terminated=null, waiting=null, additionalProperties={}), name=test-entando-acpr18-servdb-schema-creation-job, ready=true, restartCount=0, started=null, state=ContainerState(running=null, terminated=ContainerStateTerminated(containerID=docker://c22e972aba0f00403db125ef5550c05203dfeb2ffbb04557bba2a451419cc028, exitCode=0, finishedAt=2020-10-15T16:27:32Z, message=null, reason=Completed, signal=null, startedAt=2020-10-15T16:27:30Z, additionalProperties={}), waiting=null, additionalProperties={}), additionalProperties={}), ContainerStatus(containerID=docker://6d69c12a70578567b7c5e690ded2a72438257fa044501842fbdc2c64495c3a0d, image=docker.io/entando/entando-de-app-wildfly:6.2.2, imageID=docker-pullable://docker.io/entando/entando-de-app-wildfly@sha256:50b2f50ef5288155bef80787ce33d81ebfbe55ed6b157986ee3c6446664060f3, lastState=ContainerState(running=null, terminated=null, waiting=null, additionalProperties={}), name=test-entando-acpr18-server-db-population-job, ready=true, restartCount=0, started=null, state=ContainerState(running=null, terminated=ContainerStateTerminated(containerID=docker://6d69c12a70578567b7c5e690ded2a72438257fa044501842fbdc2c64495c3a0d, exitCode=0, finishedAt=2020-10-15T16:28:25Z, message=null, reason=Completed, signal=null, startedAt=2020-10-15T16:27:34Z, additionalProperties={}), waiting=null, additionalProperties={}), additionalProperties={}), ContainerStatus(containerID=null, image=docker.io/entando/entando-k8s-dbjob:6.1.4, imageID=, lastState=ContainerState(running=null, terminated=null, waiting=null, ad
ditionalProperties={}), name=test-entando-acpr18-dedb-schema-creation-job, ready=*****, restartCount=0, started=null, state=ContainerState(running=null, terminated=null, waiting=ContainerStateWaiting(message=null, reason=PodInitializing, additionalProperties={}), additionalProperties={}), additionalProperties={})], message=null, nominatedNodeName=null, phase=Pending, podIP=10.128.1.27, podIPs=[], qosClass=BestEffort, reason=null, startTime=2020-10-15T16:27:07Z, additionalProperties={})
MODIFIED:PodStatus(conditions=[PodCondition(lastProbeTime=null, lastTransitionTime=2020-10-15T16:27:07Z, message=containers with incomplete status: [test-entando-acpr18-dedb-schema-creation-job], reason=ContainersNotInitialized, status=False, type=Initialized, additionalProperties={}), PodCondition(lastProbeTime=null, lastTransitionTime=2020-10-15T16:27:07Z, message=containers with unready status: [dummy], reason=ContainersNotReady, status=False, type=Ready, additionalProperties={}), PodCondition(lastProbeTime=null, lastTransitionTime=null, message=containers with unready status: [dummy], reason=ContainersNotReady, status=False, type=ContainersReady, additionalProperties={}), PodCondition(lastProbeTime=null, lastTransitionTime=2020-10-15T16:27:07Z, message=null, reason=null, status=True, type=PodScheduled, additionalProperties={})], containerStatuses=[ContainerStatus(containerID=null, image=docker.io/entando/busybox:latest, imageID=, lastState=ContainerState(running=null, terminated=null, waiting=null, additionalProperties={}), name=dummy, ready=*****, restartCount=0, started=null, state=ContainerState(running=null, terminated=null, waiting=ContainerStateWaiting(message=null, reason=PodInitializing, additionalProperties={}), additionalProperties={}), additionalProperties={})], ephemeralContainerStatuses=[], hostIP=54.36.53.206, initContainerStatuses=[ContainerStatus(containerID=docker://2c44b27e39bd3965caa767f6db09854e8621b2327558041b653648f658e0470e, image=docker.io/entando/entando-k8s-dbjob:6.1.4, imageID=docker-pullable://docker.io/entando/entando-k8s-dbjob@sha256:a571dc5f4f72668359ed7de82b06347ef103e91ac3fc9e381259fdfff417506a, lastState=ContainerState(running=null, terminated=null, waiting=null, additionalProperties={}), name=test-entando-acpr18-portdb-schema-creation-job, ready=true, restartCount=0, started=null, state=ContainerState(running=null, terminated=ContainerStateTerminated(containerID=docker://2c44b27e39bd3965caa767f6db09854e8621b2327558041b653648f658e0470e, exitCode=0, finishedAt=2020-10-15T16:27:25Z, message=null, reason=Completed, signal=null, startedAt=2020-10-15T16:27:24Z, additionalProperties={}), waiting=null, additionalProperties={}), additionalProperties={}), ContainerStatus(containerID=docker://c22e972aba0f00403db125ef5550c05203dfeb2ffbb04557bba2a451419cc028, image=docker.io/entando/entando-k8s-dbjob:6.1.4, imageID=docker-pullable://docker.io/entando/entando-k8s-dbjob@sha256:a571dc5f4f72668359ed7de82b06347ef103e91ac3fc9e381259fdfff417506a, lastState=ContainerState(running=null, terminated=null, waiting=null, additionalProperties={}), name=test-entando-acpr18-servdb-schema-creation-job, ready=true, restartCount=0, started=null, state=ContainerState(running=null, terminated=ContainerStateTerminated(containerID=docker://c22e972aba0f00403db125ef5550c05203dfeb2ffbb04557bba2a451419cc028, exitCode=0, finishedAt=2020-10-15T16:27:32Z, message=null, reason=Completed, signal=null, startedAt=2020-10-15T16:27:30Z, additionalProperties={}), waiting=null, additionalProperties={}), additionalProperties={}), ContainerStatus(containerID=docker://6d69c12a70578567b7c5e690ded2a72438257fa044501842fbdc2c64495c3a0d, image=docker.io/entando/entando-de-app-wildfly:6.2.2, imageID=docker-pullable://docker.io/entando/entando-de-app-wildfly@sha256:50b2f50ef5288155bef80787ce33d81ebfbe55ed6b157986ee3c6446664060f3, lastState=ContainerState(running=null, terminated=null, waiting=null, additionalProperties={}), name=test-entando-acpr18-server-db-population-job, ready=true, restartCount=0, started=null, state=ContainerState(running=null, terminated=ContainerStateTerminated(containerID=docker://6d69c12a70578567b7c5e690ded2a72438257fa044501842fbdc2c64495c3a0d, exitCode=0, finishedAt=2020-10-15T16:28:25Z, message=null, reason=Completed, signal=null, startedAt=2020-10-15T16:27:34Z, additionalProperties={}), waiting=null, additionalProperties={}), additionalProperties={}), ContainerStatus(containerID=docker://f828f65658fc3844417e24037bade86c5796af3b7eb33c2192c0d561f284db09, image=docker.io/entando/entando-k8s-dbjob:6.1.4, imageID=docke
r-pullable://docker.io/entando/entando-k8s-dbjob@sha256:a571dc5f4f72668359ed7de82b06347ef103e91ac3fc9e381259fdfff417506a, lastState=ContainerState(running=null, terminated=null, waiting=null, additionalProperties={}), name=test-entando-acpr18-dedb-schema-creation-job, ready=*****, restartCount=0, started=null, state=ContainerState(running=ContainerStateRunning(startedAt=2020-10-15T16:28:29Z, additionalProperties={}), terminated=null, waiting=null, additionalProperties={}), additionalProperties={})], message=null, nominatedNodeName=null, phase=Pending, podIP=10.128.1.27, podIPs=[], qosClass=BestEffort, reason=null, startTime=2020-10-15T16:27:07Z, additionalProperties={})
MODIFIED:PodStatus(conditions=[PodCondition(lastProbeTime=null, lastTransitionTime=2020-10-15T16:28:31Z, message=null, reason=null, status=True, type=Initialized, additionalProperties={}), PodCondition(lastProbeTime=null, lastTransitionTime=2020-10-15T16:27:07Z, message=containers with unready status: [dummy], reason=ContainersNotReady, status=False, type=Ready, additionalProperties={}), PodCondition(lastProbeTime=null, lastTransitionTime=null, message=containers with unready status: [dummy], reason=ContainersNotReady, status=False, type=ContainersReady, additionalProperties={}), PodCondition(lastProbeTime=null, lastTransitionTime=2020-10-15T16:27:07Z, message=null, reason=null, status=True, type=PodScheduled, additionalProperties={})], containerStatuses=[ContainerStatus(containerID=null, image=docker.io/entando/busybox:latest, imageID=, lastState=ContainerState(running=null, terminated=null, waiting=null, additionalProperties={}), name=dummy, ready=*****, restartCount=0, started=null, state=ContainerState(running=null, terminated=null, waiting=ContainerStateWaiting(message=null, reason=PodInitializing, additionalProperties={}), additionalProperties={}), additionalProperties={})], ephemeralContainerStatuses=[], hostIP=54.36.53.206, initContainerStatuses=[ContainerStatus(containerID=docker://2c44b27e39bd3965caa767f6db09854e8621b2327558041b653648f658e0470e, image=docker.io/entando/entando-k8s-dbjob:6.1.4, imageID=docker-pullable://docker.io/entando/entando-k8s-dbjob@sha256:a571dc5f4f72668359ed7de82b06347ef103e91ac3fc9e381259fdfff417506a, lastState=ContainerState(running=null, terminated=null, waiting=null, additionalProperties={}), name=test-entando-acpr18-portdb-schema-creation-job, ready=true, restartCount=0, started=null, state=ContainerState(running=null, terminated=ContainerStateTerminated(containerID=docker://2c44b27e39bd3965caa767f6db09854e8621b2327558041b653648f658e0470e, exitCode=0, finishedAt=2020-10-15T16:27:25Z, message=null, reason=Completed, signal=null, startedAt=2020-10-15T16:27:24Z, additionalProperties={}), waiting=null, additionalProperties={}), additionalProperties={}), ContainerStatus(containerID=docker://c22e972aba0f00403db125ef5550c05203dfeb2ffbb04557bba2a451419cc028, image=docker.io/entando/entando-k8s-dbjob:6.1.4, imageID=docker-pullable://docker.io/entando/entando-k8s-dbjob@sha256:a571dc5f4f72668359ed7de82b06347ef103e91ac3fc9e381259fdfff417506a, lastState=ContainerState(running=null, terminated=null, waiting=null, additionalProperties={}), name=test-entando-acpr18-servdb-schema-creation-job, ready=true, restartCount=0, started=null, state=ContainerState(running=null, terminated=ContainerStateTerminated(containerID=docker://c22e972aba0f00403db125ef5550c05203dfeb2ffbb04557bba2a451419cc028, exitCode=0, finishedAt=2020-10-15T16:27:32Z, message=null, reason=Completed, signal=null, startedAt=2020-10-15T16:27:30Z, additionalProperties={}), waiting=null, additionalProperties={}), additionalProperties={}), ContainerStatus(containerID=docker://6d69c12a70578567b7c5e690ded2a72438257fa044501842fbdc2c64495c3a0d, image=docker.io/entando/entando-de-app-wildfly:6.2.2, imageID=docker-pullable://docker.io/entando/entando-de-app-wildfly@sha256:50b2f50ef5288155bef80787ce33d81ebfbe55ed6b157986ee3c6446664060f3, lastState=ContainerState(running=null, terminated=null, waiting=null, additionalProperties={}), name=test-entando-acpr18-server-db-population-job, ready=true, restartCount=0, started=null, state=ContainerState(running=null, terminated=ContainerStateTerminated(containerID=docker://6d69c12a70578567b7c5e690ded2a72438257fa044501842fbdc2c64495c3a0d, exitCode=0, finishedAt=2020-10-15T16:28:25Z, message=null, reason=Completed, signal=null, startedAt=2020-10-15T16:27:34Z, additionalProperties={}), waiting=null, additionalProperties={}), additionalProperties={}), ContainerStatus(containerID=docker://f828f65658fc3844417e24037bade86c5796af3b7eb33c2192c0d561f284db09, image=docker.io/entando/entando-k8s-dbjob:6.1.4, imageID=docker-pullable://docker.io/entando/entando-k8s-dbjob@sha256:a571dc5f4f72668359ed7de82b06347ef103e91ac3
fc9e381259fdfff417506a, lastState=ContainerState(running=null, terminated=null, waiting=null, additionalProperties={}), name=test-entando-acpr18-dedb-schema-creation-job, ready=true, restartCount=0, started=null, state=ContainerState(running=null, terminated=ContainerStateTerminated(containerID=docker://f828f65658fc3844417e24037bade86c5796af3b7eb33c2192c0d561f284db09, exitCode=0, finishedAt=2020-10-15T16:28:31Z, message=null, reason=Completed, signal=null, startedAt=2020-10-15T16:28:29Z, additionalProperties={}), waiting=null, additionalProperties={}), additionalProperties={})], message=null, nominatedNodeName=null, phase=Pending, podIP=10.128.1.27, podIPs=[], qosClass=BestEffort, reason=null, startTime=2020-10-15T16:27:07Z, additionalProperties={})
MODIFIED:PodStatus(conditions=[PodCondition(lastProbeTime=null, lastTransitionTime=2020-10-15T16:28:31Z, message=null, reason=PodCompleted, status=True, type=Initialized, additionalProperties={}), PodCondition(lastProbeTime=null, lastTransitionTime=2020-10-15T16:27:07Z, message=null, reason=PodCompleted, status=False, type=Ready, additionalProperties={}), PodCondition(lastProbeTime=null, lastTransitionTime=null, message=null, reason=PodCompleted, status=False, type=ContainersReady, additionalProperties={}), PodCondition(lastProbeTime=null, lastTransitionTime=2020-10-15T16:27:07Z, message=null, reason=null, status=True, type=PodScheduled, additionalProperties={})], containerStatuses=[ContainerStatus(containerID=docker://519e9508c94c42614b51554217a2d318be04a3c2e57e6b4d122fba6e10ed912b, image=docker.io/entando/busybox:latest, imageID=docker-pullable://docker.io/entando/busybox@sha256:400ee2ed939df769d4681023810d2e4fb9479b8401d97003c710d0e20f7c49c6, lastState=ContainerState(running=null, terminated=null, waiting=null, additionalProperties={}), name=dummy, ready=*****, restartCount=0, started=null, state=ContainerState(running=null, terminated=ContainerStateTerminated(containerID=docker://519e9508c94c42614b51554217a2d318be04a3c2e57e6b4d122fba6e10ed912b, exitCode=0, finishedAt=2020-10-15T16:28:33Z, message=null, reason=Completed, signal=null, startedAt=2020-10-15T16:28:33Z, additionalProperties={}), waiting=null, additionalProperties={}), additionalProperties={})], ephemeralContainerStatuses=[], hostIP=54.36.53.206, initContainerStatuses=[ContainerStatus(containerID=docker://2c44b27e39bd3965caa767f6db09854e8621b2327558041b653648f658e0470e, image=docker.io/entando/entando-k8s-dbjob:6.1.4, imageID=docker-pullable://docker.io/entando/entando-k8s-dbjob@sha256:a571dc5f4f72668359ed7de82b06347ef103e91ac3fc9e381259fdfff417506a, lastState=ContainerState(running=null, terminated=null, waiting=null, additionalProperties={}), name=test-entando-acpr18-portdb-schema-creation-job, ready=true, restartCount=0, started=null, state=ContainerState(running=null, terminated=ContainerStateTerminated(containerID=docker://2c44b27e39bd3965caa767f6db09854e8621b2327558041b653648f658e0470e, exitCode=0, finishedAt=2020-10-15T16:27:25Z, message=null, reason=Completed, signal=null, startedAt=2020-10-15T16:27:24Z, additionalProperties={}), waiting=null, additionalProperties={}), additionalProperties={}), ContainerStatus(containerID=docker://c22e972aba0f00403db125ef5550c05203dfeb2ffbb04557bba2a451419cc028, image=docker.io/entando/entando-k8s-dbjob:6.1.4, imageID=docker-pullable://docker.io/entando/entando-k8s-dbjob@sha256:a571dc5f4f72668359ed7de82b06347ef103e91ac3fc9e381259fdfff417506a, lastState=ContainerState(running=null, terminated=null, waiting=null, additionalProperties={}), name=test-entando-acpr18-servdb-schema-creation-job, ready=true, restartCount=0, started=null, state=ContainerState(running=null, terminated=ContainerStateTerminated(containerID=docker://c22e972aba0f00403db125ef5550c05203dfeb2ffbb04557bba2a451419cc028, exitCode=0, finishedAt=2020-10-15T16:27:32Z, message=null, reason=Completed, signal=null, startedAt=2020-10-15T16:27:30Z, additionalProperties={}), waiting=null, additionalProperties={}), additionalProperties={}), ContainerStatus(containerID=docker://6d69c12a70578567b7c5e690ded2a72438257fa044501842fbdc2c64495c3a0d, image=docker.io/entando/entando-de-app-wildfly:6.2.2, imageID=docker-pullable://docker.io/entando/entando-de-app-wildfly@sha256:50b2f50ef5288155bef80787ce33d81ebfbe55ed6b157986ee3c6446664060f3, lastState=ContainerState(running=null, terminated=null, waiting=null, additionalProperties={}), name=test-entando-acpr18-server-db-population-job, ready=true, restartCount=0, started=null, state=ContainerState(running=null, terminated=ContainerStateTerminated(containerID=docker://6d69c12a70578567b7c5e690ded2a72438257fa044501842fbdc2c64495c3a0d, exitCode=0, finishedAt=2020-10-15T16:28:25Z, message=null, reason=Completed, signal=null, startedAt=2020-10-15T16:27:34Z, additionalProperties={}), waiting=null, additionalProperties={}), addit
ionalProperties={}), ContainerStatus(containerID=docker://f828f65658fc3844417e24037bade86c5796af3b7eb33c2192c0d561f284db09, image=docker.io/entando/entando-k8s-dbjob:6.1.4, imageID=docker-pullable://docker.io/entando/entando-k8s-dbjob@sha256:a571dc5f4f72668359ed7de82b06347ef103e91ac3fc9e381259fdfff417506a, lastState=ContainerState(running=null, terminated=null, waiting=null, additionalProperties={}), name=test-entando-acpr18-dedb-schema-creation-job, ready=true, restartCount=0, started=null, state=ContainerState(running=null, terminated=ContainerStateTerminated(containerID=docker://f828f65658fc3844417e24037bade86c5796af3b7eb33c2192c0d561f284db09, exitCode=0, finishedAt=2020-10-15T16:28:31Z, message=null, reason=Completed, signal=null, startedAt=2020-10-15T16:28:29Z, additionalProperties={}), waiting=null, additionalProperties={}), additionalProperties={})], message=null, nominatedNodeName=null, phase=Succeeded, podIP=10.128.1.27, podIPs=[], qosClass=BestEffort, reason=null, startTime=2020-10-15T16:27:07Z, additionalProperties={})
Finished: test-entando-acpr18-db-preparation-job-62ad3109-5
ADDED:PodStatus(conditions=[PodCondition(lastProbeTime=null, lastTransitionTime=2020-10-15T16:28:37Z, message=null, reason=null, status=True, type=Initialized, additionalProperties={}), PodCondition(lastProbeTime=null, lastTransitionTime=2020-10-15T16:28:37Z, message=containers with unready status: [server-container de-container appbuilder-container], reason=ContainersNotReady, status=False, type=Ready, additionalProperties={}), PodCondition(lastProbeTime=null, lastTransitionTime=null, message=containers with unready status: [server-container de-container appbuilder-container], reason=ContainersNotReady, status=False, type=ContainersReady, additionalProperties={}), PodCondition(lastProbeTime=null, lastTransitionTime=2020-10-15T16:28:37Z, message=null, reason=null, status=True, type=PodScheduled, additionalProperties={})], containerStatuses=[ContainerStatus(containerID=null, image=docker.io/entando/app-builder:6.1.174, imageID=, lastState=ContainerState(running=null, terminated=null, waiting=null, additionalProperties={}), name=appbuilder-container, ready=*****, restartCount=0, started=null, state=ContainerState(running=null, terminated=null, waiting=ContainerStateWaiting(message=null, reason=ContainerCreating, additionalProperties={}), additionalProperties={}), additionalProperties={}), ContainerStatus(containerID=null, image=docker.io/entando/entando-component-manager:6.2.13, imageID=, lastState=ContainerState(running=null, terminated=null, waiting=null, additionalProperties={}), name=de-container, ready=*****, restartCount=0, started=null, state=ContainerState(running=null, terminated=null, waiting=ContainerStateWaiting(message=null, reason=ContainerCreating, additionalProperties={}), additionalProperties={}), additionalProperties={}), ContainerStatus(containerID=null, image=docker.io/entando/entando-de-app-wildfly:6.2.2, imageID=, lastState=ContainerState(running=null, terminated=null, waiting=null, additionalProperties={}), name=server-container, ready=*****, restartCount=0, started=null, state=ContainerState(running=null, terminated=null, waiting=ContainerStateWaiting(message=null, reason=ContainerCreating, additionalProperties={}), additionalProperties={}), additionalProperties={})], ephemeralContainerStatuses=[], hostIP=54.36.53.206, initContainerStatuses=[], message=null, nominatedNodeName=null, phase=Pending, podIP=null, podIPs=[], qosClass=Burstable, reason=null, startTime=2020-10-15T16:28:37Z, additionalProperties={})
MODIFIED:PodStatus(conditions=[PodCondition(lastProbeTime=null, lastTransitionTime=2020-10-15T16:28:37Z, message=null, reason=null, status=True, type=Initialized, additionalProperties={}), PodCondition(lastProbeTime=null, lastTransitionTime=2020-10-15T16:28:37Z, message=containers with unready status: [server-container de-container appbuilder-container], reason=ContainersNotReady, status=False, type=Ready, additionalProperties={}), PodCondition(lastProbeTime=null, lastTransitionTime=null, message=containers with unready status: [server-container de-container appbuilder-container], reason=ContainersNotReady, status=False, type=ContainersReady, additionalProperties={}), PodCondition(lastProbeTime=null, lastTransitionTime=2020-10-15T16:28:37Z, message=null, reason=null, status=True, type=PodScheduled, additionalProperties={})], containerStatuses=[ContainerStatus(containerID=docker://5d8ab8ddad55d972b10ed2b817e8dc28e7d7ebd556abf126b1afcf637024c857, image=docker.io/entando/app-builder:6.1.174, imageID=docker-pullable://docker.io/entando/app-builder@sha256:a938a89f84e9d717a808bc160da87eedc19c4a6d21da492d41254759bd5a7d3f, lastState=ContainerState(running=null, terminated=null, waiting=null, additionalProperties={}), name=appbuilder-container, ready=*****, restartCount=0, started=null, state=ContainerState(running=ContainerStateRunning(startedAt=2020-10-15T16:28:46Z, additionalProperties={}), terminated=null, waiting=null, additionalProperties={}), additionalProperties={}), ContainerStatus(containerID=docker://9706116d678d5f1beb50404ec00cee4d73d9e98b1733bf6a081617c0d87f084d, image=docker.io/entando/entando-component-manager:6.2.13, imageID=docker-pullable://docker.io/entando/entando-component-manager@sha256:822e437a159070aebcdd76e60a8ca441b35e8bc809cc852df9736bc533286708, lastState=ContainerState(running=null, terminated=null, waiting=null, additionalProperties={}), name=de-container, ready=*****, restartCount=0, started=null, state=ContainerState(running=ContainerStateRunning(startedAt=2020-10-15T16:28:44Z, additionalProperties={}), terminated=null, waiting=null, additionalProperties={}), additionalProperties={}), ContainerStatus(containerID=docker://8dd91b3b267d226f2fbac25f32d3bb4fa303ce588c0030292739d4bfeb76546f, image=docker.io/entando/entando-de-app-wildfly:6.2.2, imageID=docker-pullable://docker.io/entando/entando-de-app-wildfly@sha256:50b2f50ef5288155bef80787ce33d81ebfbe55ed6b157986ee3c6446664060f3, lastState=ContainerState(running=null, terminated=null, waiting=null, additionalProperties={}), name=server-container, ready=*****, restartCount=0, started=null, state=ContainerState(running=ContainerStateRunning(startedAt=2020-10-15T16:28:43Z, additionalProperties={}), terminated=null, waiting=null, additionalProperties={}), additionalProperties={})], ephemeralContainerStatuses=[], hostIP=54.36.53.206, initContainerStatuses=[], message=null, nominatedNodeName=null, phase=Running, podIP=10.128.1.31, podIPs=[], qosClass=Burstable, reason=null, startTime=2020-10-15T16:28:37Z, additionalProperties={})
MODIFIED:PodStatus(conditions=[PodCondition(lastProbeTime=null, lastTransitionTime=2020-10-15T16:28:37Z, message=null, reason=null, status=True, type=Initialized, additionalProperties={}), PodCondition(lastProbeTime=null, lastTransitionTime=2020-10-15T16:28:37Z, message=containers with unready status: [server-container de-container], reason=ContainersNotReady, status=False, type=Ready, additionalProperties={}), PodCondition(lastProbeTime=null, lastTransitionTime=null, message=containers with unready status: [server-container de-container], reason=ContainersNotReady, status=False, type=ContainersReady, additionalProperties={}), PodCondition(lastProbeTime=null, lastTransitionTime=2020-10-15T16:28:37Z, message=null, reason=null, status=True, type=PodScheduled, additionalProperties={})], containerStatuses=[ContainerStatus(containerID=docker://5d8ab8ddad55d972b10ed2b817e8dc28e7d7ebd556abf126b1afcf637024c857, image=docker.io/entando/app-builder:6.1.174, imageID=docker-pullable://docker.io/entando/app-builder@sha256:a938a89f84e9d717a808bc160da87eedc19c4a6d21da492d41254759bd5a7d3f, lastState=ContainerState(running=null, terminated=null, waiting=null, additionalProperties={}), name=appbuilder-container, ready=true, restartCount=0, started=null, state=ContainerState(running=ContainerStateRunning(startedAt=2020-10-15T16:28:46Z, additionalProperties={}), terminated=null, waiting=null, additionalProperties={}), additionalProperties={}), ContainerStatus(containerID=docker://9706116d678d5f1beb50404ec00cee4d73d9e98b1733bf6a081617c0d87f084d, image=docker.io/entando/entando-component-manager:6.2.13, imageID=docker-pullable://docker.io/entando/entando-component-manager@sha256:822e437a159070aebcdd76e60a8ca441b35e8bc809cc852df9736bc533286708, lastState=ContainerState(running=null, terminated=null, waiting=null, additionalProperties={}), name=de-container, ready=*****, restartCount=0, started=null, state=ContainerState(running=ContainerStateRunning(startedAt=2020-10-15T16:28:44Z, additionalProperties={}), terminated=null, waiting=null, additionalProperties={}), additionalProperties={}), ContainerStatus(containerID=docker://8dd91b3b267d226f2fbac25f32d3bb4fa303ce588c0030292739d4bfeb76546f, image=docker.io/entando/entando-de-app-wildfly:6.2.2, imageID=docker-pullable://docker.io/entando/entando-de-app-wildfly@sha256:50b2f50ef5288155bef80787ce33d81ebfbe55ed6b157986ee3c6446664060f3, lastState=ContainerState(running=null, terminated=null, waiting=null, additionalProperties={}), name=server-container, ready=*****, restartCount=0, started=null, state=ContainerState(running=ContainerStateRunning(startedAt=2020-10-15T16:28:43Z, additionalProperties={}), terminated=null, waiting=null, additionalProperties={}), additionalProperties={})], ephemeralContainerStatuses=[], hostIP=54.36.53.206, initContainerStatuses=[], message=null, nominatedNodeName=null, phase=Running, podIP=10.128.1.31, podIPs=[], qosClass=Burstable, reason=null, startTime=2020-10-15T16:28:37Z, additionalProperties={})
MODIFIED:PodStatus(conditions=[PodCondition(lastProbeTime=null, lastTransitionTime=2020-10-15T16:28:37Z, message=null, reason=null, status=True, type=Initialized, additionalProperties={}), PodCondition(lastProbeTime=null, lastTransitionTime=2020-10-15T16:28:37Z, message=containers with unready status: [server-container], reason=ContainersNotReady, status=False, type=Ready, additionalProperties={}), PodCondition(lastProbeTime=null, lastTransitionTime=null, message=containers with unready status: [server-container], reason=ContainersNotReady, status=False, type=ContainersReady, additionalProperties={}), PodCondition(lastProbeTime=null, lastTransitionTime=2020-10-15T16:28:37Z, message=null, reason=null, status=True, type=PodScheduled, additionalProperties={})], containerStatuses=[ContainerStatus(containerID=docker://5d8ab8ddad55d972b10ed2b817e8dc28e7d7ebd556abf126b1afcf637024c857, image=docker.io/entando/app-builder:6.1.174, imageID=docker-pullable://docker.io/entando/app-builder@sha256:a938a89f84e9d717a808bc160da87eedc19c4a6d21da492d41254759bd5a7d3f, lastState=ContainerState(running=null, terminated=null, waiting=null, additionalProperties={}), name=appbuilder-container, ready=true, restartCount=0, started=null, state=ContainerState(running=ContainerStateRunning(startedAt=2020-10-15T16:28:46Z, additionalProperties={}), terminated=null, waiting=null, additionalProperties={}), additionalProperties={}), ContainerStatus(containerID=docker://9706116d678d5f1beb50404ec00cee4d73d9e98b1733bf6a081617c0d87f084d, image=docker.io/entando/entando-component-manager:6.2.13, imageID=docker-pullable://docker.io/entando/entando-component-manager@sha256:822e437a159070aebcdd76e60a8ca441b35e8bc809cc852df9736bc533286708, lastState=ContainerState(running=null, terminated=null, waiting=null, additionalProperties={}), name=de-container, ready=true, restartCount=0, started=null, state=ContainerState(running=ContainerStateRunning(startedAt=2020-10-15T16:28:44Z, additionalProperties={}), terminated=null, waiting=null, additionalProperties={}), additionalProperties={}), ContainerStatus(containerID=docker://8dd91b3b267d226f2fbac25f32d3bb4fa303ce588c0030292739d4bfeb76546f, image=docker.io/entando/entando-de-app-wildfly:6.2.2, imageID=docker-pullable://docker.io/entando/entando-de-app-wildfly@sha256:50b2f50ef5288155bef80787ce33d81ebfbe55ed6b157986ee3c6446664060f3, lastState=ContainerState(running=null, terminated=null, waiting=null, additionalProperties={}), name=server-container, ready=*****, restartCount=0, started=null, state=ContainerState(running=ContainerStateRunning(startedAt=2020-10-15T16:28:43Z, additionalProperties={}), terminated=null, waiting=null, additionalProperties={}), additionalProperties={})], ephemeralContainerStatuses=[], hostIP=54.36.53.206, initContainerStatuses=[], message=null, nominatedNodeName=null, phase=Running, podIP=10.128.1.31, podIPs=[], qosClass=Burstable, reason=null, startTime=2020-10-15T16:28:37Z, additionalProperties={})
MODIFIED:PodStatus(conditions=[PodCondition(lastProbeTime=null, lastTransitionTime=2020-10-15T16:28:37Z, message=null, reason=null, status=True, type=Initialized, additionalProperties={}), PodCondition(lastProbeTime=null, lastTransitionTime=2020-10-15T16:30:05Z, message=null, reason=null, status=True, type=Ready, additionalProperties={}), PodCondition(lastProbeTime=null, lastTransitionTime=null, message=null, reason=null, status=True, type=ContainersReady, additionalProperties={}), PodCondition(lastProbeTime=null, lastTransitionTime=2020-10-15T16:28:37Z, message=null, reason=null, status=True, type=PodScheduled, additionalProperties={})], containerStatuses=[ContainerStatus(containerID=docker://5d8ab8ddad55d972b10ed2b817e8dc28e7d7ebd556abf126b1afcf637024c857, image=docker.io/entando/app-builder:6.1.174, imageID=docker-pullable://docker.io/entando/app-builder@sha256:a938a89f84e9d717a808bc160da87eedc19c4a6d21da492d41254759bd5a7d3f, lastState=ContainerState(running=null, terminated=null, waiting=null, additionalProperties={}), name=appbuilder-container, ready=true, restartCount=0, started=null, state=ContainerState(running=ContainerStateRunning(startedAt=2020-10-15T16:28:46Z, additionalProperties={}), terminated=null, waiting=null, additionalProperties={}), additionalProperties={}), ContainerStatus(containerID=docker://9706116d678d5f1beb50404ec00cee4d73d9e98b1733bf6a081617c0d87f084d, image=docker.io/entando/entando-component-manager:6.2.13, imageID=docker-pullable://docker.io/entando/entando-component-manager@sha256:822e437a159070aebcdd76e60a8ca441b35e8bc809cc852df9736bc533286708, lastState=ContainerState(running=null, terminated=null, waiting=null, additionalProperties={}), name=de-container, ready=true, restartCount=0, started=null, state=ContainerState(running=ContainerStateRunning(startedAt=2020-10-15T16:28:44Z, additionalProperties={}), terminated=null, waiting=null, additionalProperties={}), additionalProperties={}), ContainerStatus(containerID=docker://8dd91b3b267d226f2fbac25f32d3bb4fa303ce588c0030292739d4bfeb76546f, image=docker.io/entando/entando-de-app-wildfly:6.2.2, imageID=docker-pullable://docker.io/entando/entando-de-app-wildfly@sha256:50b2f50ef5288155bef80787ce33d81ebfbe55ed6b157986ee3c6446664060f3, lastState=ContainerState(running=null, terminated=null, waiting=null, additionalProperties={}), name=server-container, ready=true, restartCount=0, started=null, state=ContainerState(running=ContainerStateRunning(startedAt=2020-10-15T16:28:43Z, additionalProperties={}), terminated=null, waiting=null, additionalProperties={}), additionalProperties={})], ephemeralContainerStatuses=[], hostIP=54.36.53.206, initContainerStatuses=[], message=null, nominatedNodeName=null, phase=Running, podIP=10.128.1.31, podIPs=[], qosClass=Burstable, reason=null, startTime=2020-10-15T16:28:37Z, additionalProperties={})
Finished: test-entando-acpr18-server-deployment-5848674fbc-fbp8v
200:null
[INFO] Tests run: 1, Failures: 0, Errors: 0, Skipped: 0, Time elapsed: 594.596 s - in org.entando.kubernetes.controller.app.interprocesstests.AddEntandoAppWithExternalPostgresqlDatabaseIT
[INFO] Running org.entando.kubernetes.controller.app.interprocesstests.AddEntandoAppWithContainerizedDatabaseIT
Oct 15, 2020 4:30:15 PM org.entando.kubernetes.controller.integrationtest.support.DeletionWaiter lambda$deleteSingleItem$2
WARNING: Deleting deployments  entando-k8s-app-controller-acpr18/test-entando-acpr18-server-deployment to zero
Oct 15, 2020 4:30:15 PM org.entando.kubernetes.controller.integrationtest.support.DeletionWaiter lambda$deleteSingleItem$2
WARNING: Deleting deployments  entando-k8s-app-controller-acpr18/test-entando-acpr18-server-deployment
Oct 15, 2020 4:30:15 PM org.entando.kubernetes.controller.integrationtest.support.DeletionWaiter lambda$deleteSingleItem$2
WARNING: Deleting pods  entando-k8s-app-controller-acpr18/test-entando-acpr18-db-preparation-job-62ad3109-5
Oct 15, 2020 4:30:16 PM org.entando.kubernetes.controller.integrationtest.support.DeletionWaiter lambda$deleteSingleItem$2
WARNING: Deleting pods  entando-k8s-app-controller-acpr18/test-entando-acpr18-deployer-3uwucvgphy
Oct 15, 2020 4:30:16 PM org.entando.kubernetes.controller.integrationtest.support.DeletionWaiter lambda$deleteSingleItem$2
WARNING: Deleting pods  entando-k8s-app-controller-acpr18/test-entando-acpr18-server-deployment-5848674fbc-fbp8v
Oct 15, 2020 4:30:16 PM org.entando.kubernetes.controller.integrationtest.support.DeletionWaiter lambda$deleteSingleItem$2
WARNING: Deleting persistentvolumeclaims  entando-k8s-app-controller-acpr18/test-entando-acpr18-de-pvc
Oct 15, 2020 4:30:16 PM org.entando.kubernetes.controller.integrationtest.support.DeletionWaiter lambda$deleteSingleItem$2
WARNING: Deleting persistentvolumeclaims  entando-k8s-app-controller-acpr18/test-entando-acpr18-de-pvc
Oct 15, 2020 4:30:16 PM org.entando.kubernetes.controller.integrationtest.support.DeletionWaiter lambda$deleteSingleItem$2
WARNING: Deleting persistentvolumeclaims  entando-k8s-app-controller-acpr18/test-entando-acpr18-server-pvc
Oct 15, 2020 4:30:16 PM org.entando.kubernetes.controller.integrationtest.support.DeletionWaiter lambda$deleteSingleItem$2
WARNING: Deleting persistentvolumeclaims  entando-k8s-app-controller-acpr18/test-entando-acpr18-server-pvc
Oct 15, 2020 4:30:17 PM org.entando.kubernetes.controller.integrationtest.support.DeletionWaiter lambda$deleteSingleItem$2
WARNING: Deleting deployments  entando-k8s-app-controller-acpr18/test-keycloak-acpr18-server-deployment to zero
Oct 15, 2020 4:30:17 PM org.entando.kubernetes.controller.integrationtest.support.DeletionWaiter lambda$deleteSingleItem$2
WARNING: Deleting deployments  entando-k8s-app-controller-acpr18/test-keycloak-acpr18-server-deployment
Oct 15, 2020 4:30:17 PM org.entando.kubernetes.controller.integrationtest.support.DeletionWaiter lambda$deleteSingleItem$2
WARNING: Deleting pods  entando-k8s-app-controller-acpr18/test-keycloak-acpr18-deployer-exux9v8mz8
Oct 15, 2020 4:30:17 PM org.entando.kubernetes.controller.integrationtest.support.DeletionWaiter lambda$deleteSingleItem$2
WARNING: Deleting pods  entando-k8s-app-controller-acpr18/test-keycloak-acpr18-server-deployment-6d475975cf-hqv64
Oct 15, 2020 4:30:18 PM org.entando.kubernetes.controller.integrationtest.support.DeletionWaiter lambda$deleteSingleItem$2
WARNING: Deleting persistentvolumeclaims  entando-k8s-app-controller-acpr18/test-keycloak-acpr18-server-pvc
!!!!!!!On EntandoKeycloakServer add!!!!!!!!!
[ERROR] Tests run: 1, Failures: 0, Errors: 1, Skipped: 0, Time elapsed: 100.07 s <<< FAILURE! - in org.entando.kubernetes.controller.app.interprocesstests.AddEntandoAppWithContainerizedDatabaseIT
[ERROR] org.entando.kubernetes.controller.app.interprocesstests.AddEntandoAppWithContainerizedDatabaseIT.create  Time elapsed: 99.219 s  <<< ERROR!
org.awaitility.core.ConditionTimeoutException: Condition with lambda expression in org.entando.kubernetes.controller.integrationtest.support.IntegrationTestHelperBase was not fulfilled within 45 seconds.
	at org.entando.kubernetes.controller.app.interprocesstests.AddEntandoAppWithContainerizedDatabaseIT.create(AddEntandoAppWithContainerizedDatabaseIT.java:57)
Caused by: java.util.concurrent.TimeoutException
	at org.entando.kubernetes.controller.app.interprocesstests.AddEntandoAppWithContainerizedDatabaseIT.create(AddEntandoAppWithContainerizedDatabaseIT.java:57)

[INFO] 
[INFO] Results:
[INFO] 
[ERROR] Errors: 
[ERROR]   AddEntandoAppWithContainerizedDatabaseIT.create:57->AddEntandoAppBaseIT.createAndWaitForApp:93 Â» ConditionTimeout
[INFO] 
[ERROR] Tests run: 2, Failures: 0, Errors: 1, Skipped: 0
[INFO] 
[INFO] 
[INFO] --- maven-surefire-report-plugin:3.0.0-M4:failsafe-report-only (integration-tests) @ entando-k8s-app-controller ---
[WARNING] Unable to locate Test Source XRef to link to - DISABLED
[INFO] 
[INFO] --- maven-surefire-report-plugin:3.0.0-M4:report-only (unit-tests) @ entando-k8s-app-controller ---
[WARNING] Unable to locate Test Source XRef to link to - DISABLED
[INFO] 
[INFO] --- maven-failsafe-plugin:3.0.0-M4:verify (run-tests) @ entando-k8s-app-controller ---
[ERROR] There are test failures.

Please refer to /workspace/source/target/failsafe-reports for the individual test results.
Please refer to dump files (if any exist) [date].dump, [date]-***Run[N].dump and [date].dumpstream.
[INFO] ------------------------------------------------------------------------
[INFO] BUILD SUCCESS
[INFO] ------------------------------------------------------------------------
[INFO] Total time:  11:42 min
[INFO] Finished at: 2020-10-15T16:31:55Z
[INFO] ------------------------------------------------------------------------
shallow cloning https://github.com/entando-k8s/devops-results.git branch gh-pages
ran git init in /tmp/jenkins-x-collect539070727
ran git add remote origin https://github.com/entando-k8s/devops-results.git in /tmp/jenkins-x-collect539070727
ran git fetch origin --depth=1 gh-pages in dir /tmp/jenkins-x-collect539070727
Publishing https://raw.githubusercontent.com/entando-k8s/devops-results/gh-pages/entando-k8s-app-controller/PR-18/failsafe-report.html
stashed: https://raw.githubusercontent.com/entando-k8s/devops-results/gh-pages/entando-k8s-app-controller/PR-18/failsafe-report.html
The connection to the server 172.30.0.1:443 was refused - did you specify the right host or port?
Post-deployment tests failed for entando-k8s-app-controller-PR-18.
  % Total    % Received % Xferd  Average Speed   Time    Time     Time  Current
                                 Dload  Upload   Total   Spent    Left  Speed
  0     0    0     0    0     0      0      0 --:--:-- --:--:-- --:--:--     0100  1871  100  1651  100   220   2558    340 --:--:-- --:--:-- --:--:--  2583
{
  "url": "https://api.github.com/repos/entando-k8s/entando-k8s-app-controller/statuses/958cfcbff2105edfae82339408a04736fdb377b0",
  "avatar_url": "https://avatars2.githubusercontent.com/u/57885396?v=4",
  "id": 11063524620,
  "node_id": "MDEzOlN0YXR1c0NvbnRleHQxMTA2MzUyNDYyMA==",
  "state": "failure",
  "description": "Post-deployment tests failure!",
  "target_url": "https://entando-k8s.github.io/devops-results/entando-k8s-app-controller/PR-18/failsafe-report.html",
  "context": "Post-deployment tests",
  "created_at": "2020-10-15T16:32:34Z",
  "updated_at": "2020-10-15T16:32:34Z",
  "creator": {
    "login": "**********",
    "id": 57885396,
    "node_id": "MDQ6VXNlcjU3ODg1Mzk2",
    "avatar_url": "https://avatars2.githubusercontent.com/u/57885396?v=4",
    "gravatar_id": "",
    "url": "https://api.github.com/users/**********",
    "html_url": "https://github.com/**********",
    "followers_url": "https://api.github.com/users/entando-**/followers",
    "following_url": "https://api.github.com/users/**********/following{/other_user}",
    "gists_url": "https://api.github.com/users/**********/gists{/gist_id}",
    "starred_url": "https://api.github.com/users/entando-**/starred{/owner}{/repo}",
    "subscriptions_url": "https://api.github.com/users/**********/subscriptions",
    "organizations_url": "https://api.github.com/users/**********/orgs",
    "repos_url": "https://api.github.com/users/entando-**/repos",
    "events_url": "https://api.github.com/users/**********/events{/privacy}",
    "received_events_url": "https://api.github.com/users/entando-**/received_events",
    "type": "User",
    "site_*****": *****
  }
}
[31m
Pipeline failed on stage 'from-build-pack' : container 'step-promote-run-post-deployment-tests'. The execution of the pipeline has stopped.[0m
