
Showing logs for build [32mentando-k8s-entando-k8s-plugin-ctb29-2[0m stage [32mfrom-build-pack[0m and container [32mstep-credential-initializer-bxp54[0m
{"level":"warn","ts":1604846990.760744,"logger":"fallback-logger","caller":"logging/config.go:69","msg":"Fetch GitHub commit ID from kodata failed: \"ref: refs/heads/0.8.0-**-support-backwards-incompats\" is not a valid GitHub commit ID"}
{"level":"info","ts":1604846990.769095,"logger":"fallback-logger","caller":"creds-init/main.go:40","msg":"Credentials initialized."}

Showing logs for build [32mentando-k8s-entando-k8s-plugin-ctb29-2[0m stage [32mfrom-build-pack[0m and container [32mstep-working-dir-initializer-qxq45[0m
{"level":"warn","ts":1604846994.0532954,"logger":"fallback-logger","caller":"logging/config.go:69","msg":"Fetch GitHub commit ID from kodata failed: open /var/run/ko/HEAD: no such file or directory"}
{"level":"info","ts":1604846994.070986,"logger":"fallback-logger","caller":"bash/main.go:64","msg":"Successfully e**cuted command \"sh -c mkdir -p /workspace/source\"; output "}

Showing logs for build [32mentando-k8s-entando-k8s-plugin-ctb29-2[0m stage [32mfrom-build-pack[0m and container [32mstep-place-tools[0m

Showing logs for build [32mentando-k8s-entando-k8s-plugin-ctb29-2[0m stage [32mfrom-build-pack[0m and container [32mstep-git-source-entando-k8s-entando-k8s-plugin-xjxgn[0m
{"level":"warn","ts":1604847026.0362344,"logger":"fallback-logger","caller":"logging/config.go:69","msg":"Fetch GitHub commit ID from kodata failed: \"ref: refs/heads/0.8.0-**-support-backwards-incompats\" is not a valid GitHub commit ID"}
{"level":"info","ts":1604847027.5320437,"logger":"fallback-logger","caller":"git/git.go:103","msg":"Successfully cloned https://github.com/entando-k8s/entando-k8s-plugin-controller.git @ master in path /workspace/source"}

Showing logs for build [32mentando-k8s-entando-k8s-plugin-ctb29-2[0m stage [32mfrom-build-pack[0m and container [32mstep-git-merge[0m
Using SHAs from PULL_REFS=master:1f6eda7e29488d787999c9c26a0c688b1c3e233a,16:9289cd24d022108273dc81af15ac1ffe8b95f76c
DEBUG: ran git fetch --unshallow origin 9289cd24d022108273dc81af15ac1ffe8b95f76c: 1f6eda7e29488d787999c9c26a0c688b1c3e233a: in 
DEBUG: ran git checkout master in 
DEBUG: ran git reset --hard 1f6eda7e29488d787999c9c26a0c688b1c3e233a in 
DEBUG: ran clean --force -d . in 
DEBUG: ran git merge 9289cd24d022108273dc81af15ac1ffe8b95f76c in 
Merged SHA 9289cd24d022108273dc81af15ac1ffe8b95f76c with commit message 'ENG-1447 fi**d pom' into base branch master
Merged SHA df945f2a0ee67821beb53ba2437da7865a0acca6 with commit message 'ENG-1447 improved Keycloak config' into base branch master
Merged SHA 0f887ef7cadfaa86d9ec147388a48c5b356cd954 with commit message 'poste proposal' into base branch master

Showing logs for build [32mentando-k8s-entando-k8s-plugin-ctb29-2[0m stage [32mfrom-build-pack[0m and container [32mstep-build-set-version[0m
Picked up _JAVA_OPTIONS: -XX:+UnlockExperimentalVMOptions -Dsun.zip.disableMemoryMapping=true -XX:+UseParallelGC -XX:MinHeapFreeRatio=5 -XX:MaxHeapFreeRatio=10 -XX:GCTimeRatio=4 -XX:AdaptiveSizePolicyWeight=90 -Xms1000m -Xmx12000m
[INFO] Scanning for projects...
[WARNING] 
[WARNING] Some problems were encountered while building the effective model for org.entando:entando-k8s-plugin-controller:jar:6.2.0-SNAPSHOT
[WARNING] 'dependencyManagement.dependencies.dependency.(groupId:artifactId:type:classifier)' must be unique: org.yaml:snakeyaml:jar -> version 1.27 vs ${snakeyaml.version} @ org.entando:entando-quarkus-parent:6.2.5, /home/jenkins/.mvnrepository/org/entando/entando-quarkus-parent/6.2.5/entando-quarkus-parent-6.2.5.pom, line 283, column 25
[WARNING] 
[WARNING] It is highly recommended to fix these problems because they threaten the stability of your build.
[WARNING] 
[WARNING] For this reason, future Maven versions might no longer support building such malformed projects.
[WARNING] 
[INFO] 
[INFO] -------------< org.entando:entando-k8s-plugin-controller >--------------
[INFO] Building Entando K8S Controller for Entando Plugin Deployments 6.2.0-SNAPSHOT
[INFO] --------------------------------[ jar ]---------------------------------
[INFO] 
[INFO] --- versions-maven-plugin:2.8.1:set (default-cli) @ entando-k8s-plugin-controller ---
[INFO] Local aggregation ****: /workspace/source
[INFO] Processing change of org.entando:entando-k8s-plugin-controller:6.2.0-SNAPSHOT -> 0.0.0-SNAPSHOT-PR-16-2
[INFO] Processing org.entando:entando-k8s-plugin-controller
[INFO]     Updating project org.entando:entando-k8s-plugin-controller
[INFO]         from version 6.2.0-SNAPSHOT to 0.0.0-SNAPSHOT-PR-16-2
[INFO] 
[INFO] ------------------------------------------------------------------------
[INFO] BUILD SUCCESS
[INFO] ------------------------------------------------------------------------
[INFO] Total time:  9.097 s
[INFO] Finished at: 2020-11-08T14:50:41Z
[INFO] ------------------------------------------------------------------------

Showing logs for build [32mentando-k8s-entando-k8s-plugin-ctb29-2[0m stage [32mfrom-build-pack[0m and container [32mstep-build-fix-git-for-sonar[0m
Switched to a new branch 'PR-16'
M	pom.xml
Deleted branch master (was 9289cd2).
From https://github.com/entando-k8s/entando-k8s-plugin-controller
 * [new branch]      master     -> master

Showing logs for build [32mentando-k8s-entando-k8s-plugin-ctb29-2[0m stage [32mfrom-build-pack[0m and container [32mstep-build-mvn-verify-pr[0m
  % Total    % Received % Xferd  Average Speed   Time    Time     Time  Current
                                 Dload  Upload   Total   Spent    Left  Speed
  0     0    0     0    0     0      0      0 --:--:-- --:--:-- --:--:--     0 11  1876    0     0  100   221      0    198  0:00:01  0:00:01 --:--:--   198100  1876  100  1655  100   221   1487    198  0:00:01  0:00:01 --:--:--  1488
{
  "url": "https://api.github.com/repos/entando-k8s/entando-k8s-plugin-controller/statuses/9289cd24d022108273dc81af15ac1ffe8b95f76c",
  "avatar_url": "https://avatars2.githubusercontent.com/u/57885396?v=4",
  "id": 11288184276,
  "node_id": "MDEzOlN0YXR1c0NvbnRleHQxMTI4ODE4NDI3Ng==",
  "state": "pending",
  "description": "Pre-deployment tests pending!",
  "target_url": "https://entando-k8s.github.io/devops-results/entando-k8s-plugin-controller/PR-16/surefire-report.html",
  "context": "Pre-deployment tests",
  "created_at": "2020-11-08T14:50:44Z",
  "updated_at": "2020-11-08T14:50:44Z",
  "creator": {
    "login": "**********",
    "id": 57885396,
    "node_id": "MDQ6VXNlcjU3ODg1Mzk2",
    "avatar_url": "https://avatars2.githubusercontent.com/u/57885396?v=4",
    "gravatar_id": "",
    "url": "https://api.github.com/users/entando-**",
    "html_url": "https://github.com/entando-**",
    "followers_url": "https://api.github.com/users/entando-**/followers",
    "following_url": "https://api.github.com/users/entando-**/following{/other_user}",
    "gists_url": "https://api.github.com/users/**********/gists{/gist_id}",
    "starred_url": "https://api.github.com/users/**********/starred{/owner}{/repo}",
    "subscriptions_url": "https://api.github.com/users/**********/subscriptions",
    "organizations_url": "https://api.github.com/users/entando-**/orgs",
    "repos_url": "https://api.github.com/users/**********/repos",
    "events_url": "https://api.github.com/users/entando-**/events{/privacy}",
    "received_events_url": "https://api.github.com/users/**********/received_events",
    "type": "User",
    "site_*****": *****
  }
}
  % Total    % Received % Xferd  Average Speed   Time    Time     Time  Current
                                 Dload  Upload   Total   Spent    Left  Speed
  0     0    0     0    0     0      0      0 --:--:-- --:--:-- --:--:--     0100  1880  100  1657  100   223   2252    303 --:--:-- --:--:-- --:--:--  2266
{
  "url": "https://api.github.com/repos/entando-k8s/entando-k8s-plugin-controller/statuses/9289cd24d022108273dc81af15ac1ffe8b95f76c",
  "avatar_url": "https://avatars2.githubusercontent.com/u/57885396?v=4",
  "id": 11288184321,
  "node_id": "MDEzOlN0YXR1c0NvbnRleHQxMTI4ODE4NDMyMQ==",
  "state": "pending",
  "description": "Post-deployment tests pending!",
  "target_url": "https://entando-k8s.github.io/devops-results/entando-k8s-plugin-controller/PR-16/failsafe-report.html",
  "context": "Post-deployment tests",
  "created_at": "2020-11-08T14:50:45Z",
  "updated_at": "2020-11-08T14:50:45Z",
  "creator": {
    "login": "entando-**",
    "id": 57885396,
    "node_id": "MDQ6VXNlcjU3ODg1Mzk2",
    "avatar_url": "https://avatars2.githubusercontent.com/u/57885396?v=4",
    "gravatar_id": "",
    "url": "https://api.github.com/users/**********",
    "html_url": "https://github.com/entando-**",
    "followers_url": "https://api.github.com/users/**********/followers",
    "following_url": "https://api.github.com/users/**********/following{/other_user}",
    "gists_url": "https://api.github.com/users/entando-**/gists{/gist_id}",
    "starred_url": "https://api.github.com/users/**********/starred{/owner}{/repo}",
    "subscriptions_url": "https://api.github.com/users/entando-**/subscriptions",
    "organizations_url": "https://api.github.com/users/entando-**/orgs",
    "repos_url": "https://api.github.com/users/entando-**/repos",
    "events_url": "https://api.github.com/users/**********/events{/privacy}",
    "received_events_url": "https://api.github.com/users/**********/received_events",
    "type": "User",
    "site_*****": *****
  }
}
  % Total    % Received % Xferd  Average Speed   Time    Time     Time  Current
                                 Dload  Upload   Total   Spent    Left  Speed
  0     0    0     0    0     0      0      0 --:--:-- --:--:-- --:--:--     0  0     0    0     0    0     0      0      0 --:--:-- --:--:-- --:--:--     0100  1826  100  1630  100   196   2379    286 --:--:-- --:--:-- --:--:--  2379
{
  "url": "https://api.github.com/repos/entando-k8s/entando-k8s-plugin-controller/statuses/9289cd24d022108273dc81af15ac1ffe8b95f76c",
  "avatar_url": "https://avatars2.githubusercontent.com/u/57885396?v=4",
  "id": 11288184343,
  "node_id": "MDEzOlN0YXR1c0NvbnRleHQxMTI4ODE4NDM0Mw==",
  "state": "pending",
  "description": "Checkstyle pending!",
  "target_url": "https://entando-k8s.github.io/devops-results/entando-k8s-plugin-controller/PR-16/checkstyle.html",
  "context": "Checkstyle",
  "created_at": "2020-11-08T14:50:46Z",
  "updated_at": "2020-11-08T14:50:46Z",
  "creator": {
    "login": "**********",
    "id": 57885396,
    "node_id": "MDQ6VXNlcjU3ODg1Mzk2",
    "avatar_url": "https://avatars2.githubusercontent.com/u/57885396?v=4",
    "gravatar_id": "",
    "url": "https://api.github.com/users/**********",
    "html_url": "https://github.com/entando-**",
    "followers_url": "https://api.github.com/users/**********/followers",
    "following_url": "https://api.github.com/users/**********/following{/other_user}",
    "gists_url": "https://api.github.com/users/entando-**/gists{/gist_id}",
    "starred_url": "https://api.github.com/users/entando-**/starred{/owner}{/repo}",
    "subscriptions_url": "https://api.github.com/users/**********/subscriptions",
    "organizations_url": "https://api.github.com/users/**********/orgs",
    "repos_url": "https://api.github.com/users/**********/repos",
    "events_url": "https://api.github.com/users/entando-**/events{/privacy}",
    "received_events_url": "https://api.github.com/users/**********/received_events",
    "type": "User",
    "site_*****": *****
  }
}
  % Total    % Received % Xferd  Average Speed   Time    Time     Time  Current
                                 Dload  Upload   Total   Spent    Left  Speed
  0     0    0     0    0     0      0      0 --:--:-- --:--:-- --:--:--     0 11  1848    0     0  100   207      0    329 --:--:-- --:--:-- --:--:--   329100  1848  100  1641  100   207   2608    329 --:--:-- --:--:-- --:--:--  2608
{
  "url": "https://api.github.com/repos/entando-k8s/entando-k8s-plugin-controller/statuses/9289cd24d022108273dc81af15ac1ffe8b95f76c",
  "avatar_url": "https://avatars2.githubusercontent.com/u/57885396?v=4",
  "id": 11288184365,
  "node_id": "MDEzOlN0YXR1c0NvbnRleHQxMTI4ODE4NDM2NQ==",
  "state": "pending",
  "description": "OWASP CVE pending!",
  "target_url": "https://entando-k8s.github.io/devops-results/entando-k8s-plugin-controller/PR-16/dependency-check-report.html",
  "context": "OWASP CVE",
  "created_at": "2020-11-08T14:50:46Z",
  "updated_at": "2020-11-08T14:50:46Z",
  "creator": {
    "login": "entando-**",
    "id": 57885396,
    "node_id": "MDQ6VXNlcjU3ODg1Mzk2",
    "avatar_url": "https://avatars2.githubusercontent.com/u/57885396?v=4",
    "gravatar_id": "",
    "url": "https://api.github.com/users/entando-**",
    "html_url": "https://github.com/entando-**",
    "followers_url": "https://api.github.com/users/entando-**/followers",
    "following_url": "https://api.github.com/users/entando-**/following{/other_user}",
    "gists_url": "https://api.github.com/users/entando-**/gists{/gist_id}",
    "starred_url": "https://api.github.com/users/entando-**/starred{/owner}{/repo}",
    "subscriptions_url": "https://api.github.com/users/**********/subscriptions",
    "organizations_url": "https://api.github.com/users/entando-**/orgs",
    "repos_url": "https://api.github.com/users/**********/repos",
    "events_url": "https://api.github.com/users/entando-**/events{/privacy}",
    "received_events_url": "https://api.github.com/users/**********/received_events",
    "type": "User",
    "site_*****": *****
  }
}
Picked up _JAVA_OPTIONS: -XX:+UnlockExperimentalVMOptions -Dsun.zip.disableMemoryMapping=true -XX:+UseParallelGC -XX:MinHeapFreeRatio=5 -XX:MaxHeapFreeRatio=10 -XX:GCTimeRatio=4 -XX:AdaptiveSizePolicyWeight=90 -Xms1000m -Xmx12000m
[INFO] Scanning for projects...
[WARNING] 
[WARNING] Some problems were encountered while building the effective model for org.entando:entando-k8s-plugin-controller:jar:0.0.0-SNAPSHOT-PR-16-2
[WARNING] 'dependencyManagement.dependencies.dependency.(groupId:artifactId:type:classifier)' must be unique: org.yaml:snakeyaml:jar -> version 1.27 vs ${snakeyaml.version} @ org.entando:entando-quarkus-parent:6.2.5, /home/jenkins/.mvnrepository/org/entando/entando-quarkus-parent/6.2.5/entando-quarkus-parent-6.2.5.pom, line 283, column 25
[WARNING] 
[WARNING] It is highly recommended to fix these problems because they threaten the stability of your build.
[WARNING] 
[WARNING] For this reason, future Maven versions might no longer support building such malformed projects.
[WARNING] 
[INFO] 
[INFO] -------------< org.entando:entando-k8s-plugin-controller >--------------
[INFO] Building Entando K8S Controller for Entando Plugin Deployments 0.0.0-SNAPSHOT-PR-16-2
[INFO] --------------------------------[ jar ]---------------------------------
[INFO] 
[INFO] --- maven-checkstyle-plugin:3.1.1:check (validate) @ entando-k8s-plugin-controller ---
[INFO] Starting audit...
Audit done.
[INFO] You have 0 Checkstyle violations.
[INFO] 
[INFO] --- maven-checkstyle-plugin:3.1.1:checkstyle (validate) @ entando-k8s-plugin-controller ---
[INFO] Starting audit...
Audit done.
[INFO] 
[INFO] --- jacoco-maven-plugin:0.8.5:prepare-agent (prepare-agent) @ entando-k8s-plugin-controller ---
[INFO] argLine set to -javaagent:/home/jenkins/.mvnrepository/org/jacoco/org.jacoco.agent/0.8.5/org.jacoco.agent-0.8.5-runtime.jar=destfile=/workspace/source/target/jacoco.e**c
[INFO] 
[INFO] --- maven-resources-plugin:2.6:resources (default-resources) @ entando-k8s-plugin-controller ---
[INFO] Using 'UTF-8' encoding to copy filtered resources.
[INFO] Copying 3 resources
[INFO] 
[INFO] --- maven-compiler-plugin:3.8.1:compile (default-compile) @ entando-k8s-plugin-controller ---
[INFO] Changes detected - recompiling the module!
[INFO] Compiling 5 source files to /workspace/source/target/classes
[INFO] 
[INFO] --- maven-resources-plugin:2.6:testResources (default-testResources) @ entando-k8s-plugin-controller ---
[INFO] Using 'UTF-8' encoding to copy filtered resources.
[INFO] Copying 6 resources
[INFO] 
[INFO] --- maven-compiler-plugin:3.8.1:testCompile (default-testCompile) @ entando-k8s-plugin-controller ---
[INFO] Changes detected - recompiling the module!
[INFO] Compiling 8 source files to /workspace/source/target/test-classes
[INFO] 
[INFO] --- maven-surefire-plugin:3.0.0-M1:test (default-test) @ entando-k8s-plugin-controller ---
[INFO] 
[INFO] -------------------------------------------------------
[INFO]  T E S T S
[INFO] -------------------------------------------------------
[INFO] Running org.entando.kubernetes.controller.plugin.inprocesstests.DeployPluginTest
[ERROR] Tests run: 5, Failures: 1, Errors: 0, Skipped: 0, Time elapsed: 4.84 s <<< FAILURE! - in org.entando.kubernetes.controller.plugin.inprocesstests.DeployPluginTest
[ERROR] testDeployments  Time elapsed: 0.543 s  <<< FAILURE!
org.mockito.exceptions.verification.WantedButNotInvoked: 

Wanted but not invoked:
serviceAccountClientDouble.createRoleIfAbsent(
    CustomResourceSupport{kind='EntandoPlugin', apiVersion='null', metadata=ObjectMeta(annotations=null, clusterName=null, creationTimestamp=null, deletionGracePeriodSeconds=null, deletionTimestamp=null, finalizers=[], generateName=null, generation=null, labels=null, managedFields=[], name=my-plugin, namespace=my-plugin-namespace, ownerReferences=[], resourceVersion=null, selfLink=null, uid=null, additionalProperties={})},
    <Capturing argument>
);
-> at org.entando.kubernetes.controller.plugin.inprocesstests.DeployPluginTest.verifyServiceAccount(DeployPluginTest.java:358)

However, there were exactly 14 interactions with this mock:
serviceAccountClientDouble.findOrCreateServiceAccount(
    CustomResourceSupport{kind='EntandoPlugin', apiVersion='null', metadata=ObjectMeta(annotations=null, clusterName=null, creationTimestamp=null, deletionGracePeriodSeconds=null, deletionTimestamp=null, finalizers=[], generateName=null, generation=null, labels=null, managedFields=[], name=my-plugin, namespace=my-plugin-namespace, ownerReferences=[], resourceVersion=null, selfLink=null, uid=null, additionalProperties={})},
    "default"
);
-> at org.entando.kubernetes.controller.creators.ServiceAccountCreator.prepareServiceAccount(ServiceAccountCreator.java:66)

serviceAccountClientDouble.getNamespace(
    CustomResourceSupport{kind='EntandoPlugin', apiVersion='null', metadata=ObjectMeta(annotations=null, clusterName=null, creationTimestamp=null, deletionGracePeriodSeconds=null, deletionTimestamp=null, finalizers=[], generateName=null, generation=null, labels=null, managedFields=[], name=my-plugin, namespace=my-plugin-namespace, ownerReferences=[], resourceVersion=null, selfLink=null, uid=null, additionalProperties={})}
);
-> at org.entando.kubernetes.controller.inprocesstest.k8sclientdouble.ServiceAccountClientDouble.findOrCreateServiceAccount(ServiceAccountClientDouble.java:61)

serviceAccountClientDouble.getNamespace(
    "my-plugin-namespace"
);
-> at org.entando.kubernetes.controller.inprocesstest.k8sclientdouble.AbstractK8SClientDouble.getNamespace(AbstractK8SClientDouble.java:38)

serviceAccountClientDouble.getNamespace(
    CustomResourceSupport{kind='EntandoPlugin', apiVersion='null', metadata=ObjectMeta(annotations=null, clusterName=null, creationTimestamp=null, deletionGracePeriodSeconds=null, deletionTimestamp=null, finalizers=[], generateName=null, generation=null, labels=null, managedFields=[], name=my-plugin, namespace=my-plugin-namespace, ownerReferences=[], resourceVersion=null, selfLink=null, uid=null, additionalProperties={})}
);
-> at org.entando.kubernetes.controller.inprocesstest.k8sclientdouble.ServiceAccountClientDouble.findOrCreateServiceAccount(ServiceAccountClientDouble.java:66)

serviceAccountClientDouble.getNamespace(
    "my-plugin-namespace"
);
-> at org.entando.kubernetes.controller.inprocesstest.k8sclientdouble.AbstractK8SClientDouble.getNamespace(AbstractK8SClientDouble.java:38)

serviceAccountClientDouble.getNamespace(
    CustomResourceSupport{kind='EntandoPlugin', apiVersion='null', metadata=ObjectMeta(annotations=null, clusterName=null, creationTimestamp=null, deletionGracePeriodSeconds=null, deletionTimestamp=null, finalizers=[], generateName=null, generation=null, labels=null, managedFields=[], name=my-plugin, namespace=my-plugin-namespace, ownerReferences=[], resourceVersion=null, selfLink=null, uid=null, additionalProperties={})}
);
-> at org.entando.kubernetes.controller.inprocesstest.k8sclientdouble.ServiceAccountClientDouble$1.done(ServiceAccountClientDouble.java:72)

serviceAccountClientDouble.getNamespace(
    "my-plugin-namespace"
);
-> at org.entando.kubernetes.controller.inprocesstest.k8sclientdouble.AbstractK8SClientDouble.getNamespace(AbstractK8SClientDouble.java:38)

serviceAccountClientDouble.findOrCreateServiceAccount(
    CustomResourceSupport{kind='EntandoPlugin', apiVersion='null', metadata=ObjectMeta(annotations=null, clusterName=null, creationTimestamp=null, deletionGracePeriodSeconds=null, deletionTimestamp=null, finalizers=[], generateName=null, generation=null, labels=null, managedFields=[], name=my-plugin, namespace=my-plugin-namespace, ownerReferences=[], resourceVersion=null, selfLink=null, uid=null, additionalProperties={})},
    "entando-plugin"
);
-> at org.entando.kubernetes.controller.creators.ServiceAccountCreator.prepareServiceAccount(ServiceAccountCreator.java:66)

serviceAccountClientDouble.getNamespace(
    CustomResourceSupport{kind='EntandoPlugin', apiVersion='null', metadata=ObjectMeta(annotations=null, clusterName=null, creationTimestamp=null, deletionGracePeriodSeconds=null, deletionTimestamp=null, finalizers=[], generateName=null, generation=null, labels=null, managedFields=[], name=my-plugin, namespace=my-plugin-namespace, ownerReferences=[], resourceVersion=null, selfLink=null, uid=null, additionalProperties={})}
);
-> at org.entando.kubernetes.controller.inprocesstest.k8sclientdouble.ServiceAccountClientDouble.findOrCreateServiceAccount(ServiceAccountClientDouble.java:61)

serviceAccountClientDouble.getNamespace(
    "my-plugin-namespace"
);
-> at org.entando.kubernetes.controller.inprocesstest.k8sclientdouble.AbstractK8SClientDouble.getNamespace(AbstractK8SClientDouble.java:38)

serviceAccountClientDouble.getNamespace(
    CustomResourceSupport{kind='EntandoPlugin', apiVersion='null', metadata=ObjectMeta(annotations=null, clusterName=null, creationTimestamp=null, deletionGracePeriodSeconds=null, deletionTimestamp=null, finalizers=[], generateName=null, generation=null, labels=null, managedFields=[], name=my-plugin, namespace=my-plugin-namespace, ownerReferences=[], resourceVersion=null, selfLink=null, uid=null, additionalProperties={})}
);
-> at org.entando.kubernetes.controller.inprocesstest.k8sclientdouble.ServiceAccountClientDouble.findOrCreateServiceAccount(ServiceAccountClientDouble.java:66)

serviceAccountClientDouble.getNamespace(
    "my-plugin-namespace"
);
-> at org.entando.kubernetes.controller.inprocesstest.k8sclientdouble.AbstractK8SClientDouble.getNamespace(AbstractK8SClientDouble.java:38)

serviceAccountClientDouble.getNamespace(
    CustomResourceSupport{kind='EntandoPlugin', apiVersion='null', metadata=ObjectMeta(annotations=null, clusterName=null, creationTimestamp=null, deletionGracePeriodSeconds=null, deletionTimestamp=null, finalizers=[], generateName=null, generation=null, labels=null, managedFields=[], name=my-plugin, namespace=my-plugin-namespace, ownerReferences=[], resourceVersion=null, selfLink=null, uid=null, additionalProperties={})}
);
-> at org.entando.kubernetes.controller.inprocesstest.k8sclientdouble.ServiceAccountClientDouble$1.done(ServiceAccountClientDouble.java:72)

serviceAccountClientDouble.getNamespace(
    "my-plugin-namespace"
);
-> at org.entando.kubernetes.controller.inprocesstest.k8sclientdouble.AbstractK8SClientDouble.getNamespace(AbstractK8SClientDouble.java:38)


	at org.entando.kubernetes.controller.plugin.inprocesstests.DeployPluginTest.verifyServiceAccount(DeployPluginTest.java:358)
	at org.entando.kubernetes.controller.plugin.inprocesstests.DeployPluginTest.testDeployments(DeployPluginTest.java:350)

[INFO] Running org.entando.kubernetes.controller.plugin.inprocesstests.DeployPluginWithoutDbTest
[INFO] Tests run: 2, Failures: 0, Errors: 0, Skipped: 0, Time elapsed: 0.76 s - in org.entando.kubernetes.controller.plugin.inprocesstests.DeployPluginWithoutDbTest
[INFO] Running org.entando.kubernetes.controller.plugin.inprocesstests.DeployPluginWithoutSidecarTest
[INFO] Tests run: 1, Failures: 0, Errors: 0, Skipped: 0, Time elapsed: 0.373 s - in org.entando.kubernetes.controller.plugin.inprocesstests.DeployPluginWithoutSidecarTest
[INFO] Running org.entando.kubernetes.controller.plugin.inprocesstests.DeployPluginOnExternalDbTest
[INFO] Tests run: 3, Failures: 0, Errors: 0, Skipped: 0, Time elapsed: 1.164 s - in org.entando.kubernetes.controller.plugin.inprocesstests.DeployPluginOnExternalDbTest
[INFO] 
[INFO] Results:
[INFO] 
[ERROR] Failures: 
[ERROR]   DeployPluginTest.testDeployments:350->verifyServiceAccount:358 
Wanted but not invoked:
serviceAccountClientDouble.createRoleIfAbsent(
    CustomResourceSupport{kind='EntandoPlugin', apiVersion='null', metadata=ObjectMeta(annotations=null, clusterName=null, creationTimestamp=null, deletionGracePeriodSeconds=null, deletionTimestamp=null, finalizers=[], generateName=null, generation=null, labels=null, managedFields=[], name=my-plugin, namespace=my-plugin-namespace, ownerReferences=[], resourceVersion=null, selfLink=null, uid=null, additionalProperties={})},
    <Capturing argument>
);
-> at org.entando.kubernetes.controller.plugin.inprocesstests.DeployPluginTest.verifyServiceAccount(DeployPluginTest.java:358)

However, there were exactly 14 interactions with this mock:
serviceAccountClientDouble.findOrCreateServiceAccount(
    CustomResourceSupport{kind='EntandoPlugin', apiVersion='null', metadata=ObjectMeta(annotations=null, clusterName=null, creationTimestamp=null, deletionGracePeriodSeconds=null, deletionTimestamp=null, finalizers=[], generateName=null, generation=null, labels=null, managedFields=[], name=my-plugin, namespace=my-plugin-namespace, ownerReferences=[], resourceVersion=null, selfLink=null, uid=null, additionalProperties={})},
    "default"
);
-> at org.entando.kubernetes.controller.creators.ServiceAccountCreator.prepareServiceAccount(ServiceAccountCreator.java:66)

serviceAccountClientDouble.getNamespace(
    CustomResourceSupport{kind='EntandoPlugin', apiVersion='null', metadata=ObjectMeta(annotations=null, clusterName=null, creationTimestamp=null, deletionGracePeriodSeconds=null, deletionTimestamp=null, finalizers=[], generateName=null, generation=null, labels=null, managedFields=[], name=my-plugin, namespace=my-plugin-namespace, ownerReferences=[], resourceVersion=null, selfLink=null, uid=null, additionalProperties={})}
);
-> at org.entando.kubernetes.controller.inprocesstest.k8sclientdouble.ServiceAccountClientDouble.findOrCreateServiceAccount(ServiceAccountClientDouble.java:61)

serviceAccountClientDouble.getNamespace(
    "my-plugin-namespace"
);
-> at org.entando.kubernetes.controller.inprocesstest.k8sclientdouble.AbstractK8SClientDouble.getNamespace(AbstractK8SClientDouble.java:38)

serviceAccountClientDouble.getNamespace(
    CustomResourceSupport{kind='EntandoPlugin', apiVersion='null', metadata=ObjectMeta(annotations=null, clusterName=null, creationTimestamp=null, deletionGracePeriodSeconds=null, deletionTimestamp=null, finalizers=[], generateName=null, generation=null, labels=null, managedFields=[], name=my-plugin, namespace=my-plugin-namespace, ownerReferences=[], resourceVersion=null, selfLink=null, uid=null, additionalProperties={})}
);
-> at org.entando.kubernetes.controller.inprocesstest.k8sclientdouble.ServiceAccountClientDouble.findOrCreateServiceAccount(ServiceAccountClientDouble.java:66)

serviceAccountClientDouble.getNamespace(
    "my-plugin-namespace"
);
-> at org.entando.kubernetes.controller.inprocesstest.k8sclientdouble.AbstractK8SClientDouble.getNamespace(AbstractK8SClientDouble.java:38)

serviceAccountClientDouble.getNamespace(
    CustomResourceSupport{kind='EntandoPlugin', apiVersion='null', metadata=ObjectMeta(annotations=null, clusterName=null, creationTimestamp=null, deletionGracePeriodSeconds=null, deletionTimestamp=null, finalizers=[], generateName=null, generation=null, labels=null, managedFields=[], name=my-plugin, namespace=my-plugin-namespace, ownerReferences=[], resourceVersion=null, selfLink=null, uid=null, additionalProperties={})}
);
-> at org.entando.kubernetes.controller.inprocesstest.k8sclientdouble.ServiceAccountClientDouble$1.done(ServiceAccountClientDouble.java:72)

serviceAccountClientDouble.getNamespace(
    "my-plugin-namespace"
);
-> at org.entando.kubernetes.controller.inprocesstest.k8sclientdouble.AbstractK8SClientDouble.getNamespace(AbstractK8SClientDouble.java:38)

serviceAccountClientDouble.findOrCreateServiceAccount(
    CustomResourceSupport{kind='EntandoPlugin', apiVersion='null', metadata=ObjectMeta(annotations=null, clusterName=null, creationTimestamp=null, deletionGracePeriodSeconds=null, deletionTimestamp=null, finalizers=[], generateName=null, generation=null, labels=null, managedFields=[], name=my-plugin, namespace=my-plugin-namespace, ownerReferences=[], resourceVersion=null, selfLink=null, uid=null, additionalProperties={})},
    "entando-plugin"
);
-> at org.entando.kubernetes.controller.creators.ServiceAccountCreator.prepareServiceAccount(ServiceAccountCreator.java:66)

serviceAccountClientDouble.getNamespace(
    CustomResourceSupport{kind='EntandoPlugin', apiVersion='null', metadata=ObjectMeta(annotations=null, clusterName=null, creationTimestamp=null, deletionGracePeriodSeconds=null, deletionTimestamp=null, finalizers=[], generateName=null, generation=null, labels=null, managedFields=[], name=my-plugin, namespace=my-plugin-namespace, ownerReferences=[], resourceVersion=null, selfLink=null, uid=null, additionalProperties={})}
);
-> at org.entando.kubernetes.controller.inprocesstest.k8sclientdouble.ServiceAccountClientDouble.findOrCreateServiceAccount(ServiceAccountClientDouble.java:61)

serviceAccountClientDouble.getNamespace(
    "my-plugin-namespace"
);
-> at org.entando.kubernetes.controller.inprocesstest.k8sclientdouble.AbstractK8SClientDouble.getNamespace(AbstractK8SClientDouble.java:38)

serviceAccountClientDouble.getNamespace(
    CustomResourceSupport{kind='EntandoPlugin', apiVersion='null', metadata=ObjectMeta(annotations=null, clusterName=null, creationTimestamp=null, deletionGracePeriodSeconds=null, deletionTimestamp=null, finalizers=[], generateName=null, generation=null, labels=null, managedFields=[], name=my-plugin, namespace=my-plugin-namespace, ownerReferences=[], resourceVersion=null, selfLink=null, uid=null, additionalProperties={})}
);
-> at org.entando.kubernetes.controller.inprocesstest.k8sclientdouble.ServiceAccountClientDouble.findOrCreateServiceAccount(ServiceAccountClientDouble.java:66)

serviceAccountClientDouble.getNamespace(
    "my-plugin-namespace"
);
-> at org.entando.kubernetes.controller.inprocesstest.k8sclientdouble.AbstractK8SClientDouble.getNamespace(AbstractK8SClientDouble.java:38)

serviceAccountClientDouble.getNamespace(
    CustomResourceSupport{kind='EntandoPlugin', apiVersion='null', metadata=ObjectMeta(annotations=null, clusterName=null, creationTimestamp=null, deletionGracePeriodSeconds=null, deletionTimestamp=null, finalizers=[], generateName=null, generation=null, labels=null, managedFields=[], name=my-plugin, namespace=my-plugin-namespace, ownerReferences=[], resourceVersion=null, selfLink=null, uid=null, additionalProperties={})}
);
-> at org.entando.kubernetes.controller.inprocesstest.k8sclientdouble.ServiceAccountClientDouble$1.done(ServiceAccountClientDouble.java:72)

serviceAccountClientDouble.getNamespace(
    "my-plugin-namespace"
);
-> at org.entando.kubernetes.controller.inprocesstest.k8sclientdouble.AbstractK8SClientDouble.getNamespace(AbstractK8SClientDouble.java:38)


[INFO] 
[ERROR] Tests run: 11, Failures: 1, Errors: 0, Skipped: 0
[INFO] 
[ERROR] There are test failures.

Please refer to /workspace/source/target/surefire-reports for the individual test results.
Please refer to dump files (if any exist) [date].dump, [date]-***Run[N].dump and [date].dumpstream.
[INFO] 
[INFO] --- maven-jar-plugin:3.2.0:jar (default-jar) @ entando-k8s-plugin-controller ---
[INFO] Building jar: /workspace/source/target/entando-k8s-plugin-controller-0.0.0-SNAPSHOT-PR-16-2.jar
[INFO] 
[INFO] --- maven-jar-plugin:3.2.0:test-jar (build-test-jar) @ entando-k8s-plugin-controller ---
[INFO] Building jar: /workspace/source/target/entando-k8s-plugin-controller-0.0.0-SNAPSHOT-PR-16-2-tests.jar
[INFO] 
[INFO] --- quarkus-maven-plugin:1.2.0.Final:build (default) @ entando-k8s-plugin-controller ---
[WARNING] [io.quarkus.creator.curator.Curator] These dependencies are not recommended:
	- jakarta.xml.bind:jakarta.xml.bind-api should be replaced by org.jboss.spec.javax.xml.bind:jboss-jaxb-api_2.3_spec
	- javax.activation:activation should be replaced by com.sun.activation:jakarta.activation
You might end up with two different versions of the same classes or with an artifact you shouldn't have in your classpath.
[INFO] [org.jboss.threads] JBoss Threads version 3.0.0.Final
[INFO] [io.quarkus.deployment.pkg.steps.JarResultBuildStep] Building thin jar: /workspace/source/target/entando-k8s-plugin-controller-0.0.0-SNAPSHOT-PR-16-2-runner.jar
[INFO] [io.quarkus.deployment.QuarkusAugmentor] Quarkus augmentation completed in 1912ms
[INFO] 
[INFO] --- maven-surefire-report-plugin:3.0.0-M4:failsafe-report-only (integration-tests) @ entando-k8s-plugin-controller ---
[INFO] 
[INFO] --- dependency-check-maven:5.3.2:aggregate (default) @ entando-k8s-plugin-controller ---
[INFO] 

Dependency-Check is an open source tool performing a best effort analysis of 3rd party dependencies; ***** positives and ***** negatives may exist in the analysis performed by the tool. Use of the tool and the reporting provided constitutes acceptance for use in an AS IS condition, and there are NO warranties, implied or otherwise, with regard to the analysis or its use. Any use of the tool and the reporting provided is at the userâ€™s risk. In no event shall the copyright holder or OWASP be held liable for any damages whatsoever arising out of or in connection with the use of this tool, the analysis performed, or the resulting report.


[INFO] Analysis Started
[INFO] Finished Archive Analyzer (0 seconds)
[INFO] Finished File Name Analyzer (0 seconds)
[INFO] Finished Jar Analyzer (0 seconds)
[INFO] Finished Dependency Merging Analyzer (0 seconds)
[INFO] Finished Version Filter Analyzer (0 seconds)
[INFO] Finished Hint Analyzer (0 seconds)
[INFO] Created CPE Index (2 seconds)
[INFO] Finished CPE Analyzer (3 seconds)
[INFO] Finished False Positive Analyzer (0 seconds)
[INFO] Finished NVD CVE Analyzer (0 seconds)
[INFO] Finished Sonatype OSS Index Analyzer (1 seconds)
[INFO] Finished Vulnerability Suppression Analyzer (0 seconds)
[INFO] Finished Dependency Bundling Analyzer (0 seconds)
[INFO] Analysis Complete (7 seconds)
[INFO] 
[INFO] --- jacoco-maven-plugin:0.8.5:report (report) @ entando-k8s-plugin-controller ---
[INFO] Loading e**cution data file /workspace/source/target/jacoco.e**c
[INFO] Analyzed bundle 'Entando K8S Controller for Entando Plugin Deployments' with 5 classes
[INFO] 
[INFO] --- maven-surefire-report-plugin:3.0.0-M4:report-only (unit-tests) @ entando-k8s-plugin-controller ---
[WARNING] Unable to locate Test Source XRef to link to - DISABLED
[INFO] 
[INFO] --- maven-install-plugin:2.4:install (default-install) @ entando-k8s-plugin-controller ---
[INFO] Installing /workspace/source/target/entando-k8s-plugin-controller-0.0.0-SNAPSHOT-PR-16-2.jar to /home/jenkins/.mvnrepository/org/entando/entando-k8s-plugin-controller/0.0.0-SNAPSHOT-PR-16-2/entando-k8s-plugin-controller-0.0.0-SNAPSHOT-PR-16-2.jar
[INFO] Installing /workspace/source/pom.xml to /home/jenkins/.mvnrepository/org/entando/entando-k8s-plugin-controller/0.0.0-SNAPSHOT-PR-16-2/entando-k8s-plugin-controller-0.0.0-SNAPSHOT-PR-16-2.pom
[INFO] Installing /workspace/source/target/entando-k8s-plugin-controller-0.0.0-SNAPSHOT-PR-16-2-tests.jar to /home/jenkins/.mvnrepository/org/entando/entando-k8s-plugin-controller/0.0.0-SNAPSHOT-PR-16-2/entando-k8s-plugin-controller-0.0.0-SNAPSHOT-PR-16-2-tests.jar
[INFO] 
[INFO] -------------< org.entando:entando-k8s-plugin-controller >--------------
[INFO] Building Entando K8S Controller for Entando Plugin Deployments 0.0.0-SNAPSHOT-PR-16-2
[INFO] --------------------------------[ jar ]---------------------------------
[INFO] 
[INFO] --- sonar-maven-plugin:3.7.0.1746:sonar (default-cli) @ entando-k8s-plugin-controller ---
[INFO] User cache: /****/.sonar/cache
[INFO] SonarQube version: 8.0.0
[INFO] Default locale: "en_US", source code encoding: "UTF-8"
[INFO] Load global settings
[INFO] Load global settings (done) | time=240ms
[INFO] Server id: 1BD809FA-AWHW8ct9-T_TB3XqouNu
[INFO] User cache: /****/.sonar/cache
[INFO] Load/download plugins
[INFO] Load plugins index
[INFO] Load plugins index (done) | time=73ms
[INFO] Load/download plugins (done) | time=22073ms
[INFO] Loaded core extensions: developer-scanner
[INFO] JavaScript/TypeScript frontend is enabled
[INFO] Load project settings for component key: 'entando-k8s_entando-k8s-plugin-controller'
[INFO] Load project settings for component key: 'entando-k8s_entando-k8s-plugin-controller' (done) | time=26ms
[INFO] Process project properties
[INFO] E**cute project builders
[INFO] E**cute project builders (done) | time=1ms
[INFO] Project key: entando-k8s_entando-k8s-plugin-controller
[INFO] Base dir: /workspace/source
[INFO] Working dir: /workspace/source/target/sonar
[INFO] Load project branches
[INFO] Load project branches (done) | time=32ms
[INFO] Check ALM binding of project 'entando-k8s_entando-k8s-plugin-controller'
[INFO] Detected project binding: BOUND
[INFO] Check ALM binding of project 'entando-k8s_entando-k8s-plugin-controller' (done) | time=18ms
[INFO] Load project pull requests
[INFO] Load project pull requests (done) | time=36ms
[INFO] Load branch configuration
[INFO] Load branch configuration (done) | time=638ms
[INFO] Load quality profiles
[INFO] Load quality profiles (done) | time=67ms
[INFO] Load active rules
[INFO] Load active rules (done) | time=1195ms
[INFO] Organization key: entando-k8s
[INFO] Pull request 16 for merge into master from ENG-1447_improved_kc_config
[INFO] SCM collecting changed files in the branch
[WARNING] Exception caught during e**cution of command '[/usr/local/git/bin/git, config, --******, --edit]' in '/usr/local/git/bin', return code '128', error message 'fatal: Invalid path '/usr/local/git/etc': No such file or directory
'
[INFO] SCM collecting changed files in the branch (done) | time=327ms
[INFO] Indexing files...
[INFO] Project configuration:
[INFO] 14 files inde**d
[INFO] 0 files ignored because of scm ignore settings
[INFO] Quality profile for java: Sonar way
[INFO] Quality profile for xml: Sonar way
[INFO] ------------- Run sensors on module Entando K8S Controller for Entando Plugin Deployments
[INFO] JavaScript/TypeScript frontend is enabled
[INFO] Load metrics repository
[INFO] Load metrics repository (done) | time=31ms
WARNING: An illegal reflective access operation has occurred
WARNING: Illegal reflective access by net.sf.cglib.core.ReflectUtils$1 (file:/****/.sonar/cache/a89f1943fc75b65becd9fb4ecab8d913/sonar-tsql-plugin.jar) to method java.lang.ClassLoader.defineClass(java.lang.String,byte[],int,int,java.security.ProtectionDomain)
WARNING: Please consider reporting this to the maintainers of net.sf.cglib.core.ReflectUtils$1
WARNING: Use --illegal-access=warn to enable warnings of further illegal reflective access operations
WARNING: All illegal access operations will be denied in a future release
[INFO] Sensor JavaSquidSensor [java]
[INFO] Configured Java source version (sonar.java.source): 8
[INFO] JavaClasspath initialization
[INFO] JavaClasspath initialization (done) | time=18ms
[INFO] JavaTestClasspath initialization
[INFO] JavaTestClasspath initialization (done) | time=3ms
[INFO] Java Main Files AST scan
[INFO] 5 source files to be analyzed
[INFO] 5/5 source files have been analyzed
[INFO] Java Main Files AST scan (done) | time=2923ms
[INFO] Java Test Files AST scan
[INFO] 8 source files to be analyzed
[INFO] 8/8 source files have been analyzed
[INFO] Java Test Files AST scan (done) | time=1766ms
[INFO] Java Generated Files AST scan
[INFO] 0 source files to be analyzed
[INFO] Java Generated Files AST scan (done) | time=1ms
[INFO] 0/0 source files have been analyzed
[INFO] Sensor JavaSquidSensor [java] (done) | time=4902ms
[INFO] Sensor SonarCSS Rules [cssfamily]
[INFO] No CSS, PHP, HTML or VueJS files are found in the project. CSS analysis is skipped.
[INFO] Sensor SonarCSS Rules [cssfamily] (done) | time=1ms
[INFO] Sensor C# Properties [csharp]
[INFO] Sensor C# Properties [csharp] (done) | time=2ms
[INFO] Sensor Import of Checkstyle issues [java]
[INFO] Importing /workspace/source/target/checkstyle-result.xml
[INFO] Sensor Import of Checkstyle issues [java] (done) | time=101ms
[INFO] Sensor SurefireSensor [java]
[INFO] parsing [/workspace/source/target/surefire-reports]
[INFO] Sensor SurefireSensor [java] (done) | time=69ms
[INFO] Sensor JavaXmlSensor [java]
[INFO] 1 source files to be analyzed
[INFO] Sensor JavaXmlSensor [java] (done) | time=258ms
[INFO] 1/1 source files have been analyzed
[INFO] Sensor HTML [web]
[INFO] Sensor HTML [web] (done) | time=6ms
[INFO] Sensor XML Sensor [xml]
[INFO] 1 source files to be analyzed
[INFO] Sensor XML Sensor [xml] (done) | time=200ms
[INFO] Sensor VB.NET Properties [vbnet]
[INFO] 1/1 source files have been analyzed
[INFO] Sensor VB.NET Properties [vbnet] (done) | time=1ms
[INFO] Sensor JaCoCo XML Report Importer [jacoco]
[INFO] Importing 1 report(s). Turn your logs in debug mode in order to see the exhaustive list.
[INFO] Sensor JaCoCo XML Report Importer [jacoco] (done) | time=34ms
[INFO] Sensor ThymeLeaf template sensor [securityjavafrontend]
[INFO] Sensor ThymeLeaf template sensor [securityjavafrontend] (done) | time=2ms
[INFO] Sensor JavaSecuritySensor [security]
[INFO] Reading type hierarchy from: /workspace/source/target/sonar/ucfg2/java
[INFO] Read 68 type definitions
[INFO] Reading UCFGs from: /workspace/source/target/sonar/ucfg2/java
[INFO] 14:52:12.665791 Building Type propagation graph
[INFO] 14:52:12.676252 Running Tarjan on 145 nodes
[INFO] 14:52:12.678995 Tarjan found 145 components
[INFO] 14:52:12.682932 Variable type analysis: done
[INFO] 14:52:12.687057 Building Type propagation graph
[INFO] 14:52:12.692198 Running Tarjan on 145 nodes
[INFO] 14:52:12.693094 Tarjan found 145 components
[INFO] 14:52:12.693948 Variable type analysis: done
[INFO] Analyzing 49 ucfgs to detect vulnerabilities.
[INFO] All rules entrypoints : 0 Retained UCFGs : 0
[INFO] rule: S5131, entrypoints: 0
[INFO] rule: S5131 done
[INFO] rule: S3649, entrypoints: 0
[INFO] rule: S3649 done
[INFO] rule: S2076, entrypoints: 0
[INFO] rule: S2076 done
[INFO] rule: S2091, entrypoints: 0
[INFO] rule: S2091 done
[INFO] rule: S2078, entrypoints: 0
[INFO] rule: S2078 done
[INFO] rule: S2631, entrypoints: 0
[INFO] rule: S2631 done
[INFO] rule: S5135, entrypoints: 0
[INFO] rule: S5135 done
[INFO] rule: S2083, entrypoints: 0
[INFO] rule: S2083 done
[INFO] rule: S5167, entrypoints: 0
[INFO] rule: S5167 done
[INFO] rule: S5144, entrypoints: 0
[INFO] rule: S5144 done
[INFO] rule: S5145, entrypoints: 0
[INFO] rule: S5145 done
[INFO] rule: S5146, entrypoints: 0
[INFO] rule: S5146 done
[INFO] rule: S5334, entrypoints: 0
[INFO] rule: S5334 done
[INFO] Sensor JavaSecuritySensor [security] (done) | time=466ms
[INFO] Sensor CSharpSecuritySensor [security]
[INFO] Reading type hierarchy from: /workspace/source/target/ucfg_cs2
[INFO] Read 0 type definitions
[INFO] Reading UCFGs from: /workspace/source/target/ucfg_cs2
[INFO] No UCFGs have been included for analysis.
[INFO] Sensor CSharpSecuritySensor [security] (done) | time=1ms
[INFO] Sensor PhpSecuritySensor [security]
[INFO] Reading type hierarchy from: /workspace/source/target/sonar/ucfg2/php
[INFO] Read 0 type definitions
[INFO] Reading UCFGs from: /workspace/source/target/sonar/ucfg2/php
[INFO] No UCFGs have been included for analysis.
[INFO] Sensor PhpSecuritySensor [security] (done) | time=1ms
[INFO] Sensor PythonSecuritySensor [security]
[INFO] Reading type hierarchy from: /workspace/source/target/sonar/ucfg2/python
[INFO] Read 0 type definitions
[INFO] Reading UCFGs from: /workspace/source/target/sonar/ucfg2/python
[INFO] No UCFGs have been included for analysis.
[INFO] Sensor PythonSecuritySensor [security] (done) | time=0ms
[INFO] Sensor JsSecuritySensor [security]
[INFO] Reading type hierarchy from: /workspace/source/target/sonar/ucfg2/js
[INFO] Read 0 type definitions
[INFO] Reading UCFGs from: /workspace/source/target/sonar/ucfg2/js
[INFO] No UCFGs have been included for analysis.
[INFO] Sensor JsSecuritySensor [security] (done) | time=0ms
[INFO] ------------- Run sensors on project
[INFO] Sensor Zero Coverage Sensor
[INFO] Sensor Zero Coverage Sensor (done) | time=1ms
[INFO] Sensor Java CPD Block Inde**r
[INFO] Sensor Java CPD Block Inde**r (done) | time=43ms
[INFO] SCM Publisher SCM provider for this project is: git
[INFO] SCM Publisher 13 source files to be analyzed
[INFO] SCM Publisher 12/13 source files have been analyzed (done) | time=252ms
[WARNING] Missing blame information for the following files:
[WARNING]   * pom.xml
[WARNING] This may lead to missing/broken features in SonarCloud
[INFO] CPD E**cutor 1 file had no CPD blocks
[INFO] CPD E**cutor Calculating CPD for 4 files
[INFO] CPD E**cutor CPD calculation finished (done) | time=23ms
[INFO] SCM writing changed lines
[INFO] SCM writing changed lines (done) | time=132ms
[INFO] Analysis report generated in 324ms, dir size=320 KB
[INFO] Analysis report compressed in 46ms, zip size=98 KB
[INFO] Analysis report uploaded in 188ms
[INFO] ANALYSIS SUCCESSFUL, you can find the results at: https://sonarcloud.io/dashboard?id=entando-k8s_entando-k8s-plugin-controller&pullRequest=16
[INFO] Note that you will be able to access the updated dashboard once the server has processed the submitted analysis report
[INFO] More about the report processing at https://sonarcloud.io/api/ce/task?id=AXWoV-RisLNi72AWVVsU
[INFO] Analysis total time: 14.219 s
[INFO] ------------------------------------------------------------------------
[INFO] BUILD SUCCESS
[INFO] ------------------------------------------------------------------------
[INFO] Total time:  01:24 min
[INFO] Finished at: 2020-11-08T14:52:13Z
[INFO] ------------------------------------------------------------------------
Picked up _JAVA_OPTIONS: -XX:+UnlockExperimentalVMOptions -Dsun.zip.disableMemoryMapping=true -XX:+UseParallelGC -XX:MinHeapFreeRatio=5 -XX:MaxHeapFreeRatio=10 -XX:GCTimeRatio=4 -XX:AdaptiveSizePolicyWeight=90 -Xms1000m -Xmx12000m
[INFO] Scanning for projects...
[WARNING] 
[WARNING] Some problems were encountered while building the effective model for org.entando:entando-k8s-plugin-controller:jar:0.0.0-SNAPSHOT-PR-16-2
[WARNING] 'dependencyManagement.dependencies.dependency.(groupId:artifactId:type:classifier)' must be unique: org.yaml:snakeyaml:jar -> version 1.27 vs ${snakeyaml.version} @ org.entando:entando-quarkus-parent:6.2.5, /home/jenkins/.mvnrepository/org/entando/entando-quarkus-parent/6.2.5/entando-quarkus-parent-6.2.5.pom, line 283, column 25
[WARNING] 
[WARNING] It is highly recommended to fix these problems because they threaten the stability of your build.
[WARNING] 
[WARNING] For this reason, future Maven versions might no longer support building such malformed projects.
[WARNING] 
[INFO] 
[INFO] -------------< org.entando:entando-k8s-plugin-controller >--------------
[INFO] Building Entando K8S Controller for Entando Plugin Deployments 0.0.0-SNAPSHOT-PR-16-2
[INFO] --------------------------------[ jar ]---------------------------------
[INFO] 
[INFO] --- maven-site-plugin:3.9.0:site (default-site) @ entando-k8s-plugin-controller ---
[INFO] configuring report plugin org.apache.maven.plugins:maven-project-info-reports-plugin:3.0.0
[INFO] 9 reports configured for maven-project-info-reports-plugin:3.0.0: dependency-info, distribution-management, index, ci-management, issue-management, licenses, plugins, scm, summary
[INFO] Rendering site with default locale English (en)
[WARNING] Unable to find a URL to the parent project. The parent menu will NOT be added.
[INFO] Relativizing decoration links with respect to localized project URL: https://central.entando.com
[INFO] Rendering content with org.apache.maven.skins:maven-default-skin:jar:1.3 skin.
[INFO] Generating "Dependency Information" report --- maven-project-info-reports-plugin:3.0.0:dependency-info
[INFO] Generating "About" report         --- maven-project-info-reports-plugin:3.0.0:index
[INFO] Generating "Issue Management" report --- maven-project-info-reports-plugin:3.0.0:issue-management
[INFO] Generating "Licenses" report      --- maven-project-info-reports-plugin:3.0.0:licenses
[INFO] Generating "Plugins" report       --- maven-project-info-reports-plugin:3.0.0:plugins
[INFO] Generating "Source Code Management" report --- maven-project-info-reports-plugin:3.0.0:scm
[INFO] Generating "Summary" report       --- maven-project-info-reports-plugin:3.0.0:summary
[INFO] ------------------------------------------------------------------------
[INFO] BUILD SUCCESS
[INFO] ------------------------------------------------------------------------
[INFO] Total time:  8.505 s
[INFO] Finished at: 2020-11-08T14:52:24Z
[INFO] ------------------------------------------------------------------------
shallow cloning https://github.com/entando-k8s/devops-results.git branch gh-pages
ran git init in /tmp/jenkins-x-collect818348124
ran git add remote origin https://github.com/entando-k8s/devops-results.git in /tmp/jenkins-x-collect818348124
ran git fetch origin --depth=1 gh-pages in dir /tmp/jenkins-x-collect818348124
Publishing https://raw.githubusercontent.com/entando-k8s/devops-results/gh-pages/entando-k8s-plugin-controller/PR-16/checkstyle.html
Publishing https://raw.githubusercontent.com/entando-k8s/devops-results/gh-pages/entando-k8s-plugin-controller/PR-16/checkstyle.rss
Publishing https://raw.githubusercontent.com/entando-k8s/devops-results/gh-pages/entando-k8s-plugin-controller/PR-16/css/maven-base.css
Publishing https://raw.githubusercontent.com/entando-k8s/devops-results/gh-pages/entando-k8s-plugin-controller/PR-16/css/maven-theme.css
Publishing https://raw.githubusercontent.com/entando-k8s/devops-results/gh-pages/entando-k8s-plugin-controller/PR-16/css/print.css
Publishing https://raw.githubusercontent.com/entando-k8s/devops-results/gh-pages/entando-k8s-plugin-controller/PR-16/css/site.css
Publishing https://raw.githubusercontent.com/entando-k8s/devops-results/gh-pages/entando-k8s-plugin-controller/PR-16/dependency-check-junit.xml
Publishing https://raw.githubusercontent.com/entando-k8s/devops-results/gh-pages/entando-k8s-plugin-controller/PR-16/dependency-check-report.html
Publishing https://raw.githubusercontent.com/entando-k8s/devops-results/gh-pages/entando-k8s-plugin-controller/PR-16/dependency-check-report.xml
Publishing https://raw.githubusercontent.com/entando-k8s/devops-results/gh-pages/entando-k8s-plugin-controller/PR-16/dependency-info.html
Publishing https://raw.githubusercontent.com/entando-k8s/devops-results/gh-pages/entando-k8s-plugin-controller/PR-16/images/collapsed.gif
Publishing https://raw.githubusercontent.com/entando-k8s/devops-results/gh-pages/entando-k8s-plugin-controller/PR-16/images/expanded.gif
Publishing https://raw.githubusercontent.com/entando-k8s/devops-results/gh-pages/entando-k8s-plugin-controller/PR-16/images/external.png
Publishing https://raw.githubusercontent.com/entando-k8s/devops-results/gh-pages/entando-k8s-plugin-controller/PR-16/images/icon_error_sml.gif
Publishing https://raw.githubusercontent.com/entando-k8s/devops-results/gh-pages/entando-k8s-plugin-controller/PR-16/images/icon_info_sml.gif
Publishing https://raw.githubusercontent.com/entando-k8s/devops-results/gh-pages/entando-k8s-plugin-controller/PR-16/images/icon_success_sml.gif
Publishing https://raw.githubusercontent.com/entando-k8s/devops-results/gh-pages/entando-k8s-plugin-controller/PR-16/images/icon_warning_sml.gif
Publishing https://raw.githubusercontent.com/entando-k8s/devops-results/gh-pages/entando-k8s-plugin-controller/PR-16/images/logos/build-by-maven-black.png
Publishing https://raw.githubusercontent.com/entando-k8s/devops-results/gh-pages/entando-k8s-plugin-controller/PR-16/images/logos/build-by-maven-white.png
Publishing https://raw.githubusercontent.com/entando-k8s/devops-results/gh-pages/entando-k8s-plugin-controller/PR-16/images/logos/maven-feather.png
Publishing https://raw.githubusercontent.com/entando-k8s/devops-results/gh-pages/entando-k8s-plugin-controller/PR-16/images/newwindow.png
Publishing https://raw.githubusercontent.com/entando-k8s/devops-results/gh-pages/entando-k8s-plugin-controller/PR-16/images/rss.png
Publishing https://raw.githubusercontent.com/entando-k8s/devops-results/gh-pages/entando-k8s-plugin-controller/PR-16/index.html
Publishing https://raw.githubusercontent.com/entando-k8s/devops-results/gh-pages/entando-k8s-plugin-controller/PR-16/issue-management.html
Publishing https://raw.githubusercontent.com/entando-k8s/devops-results/gh-pages/entando-k8s-plugin-controller/PR-16/jacoco/index.html
Publishing https://raw.githubusercontent.com/entando-k8s/devops-results/gh-pages/entando-k8s-plugin-controller/PR-16/jacoco/jacoco-resources/branchfc.gif
Publishing https://raw.githubusercontent.com/entando-k8s/devops-results/gh-pages/entando-k8s-plugin-controller/PR-16/jacoco/jacoco-resources/branchnc.gif
Publishing https://raw.githubusercontent.com/entando-k8s/devops-results/gh-pages/entando-k8s-plugin-controller/PR-16/jacoco/jacoco-resources/branchpc.gif
Publishing https://raw.githubusercontent.com/entando-k8s/devops-results/gh-pages/entando-k8s-plugin-controller/PR-16/jacoco/jacoco-resources/bundle.gif
Publishing https://raw.githubusercontent.com/entando-k8s/devops-results/gh-pages/entando-k8s-plugin-controller/PR-16/jacoco/jacoco-resources/class.gif
Publishing https://raw.githubusercontent.com/entando-k8s/devops-results/gh-pages/entando-k8s-plugin-controller/PR-16/jacoco/jacoco-resources/down.gif
Publishing https://raw.githubusercontent.com/entando-k8s/devops-results/gh-pages/entando-k8s-plugin-controller/PR-16/jacoco/jacoco-resources/greenbar.gif
Publishing https://raw.githubusercontent.com/entando-k8s/devops-results/gh-pages/entando-k8s-plugin-controller/PR-16/jacoco/jacoco-resources/group.gif
Publishing https://raw.githubusercontent.com/entando-k8s/devops-results/gh-pages/entando-k8s-plugin-controller/PR-16/jacoco/jacoco-resources/method.gif
Publishing https://raw.githubusercontent.com/entando-k8s/devops-results/gh-pages/entando-k8s-plugin-controller/PR-16/jacoco/jacoco-resources/package.gif
Publishing https://raw.githubusercontent.com/entando-k8s/devops-results/gh-pages/entando-k8s-plugin-controller/PR-16/jacoco/jacoco-resources/prettify.css
Publishing https://raw.githubusercontent.com/entando-k8s/devops-results/gh-pages/entando-k8s-plugin-controller/PR-16/jacoco/jacoco-resources/prettify.js
Publishing https://raw.githubusercontent.com/entando-k8s/devops-results/gh-pages/entando-k8s-plugin-controller/PR-16/jacoco/jacoco-resources/redbar.gif
Publishing https://raw.githubusercontent.com/entando-k8s/devops-results/gh-pages/entando-k8s-plugin-controller/PR-16/jacoco/jacoco-resources/report.css
Publishing https://raw.githubusercontent.com/entando-k8s/devops-results/gh-pages/entando-k8s-plugin-controller/PR-16/jacoco/jacoco-resources/report.gif
Publishing https://raw.githubusercontent.com/entando-k8s/devops-results/gh-pages/entando-k8s-plugin-controller/PR-16/jacoco/jacoco-resources/session.gif
Publishing https://raw.githubusercontent.com/entando-k8s/devops-results/gh-pages/entando-k8s-plugin-controller/PR-16/jacoco/jacoco-resources/sort.gif
Publishing https://raw.githubusercontent.com/entando-k8s/devops-results/gh-pages/entando-k8s-plugin-controller/PR-16/jacoco/jacoco-resources/sort.js
Publishing https://raw.githubusercontent.com/entando-k8s/devops-results/gh-pages/entando-k8s-plugin-controller/PR-16/jacoco/jacoco-resources/source.gif
Publishing https://raw.githubusercontent.com/entando-k8s/devops-results/gh-pages/entando-k8s-plugin-controller/PR-16/jacoco/jacoco-resources/up.gif
Publishing https://raw.githubusercontent.com/entando-k8s/devops-results/gh-pages/entando-k8s-plugin-controller/PR-16/jacoco/jacoco-sessions.html
Publishing https://raw.githubusercontent.com/entando-k8s/devops-results/gh-pages/entando-k8s-plugin-controller/PR-16/jacoco/jacoco.csv
Publishing https://raw.githubusercontent.com/entando-k8s/devops-results/gh-pages/entando-k8s-plugin-controller/PR-16/jacoco/jacoco.xml
Publishing https://raw.githubusercontent.com/entando-k8s/devops-results/gh-pages/entando-k8s-plugin-controller/PR-16/jacoco/org.entando.kubernetes.controller.plugin/EntandoPluginController.html
Publishing https://raw.githubusercontent.com/entando-k8s/devops-results/gh-pages/entando-k8s-plugin-controller/PR-16/jacoco/org.entando.kubernetes.controller.plugin/EntandoPluginController.java.html
Publishing https://raw.githubusercontent.com/entando-k8s/devops-results/gh-pages/entando-k8s-plugin-controller/PR-16/jacoco/org.entando.kubernetes.controller.plugin/EntandoPluginDeployableContainer.html
Publishing https://raw.githubusercontent.com/entando-k8s/devops-results/gh-pages/entando-k8s-plugin-controller/PR-16/jacoco/org.entando.kubernetes.controller.plugin/EntandoPluginDeployableContainer.java.html
Publishing https://raw.githubusercontent.com/entando-k8s/devops-results/gh-pages/entando-k8s-plugin-controller/PR-16/jacoco/org.entando.kubernetes.controller.plugin/EntandoPluginDeploymentResult.html
Publishing https://raw.githubusercontent.com/entando-k8s/devops-results/gh-pages/entando-k8s-plugin-controller/PR-16/jacoco/org.entando.kubernetes.controller.plugin/EntandoPluginDeploymentResult.java.html
Publishing https://raw.githubusercontent.com/entando-k8s/devops-results/gh-pages/entando-k8s-plugin-controller/PR-16/jacoco/org.entando.kubernetes.controller.plugin/EntandoPluginServerDeployable.html
Publishing https://raw.githubusercontent.com/entando-k8s/devops-results/gh-pages/entando-k8s-plugin-controller/PR-16/jacoco/org.entando.kubernetes.controller.plugin/EntandoPluginServerDeployable.java.html
Publishing https://raw.githubusercontent.com/entando-k8s/devops-results/gh-pages/entando-k8s-plugin-controller/PR-16/jacoco/org.entando.kubernetes.controller.plugin/EntandoPluginSidecarDeployableContainer.html
Publishing https://raw.githubusercontent.com/entando-k8s/devops-results/gh-pages/entando-k8s-plugin-controller/PR-16/jacoco/org.entando.kubernetes.controller.plugin/EntandoPluginSidecarDeployableContainer.java.html
Publishing https://raw.githubusercontent.com/entando-k8s/devops-results/gh-pages/entando-k8s-plugin-controller/PR-16/jacoco/org.entando.kubernetes.controller.plugin/index.html
Publishing https://raw.githubusercontent.com/entando-k8s/devops-results/gh-pages/entando-k8s-plugin-controller/PR-16/jacoco/org.entando.kubernetes.controller.plugin/index.source.html
Publishing https://raw.githubusercontent.com/entando-k8s/devops-results/gh-pages/entando-k8s-plugin-controller/PR-16/licenses.html
Publishing https://raw.githubusercontent.com/entando-k8s/devops-results/gh-pages/entando-k8s-plugin-controller/PR-16/plugins.html
Publishing https://raw.githubusercontent.com/entando-k8s/devops-results/gh-pages/entando-k8s-plugin-controller/PR-16/project-info.html
Publishing https://raw.githubusercontent.com/entando-k8s/devops-results/gh-pages/entando-k8s-plugin-controller/PR-16/scm.html
Publishing https://raw.githubusercontent.com/entando-k8s/devops-results/gh-pages/entando-k8s-plugin-controller/PR-16/summary.html
Publishing https://raw.githubusercontent.com/entando-k8s/devops-results/gh-pages/entando-k8s-plugin-controller/PR-16/surefire-report.html
stashed: https://raw.githubusercontent.com/entando-k8s/devops-results/gh-pages/entando-k8s-plugin-controller/PR-16/checkstyle.html
stashed: https://raw.githubusercontent.com/entando-k8s/devops-results/gh-pages/entando-k8s-plugin-controller/PR-16/checkstyle.rss
stashed: https://raw.githubusercontent.com/entando-k8s/devops-results/gh-pages/entando-k8s-plugin-controller/PR-16/css/maven-base.css
stashed: https://raw.githubusercontent.com/entando-k8s/devops-results/gh-pages/entando-k8s-plugin-controller/PR-16/css/maven-theme.css
stashed: https://raw.githubusercontent.com/entando-k8s/devops-results/gh-pages/entando-k8s-plugin-controller/PR-16/css/print.css
stashed: https://raw.githubusercontent.com/entando-k8s/devops-results/gh-pages/entando-k8s-plugin-controller/PR-16/css/site.css
stashed: https://raw.githubusercontent.com/entando-k8s/devops-results/gh-pages/entando-k8s-plugin-controller/PR-16/dependency-check-junit.xml
stashed: https://raw.githubusercontent.com/entando-k8s/devops-results/gh-pages/entando-k8s-plugin-controller/PR-16/dependency-check-report.html
stashed: https://raw.githubusercontent.com/entando-k8s/devops-results/gh-pages/entando-k8s-plugin-controller/PR-16/dependency-check-report.xml
stashed: https://raw.githubusercontent.com/entando-k8s/devops-results/gh-pages/entando-k8s-plugin-controller/PR-16/dependency-info.html
stashed: https://raw.githubusercontent.com/entando-k8s/devops-results/gh-pages/entando-k8s-plugin-controller/PR-16/images/collapsed.gif
stashed: https://raw.githubusercontent.com/entando-k8s/devops-results/gh-pages/entando-k8s-plugin-controller/PR-16/images/expanded.gif
stashed: https://raw.githubusercontent.com/entando-k8s/devops-results/gh-pages/entando-k8s-plugin-controller/PR-16/images/external.png
stashed: https://raw.githubusercontent.com/entando-k8s/devops-results/gh-pages/entando-k8s-plugin-controller/PR-16/images/icon_error_sml.gif
stashed: https://raw.githubusercontent.com/entando-k8s/devops-results/gh-pages/entando-k8s-plugin-controller/PR-16/images/icon_info_sml.gif
stashed: https://raw.githubusercontent.com/entando-k8s/devops-results/gh-pages/entando-k8s-plugin-controller/PR-16/images/icon_success_sml.gif
stashed: https://raw.githubusercontent.com/entando-k8s/devops-results/gh-pages/entando-k8s-plugin-controller/PR-16/images/icon_warning_sml.gif
stashed: https://raw.githubusercontent.com/entando-k8s/devops-results/gh-pages/entando-k8s-plugin-controller/PR-16/images/logos/build-by-maven-black.png
stashed: https://raw.githubusercontent.com/entando-k8s/devops-results/gh-pages/entando-k8s-plugin-controller/PR-16/images/logos/build-by-maven-white.png
stashed: https://raw.githubusercontent.com/entando-k8s/devops-results/gh-pages/entando-k8s-plugin-controller/PR-16/images/logos/maven-feather.png
stashed: https://raw.githubusercontent.com/entando-k8s/devops-results/gh-pages/entando-k8s-plugin-controller/PR-16/images/newwindow.png
stashed: https://raw.githubusercontent.com/entando-k8s/devops-results/gh-pages/entando-k8s-plugin-controller/PR-16/images/rss.png
stashed: https://raw.githubusercontent.com/entando-k8s/devops-results/gh-pages/entando-k8s-plugin-controller/PR-16/index.html
stashed: https://raw.githubusercontent.com/entando-k8s/devops-results/gh-pages/entando-k8s-plugin-controller/PR-16/issue-management.html
stashed: https://raw.githubusercontent.com/entando-k8s/devops-results/gh-pages/entando-k8s-plugin-controller/PR-16/jacoco/index.html
stashed: https://raw.githubusercontent.com/entando-k8s/devops-results/gh-pages/entando-k8s-plugin-controller/PR-16/jacoco/jacoco-resources/branchfc.gif
stashed: https://raw.githubusercontent.com/entando-k8s/devops-results/gh-pages/entando-k8s-plugin-controller/PR-16/jacoco/jacoco-resources/branchnc.gif
stashed: https://raw.githubusercontent.com/entando-k8s/devops-results/gh-pages/entando-k8s-plugin-controller/PR-16/jacoco/jacoco-resources/branchpc.gif
stashed: https://raw.githubusercontent.com/entando-k8s/devops-results/gh-pages/entando-k8s-plugin-controller/PR-16/jacoco/jacoco-resources/bundle.gif
stashed: https://raw.githubusercontent.com/entando-k8s/devops-results/gh-pages/entando-k8s-plugin-controller/PR-16/jacoco/jacoco-resources/class.gif
stashed: https://raw.githubusercontent.com/entando-k8s/devops-results/gh-pages/entando-k8s-plugin-controller/PR-16/jacoco/jacoco-resources/down.gif
stashed: https://raw.githubusercontent.com/entando-k8s/devops-results/gh-pages/entando-k8s-plugin-controller/PR-16/jacoco/jacoco-resources/greenbar.gif
stashed: https://raw.githubusercontent.com/entando-k8s/devops-results/gh-pages/entando-k8s-plugin-controller/PR-16/jacoco/jacoco-resources/group.gif
stashed: https://raw.githubusercontent.com/entando-k8s/devops-results/gh-pages/entando-k8s-plugin-controller/PR-16/jacoco/jacoco-resources/method.gif
stashed: https://raw.githubusercontent.com/entando-k8s/devops-results/gh-pages/entando-k8s-plugin-controller/PR-16/jacoco/jacoco-resources/package.gif
stashed: https://raw.githubusercontent.com/entando-k8s/devops-results/gh-pages/entando-k8s-plugin-controller/PR-16/jacoco/jacoco-resources/prettify.css
stashed: https://raw.githubusercontent.com/entando-k8s/devops-results/gh-pages/entando-k8s-plugin-controller/PR-16/jacoco/jacoco-resources/prettify.js
stashed: https://raw.githubusercontent.com/entando-k8s/devops-results/gh-pages/entando-k8s-plugin-controller/PR-16/jacoco/jacoco-resources/redbar.gif
stashed: https://raw.githubusercontent.com/entando-k8s/devops-results/gh-pages/entando-k8s-plugin-controller/PR-16/jacoco/jacoco-resources/report.css
stashed: https://raw.githubusercontent.com/entando-k8s/devops-results/gh-pages/entando-k8s-plugin-controller/PR-16/jacoco/jacoco-resources/report.gif
stashed: https://raw.githubusercontent.com/entando-k8s/devops-results/gh-pages/entando-k8s-plugin-controller/PR-16/jacoco/jacoco-resources/session.gif
stashed: https://raw.githubusercontent.com/entando-k8s/devops-results/gh-pages/entando-k8s-plugin-controller/PR-16/jacoco/jacoco-resources/sort.gif
stashed: https://raw.githubusercontent.com/entando-k8s/devops-results/gh-pages/entando-k8s-plugin-controller/PR-16/jacoco/jacoco-resources/sort.js
stashed: https://raw.githubusercontent.com/entando-k8s/devops-results/gh-pages/entando-k8s-plugin-controller/PR-16/jacoco/jacoco-resources/source.gif
stashed: https://raw.githubusercontent.com/entando-k8s/devops-results/gh-pages/entando-k8s-plugin-controller/PR-16/jacoco/jacoco-resources/up.gif
stashed: https://raw.githubusercontent.com/entando-k8s/devops-results/gh-pages/entando-k8s-plugin-controller/PR-16/jacoco/jacoco-sessions.html
stashed: https://raw.githubusercontent.com/entando-k8s/devops-results/gh-pages/entando-k8s-plugin-controller/PR-16/jacoco/jacoco.csv
stashed: https://raw.githubusercontent.com/entando-k8s/devops-results/gh-pages/entando-k8s-plugin-controller/PR-16/jacoco/jacoco.xml
stashed: https://raw.githubusercontent.com/entando-k8s/devops-results/gh-pages/entando-k8s-plugin-controller/PR-16/jacoco/org.entando.kubernetes.controller.plugin/EntandoPluginController.html
stashed: https://raw.githubusercontent.com/entando-k8s/devops-results/gh-pages/entando-k8s-plugin-controller/PR-16/jacoco/org.entando.kubernetes.controller.plugin/EntandoPluginController.java.html
stashed: https://raw.githubusercontent.com/entando-k8s/devops-results/gh-pages/entando-k8s-plugin-controller/PR-16/jacoco/org.entando.kubernetes.controller.plugin/EntandoPluginDeployableContainer.html
stashed: https://raw.githubusercontent.com/entando-k8s/devops-results/gh-pages/entando-k8s-plugin-controller/PR-16/jacoco/org.entando.kubernetes.controller.plugin/EntandoPluginDeployableContainer.java.html
stashed: https://raw.githubusercontent.com/entando-k8s/devops-results/gh-pages/entando-k8s-plugin-controller/PR-16/jacoco/org.entando.kubernetes.controller.plugin/EntandoPluginDeploymentResult.html
stashed: https://raw.githubusercontent.com/entando-k8s/devops-results/gh-pages/entando-k8s-plugin-controller/PR-16/jacoco/org.entando.kubernetes.controller.plugin/EntandoPluginDeploymentResult.java.html
stashed: https://raw.githubusercontent.com/entando-k8s/devops-results/gh-pages/entando-k8s-plugin-controller/PR-16/jacoco/org.entando.kubernetes.controller.plugin/EntandoPluginServerDeployable.html
stashed: https://raw.githubusercontent.com/entando-k8s/devops-results/gh-pages/entando-k8s-plugin-controller/PR-16/jacoco/org.entando.kubernetes.controller.plugin/EntandoPluginServerDeployable.java.html
stashed: https://raw.githubusercontent.com/entando-k8s/devops-results/gh-pages/entando-k8s-plugin-controller/PR-16/jacoco/org.entando.kubernetes.controller.plugin/EntandoPluginSidecarDeployableContainer.html
stashed: https://raw.githubusercontent.com/entando-k8s/devops-results/gh-pages/entando-k8s-plugin-controller/PR-16/jacoco/org.entando.kubernetes.controller.plugin/EntandoPluginSidecarDeployableContainer.java.html
stashed: https://raw.githubusercontent.com/entando-k8s/devops-results/gh-pages/entando-k8s-plugin-controller/PR-16/jacoco/org.entando.kubernetes.controller.plugin/index.html
stashed: https://raw.githubusercontent.com/entando-k8s/devops-results/gh-pages/entando-k8s-plugin-controller/PR-16/jacoco/org.entando.kubernetes.controller.plugin/index.source.html
stashed: https://raw.githubusercontent.com/entando-k8s/devops-results/gh-pages/entando-k8s-plugin-controller/PR-16/licenses.html
stashed: https://raw.githubusercontent.com/entando-k8s/devops-results/gh-pages/entando-k8s-plugin-controller/PR-16/plugins.html
stashed: https://raw.githubusercontent.com/entando-k8s/devops-results/gh-pages/entando-k8s-plugin-controller/PR-16/project-info.html
stashed: https://raw.githubusercontent.com/entando-k8s/devops-results/gh-pages/entando-k8s-plugin-controller/PR-16/scm.html
stashed: https://raw.githubusercontent.com/entando-k8s/devops-results/gh-pages/entando-k8s-plugin-controller/PR-16/summary.html
stashed: https://raw.githubusercontent.com/entando-k8s/devops-results/gh-pages/entando-k8s-plugin-controller/PR-16/surefire-report.html
error: etcdserver: request is too large
Pre-deployment tests failed for entando-k8s-plugin-controller-PR-16.
  % Total    % Received % Xferd  Average Speed   Time    Time     Time  Current
                                 Dload  Upload   Total   Spent    Left  Speed
  0     0    0     0    0     0      0      0 --:--:-- --:--:-- --:--:--     0100  1876  100  1655  100   221   2412    322 --:--:-- --:--:-- --:--:--  2430
{
  "url": "https://api.github.com/repos/entando-k8s/entando-k8s-plugin-controller/statuses/9289cd24d022108273dc81af15ac1ffe8b95f76c",
  "avatar_url": "https://avatars2.githubusercontent.com/u/57885396?v=4",
  "id": 11288188489,
  "node_id": "MDEzOlN0YXR1c0NvbnRleHQxMTI4ODE4ODQ4OQ==",
  "state": "failure",
  "description": "Pre-deployment tests failure!",
  "target_url": "https://entando-k8s.github.io/devops-results/entando-k8s-plugin-controller/PR-16/surefire-report.html",
  "context": "Pre-deployment tests",
  "created_at": "2020-11-08T14:53:03Z",
  "updated_at": "2020-11-08T14:53:03Z",
  "creator": {
    "login": "entando-**",
    "id": 57885396,
    "node_id": "MDQ6VXNlcjU3ODg1Mzk2",
    "avatar_url": "https://avatars2.githubusercontent.com/u/57885396?v=4",
    "gravatar_id": "",
    "url": "https://api.github.com/users/**********",
    "html_url": "https://github.com/entando-**",
    "followers_url": "https://api.github.com/users/**********/followers",
    "following_url": "https://api.github.com/users/entando-**/following{/other_user}",
    "gists_url": "https://api.github.com/users/**********/gists{/gist_id}",
    "starred_url": "https://api.github.com/users/**********/starred{/owner}{/repo}",
    "subscriptions_url": "https://api.github.com/users/entando-**/subscriptions",
    "organizations_url": "https://api.github.com/users/entando-**/orgs",
    "repos_url": "https://api.github.com/users/**********/repos",
    "events_url": "https://api.github.com/users/**********/events{/privacy}",
    "received_events_url": "https://api.github.com/users/**********/received_events",
    "type": "User",
    "site_*****": *****
  }
}
  % Total    % Received % Xferd  Average Speed   Time    Time     Time  Current
                                 Dload  Upload   Total   Spent    Left  Speed
{
  "url": "https://api.github.com/repos/entando-k8s/entando-k8s-plugin-controller/statuses/9289cd24d022108273dc81af15ac1ffe8b95f76c",
  "avatar_url": "https://avatars2.githubusercontent.com/u/57885396?v=4",
  "id": 11288188516,
  "node_id": "MDEzOlN0YXR1c0NvbnRleHQxMTI4ODE4ODUxNg==",
  "state": "success",
  "description": "Checkstyle success!",
  "target_url": "https://entando-k8s.github.io/devops-results/entando-k8s-plugin-controller/PR-16/checkstyle.html",
  0     0    0     0    0     0      0      0 --:--:-- --:--:-- --:--:--     0 10  1826    0     0  100   196      0    323 --:--:-- --:--:-- --:--:--   323100  1826  100  1630  100   196   2689    323 --:--:-- --:--:-- --:--:--  2689
  "context": "Checkstyle",
  "created_at": "2020-11-08T14:53:04Z",
  "updated_at": "2020-11-08T14:53:04Z",
  "creator": {
    "login": "entando-**",
    "id": 57885396,
    "node_id": "MDQ6VXNlcjU3ODg1Mzk2",
    "avatar_url": "https://avatars2.githubusercontent.com/u/57885396?v=4",
    "gravatar_id": "",
    "url": "https://api.github.com/users/**********",
    "html_url": "https://github.com/**********",
    "followers_url": "https://api.github.com/users/**********/followers",
    "following_url": "https://api.github.com/users/entando-**/following{/other_user}",
    "gists_url": "https://api.github.com/users/entando-**/gists{/gist_id}",
    "starred_url": "https://api.github.com/users/entando-**/starred{/owner}{/repo}",
    "subscriptions_url": "https://api.github.com/users/entando-**/subscriptions",
    "organizations_url": "https://api.github.com/users/**********/orgs",
    "repos_url": "https://api.github.com/users/entando-**/repos",
    "events_url": "https://api.github.com/users/**********/events{/privacy}",
    "received_events_url": "https://api.github.com/users/entando-**/received_events",
    "type": "User",
    "site_*****": *****
  }
}
  % Total    % Received % Xferd  Average Speed   Time    Time     Time  Current
                                 Dload  Upload   Total   Spent    Left  Speed
{
  "url": "https://api.github.com/repos/entando-k8s/entando-k8s-plugin-controller/statuses/9289cd24d022108273dc81af15ac1ffe8b95f76c",
  "avatar_url": "https://avatars2.githubusercontent.com/u/57885396?v=4",
  "id": 11288188545,
  "node_id": "MDEzOlN0YXR1c0NvbnRleHQxMTI4ODE4ODU0NQ==",
  "state": "success",
  "description": "OWASP CVE success!",
  "target_url": "https://entando-k8s.github.io/devops-results/entando-k8s-plugin-controller/PR-16/dependency-check-report.html",
  "context": "OWASP CVE",
  "created_at": "2020-11-08T14:53:05Z",
  "updated_at": "2020-11-08T14:53:05Z",
  "creator": {
    "login": "**********",
    "id": 57885396,
    "node_id": "MDQ6VXNlcjU3ODg1Mzk2",
    "avatar_url": "https://avatars2.githubusercontent.com/u/57885396?v=4",
    "gravatar_id": "",
    "url": "https://api.github.com/users/**********",
    "html_url": "https://github.com/**********",
    "followers_url": "https://api.github.com/users/entando-**/followers",
    "following_url": "https://api.github.com/users/entando-**/following{/other_user}",
    "gists_url": "https://api.github.com/users/entando-**/gists{/gist_id}",
    "starred_url": "https://api.github.com/users/**********/starred{/owner}{/repo}",
    "subscriptions_url": "https://api.github.com/users/**********/subscriptions",
    "organizations_url": "https://api.github.com/users/**********/orgs",
    "repos_url": "https://api.github.com/users/entando-**/repos",
    "events_url": "https://api.github.com/users/**********/events{/privacy}",
    "received_events_url": "https://api.github.com/users/**********/received_events",
    "type": "User",
    "site_*****": *****
  }
}
  0     0    0     0    0     0      0      0 --:--:-- --:--:-- --:--:--     0 11  1848    0     0  100   207      0    342 --:--:-- --:--:-- --:--:--   342100  1848  100  1641  100   207   2716    342 --:--:-- --:--:-- --:--:--  2716
The following checks failed for entando-k8s-plugin-controller-PR-16:
Pre-deployment tests
[31m
Pipeline failed on stage 'from-build-pack' : container 'step-build-mvn-verify-pr'. The execution of the pipeline has stopped.[0m
